[2023-11-21T16:20:07.586+0700] {taskinstance.py:1159} INFO - Dependencies all met for dep_context=non-requeueable deps ti=<TaskInstance: tiki-stg.add_fk_review_customer manual__2023-11-21T09:16:41.986153+00:00 [queued]>
[2023-11-21T16:20:07.601+0700] {taskinstance.py:1159} INFO - Dependencies all met for dep_context=requeueable deps ti=<TaskInstance: tiki-stg.add_fk_review_customer manual__2023-11-21T09:16:41.986153+00:00 [queued]>
[2023-11-21T16:20:07.602+0700] {taskinstance.py:1361} INFO - Starting attempt 1 of 1
[2023-11-21T16:20:07.636+0700] {taskinstance.py:1382} INFO - Executing <Task(MySqlOperator): add_fk_review_customer> on 2023-11-21 09:16:41.986153+00:00
[2023-11-21T16:20:07.644+0700] {standard_task_runner.py:57} INFO - Started process 33142 to run task
[2023-11-21T16:20:07.657+0700] {standard_task_runner.py:84} INFO - Running: ['airflow', 'tasks', 'run', 'tiki-stg', 'add_fk_review_customer', 'manual__2023-11-21T09:16:41.986153+00:00', '--job-id', '54', '--raw', '--subdir', 'DAGS_FOLDER/tiki-staging.py', '--cfg-path', '/tmp/tmpgkhknmk0']
[2023-11-21T16:20:07.662+0700] {standard_task_runner.py:85} INFO - Job 54: Subtask add_fk_review_customer
[2023-11-21T16:20:07.834+0700] {task_command.py:416} INFO - Running <TaskInstance: tiki-stg.add_fk_review_customer manual__2023-11-21T09:16:41.986153+00:00 [running]> on host DESKTOP-AN95RFH.
[2023-11-21T16:20:08.178+0700] {taskinstance.py:1662} INFO - Exporting env vars: AIRFLOW_CTX_DAG_OWNER='airflow' AIRFLOW_CTX_DAG_ID='tiki-stg' AIRFLOW_CTX_TASK_ID='add_fk_review_customer' AIRFLOW_CTX_EXECUTION_DATE='2023-11-21T09:16:41.986153+00:00' AIRFLOW_CTX_TRY_NUMBER='1' AIRFLOW_CTX_DAG_RUN_ID='manual__2023-11-21T09:16:41.986153+00:00'
[2023-11-21T16:20:08.183+0700] {sql.py:274} INFO - Executing: 
    ALTER TABLE review
    ADD CONSTRAINT fk_review_customer
    FOREIGN KEY (customer_id)
    REFERENCES customer(customer_id)
[2023-11-21T16:20:08.221+0700] {base.py:73} INFO - Using connection ID 'tiki_conn' for task execution.
[2023-11-21T16:20:08.803+0700] {base.py:73} INFO - Using connection ID 'tiki_conn' for task execution.
[2023-11-21T16:20:08.825+0700] {sql.py:418} INFO - Running statement: 
    ALTER TABLE review
    ADD CONSTRAINT fk_review_customer
    FOREIGN KEY (customer_id)
    REFERENCES customer(customer_id), parameters: None
[2023-11-21T16:20:09.174+0700] {sql.py:427} INFO - Rows affected: 0
[2023-11-21T16:20:09.186+0700] {taskinstance.py:1400} INFO - Marking task as SUCCESS. dag_id=tiki-stg, task_id=add_fk_review_customer, execution_date=20231121T091641, start_date=20231121T092007, end_date=20231121T092009
[2023-11-21T16:20:09.268+0700] {local_task_job_runner.py:228} INFO - Task exited with return code 0
[2023-11-21T16:20:09.288+0700] {taskinstance.py:2778} INFO - 0 downstream tasks scheduled from follow-on schedule check
