[2023-11-21T14:09:05.203+0700] {processor.py:157} INFO - Started process (PID=19399) to work on /home/thien/stock-prediction/.venv/lib/python3.10/site-packages/airflow/example_dags/plugins/event_listener.py
[2023-11-21T14:09:05.204+0700] {processor.py:829} INFO - Processing file /home/thien/stock-prediction/.venv/lib/python3.10/site-packages/airflow/example_dags/plugins/event_listener.py for tasks to queue
[2023-11-21T14:09:05.205+0700] {logging_mixin.py:154} INFO - [2023-11-21T14:09:05.204+0700] {dagbag.py:536} INFO - Filling up the DagBag from /home/thien/stock-prediction/.venv/lib/python3.10/site-packages/airflow/example_dags/plugins/event_listener.py
[2023-11-21T14:09:05.206+0700] {processor.py:841} WARNING - No viable dags retrieved from /home/thien/stock-prediction/.venv/lib/python3.10/site-packages/airflow/example_dags/plugins/event_listener.py
[2023-11-21T14:09:05.214+0700] {processor.py:179} INFO - Processing /home/thien/stock-prediction/.venv/lib/python3.10/site-packages/airflow/example_dags/plugins/event_listener.py took 0.013 seconds
[2023-11-21T14:09:54.083+0700] {processor.py:157} INFO - Started process (PID=19709) to work on /home/thien/stock-prediction/.venv/lib/python3.10/site-packages/airflow/example_dags/plugins/event_listener.py
[2023-11-21T14:09:54.089+0700] {processor.py:829} INFO - Processing file /home/thien/stock-prediction/.venv/lib/python3.10/site-packages/airflow/example_dags/plugins/event_listener.py for tasks to queue
[2023-11-21T14:09:54.090+0700] {logging_mixin.py:154} INFO - [2023-11-21T14:09:54.089+0700] {dagbag.py:536} INFO - Filling up the DagBag from /home/thien/stock-prediction/.venv/lib/python3.10/site-packages/airflow/example_dags/plugins/event_listener.py
[2023-11-21T14:09:54.092+0700] {processor.py:841} WARNING - No viable dags retrieved from /home/thien/stock-prediction/.venv/lib/python3.10/site-packages/airflow/example_dags/plugins/event_listener.py
[2023-11-21T14:09:54.100+0700] {processor.py:179} INFO - Processing /home/thien/stock-prediction/.venv/lib/python3.10/site-packages/airflow/example_dags/plugins/event_listener.py took 0.019 seconds
[2023-11-21T14:25:14.612+0700] {processor.py:157} INFO - Started process (PID=22301) to work on /usr/local/lib/python3.10/dist-packages/airflow/example_dags/plugins/event_listener.py
[2023-11-21T14:25:14.614+0700] {processor.py:829} INFO - Processing file /usr/local/lib/python3.10/dist-packages/airflow/example_dags/plugins/event_listener.py for tasks to queue
[2023-11-21T14:25:14.615+0700] {logging_mixin.py:151} INFO - [2023-11-21T14:25:14.615+0700] {dagbag.py:536} INFO - Filling up the DagBag from /usr/local/lib/python3.10/dist-packages/airflow/example_dags/plugins/event_listener.py
[2023-11-21T14:25:14.617+0700] {processor.py:841} WARNING - No viable dags retrieved from /usr/local/lib/python3.10/dist-packages/airflow/example_dags/plugins/event_listener.py
[2023-11-21T14:25:14.631+0700] {processor.py:179} INFO - Processing /usr/local/lib/python3.10/dist-packages/airflow/example_dags/plugins/event_listener.py took 0.023 seconds
[2023-11-21T14:25:58.947+0700] {processor.py:157} INFO - Started process (PID=22411) to work on /usr/local/lib/python3.10/dist-packages/airflow/example_dags/plugins/event_listener.py
[2023-11-21T14:25:58.956+0700] {processor.py:829} INFO - Processing file /usr/local/lib/python3.10/dist-packages/airflow/example_dags/plugins/event_listener.py for tasks to queue
[2023-11-21T14:25:58.957+0700] {logging_mixin.py:151} INFO - [2023-11-21T14:25:58.957+0700] {dagbag.py:536} INFO - Filling up the DagBag from /usr/local/lib/python3.10/dist-packages/airflow/example_dags/plugins/event_listener.py
[2023-11-21T14:25:58.959+0700] {processor.py:841} WARNING - No viable dags retrieved from /usr/local/lib/python3.10/dist-packages/airflow/example_dags/plugins/event_listener.py
[2023-11-21T14:25:58.968+0700] {processor.py:179} INFO - Processing /usr/local/lib/python3.10/dist-packages/airflow/example_dags/plugins/event_listener.py took 0.024 seconds
[2023-11-21T14:26:45.342+0700] {processor.py:157} INFO - Started process (PID=22530) to work on /usr/local/lib/python3.10/dist-packages/airflow/example_dags/plugins/event_listener.py
[2023-11-21T14:26:45.351+0700] {processor.py:829} INFO - Processing file /usr/local/lib/python3.10/dist-packages/airflow/example_dags/plugins/event_listener.py for tasks to queue
[2023-11-21T14:26:45.352+0700] {logging_mixin.py:151} INFO - [2023-11-21T14:26:45.352+0700] {dagbag.py:536} INFO - Filling up the DagBag from /usr/local/lib/python3.10/dist-packages/airflow/example_dags/plugins/event_listener.py
[2023-11-21T14:26:45.354+0700] {processor.py:841} WARNING - No viable dags retrieved from /usr/local/lib/python3.10/dist-packages/airflow/example_dags/plugins/event_listener.py
[2023-11-21T14:26:45.364+0700] {processor.py:179} INFO - Processing /usr/local/lib/python3.10/dist-packages/airflow/example_dags/plugins/event_listener.py took 0.026 seconds
[2023-11-21T14:39:26.646+0700] {processor.py:157} INFO - Started process (PID=24288) to work on /usr/local/lib/python3.10/dist-packages/airflow/example_dags/plugins/event_listener.py
[2023-11-21T14:39:26.656+0700] {processor.py:829} INFO - Processing file /usr/local/lib/python3.10/dist-packages/airflow/example_dags/plugins/event_listener.py for tasks to queue
[2023-11-21T14:39:26.656+0700] {logging_mixin.py:154} INFO - [2023-11-21T14:39:26.656+0700] {dagbag.py:536} INFO - Filling up the DagBag from /usr/local/lib/python3.10/dist-packages/airflow/example_dags/plugins/event_listener.py
[2023-11-21T14:39:26.658+0700] {processor.py:841} WARNING - No viable dags retrieved from /usr/local/lib/python3.10/dist-packages/airflow/example_dags/plugins/event_listener.py
[2023-11-21T14:39:26.666+0700] {processor.py:179} INFO - Processing /usr/local/lib/python3.10/dist-packages/airflow/example_dags/plugins/event_listener.py took 0.023 seconds
