[2023-11-21T14:09:06.334+0700] {processor.py:157} INFO - Started process (PID=19403) to work on /home/thien/stock-prediction/.venv/lib/python3.10/site-packages/airflow/example_dags/plugins/workday.py
[2023-11-21T14:09:06.334+0700] {processor.py:829} INFO - Processing file /home/thien/stock-prediction/.venv/lib/python3.10/site-packages/airflow/example_dags/plugins/workday.py for tasks to queue
[2023-11-21T14:09:06.335+0700] {logging_mixin.py:154} INFO - [2023-11-21T14:09:06.335+0700] {dagbag.py:536} INFO - Filling up the DagBag from /home/thien/stock-prediction/.venv/lib/python3.10/site-packages/airflow/example_dags/plugins/workday.py
[2023-11-21T14:09:06.595+0700] {processor.py:841} WARNING - No viable dags retrieved from /home/thien/stock-prediction/.venv/lib/python3.10/site-packages/airflow/example_dags/plugins/workday.py
[2023-11-21T14:09:06.605+0700] {processor.py:179} INFO - Processing /home/thien/stock-prediction/.venv/lib/python3.10/site-packages/airflow/example_dags/plugins/workday.py took 0.274 seconds
[2023-11-21T14:09:55.037+0700] {processor.py:157} INFO - Started process (PID=19710) to work on /home/thien/stock-prediction/.venv/lib/python3.10/site-packages/airflow/example_dags/plugins/workday.py
[2023-11-21T14:09:55.047+0700] {processor.py:829} INFO - Processing file /home/thien/stock-prediction/.venv/lib/python3.10/site-packages/airflow/example_dags/plugins/workday.py for tasks to queue
[2023-11-21T14:09:55.048+0700] {logging_mixin.py:154} INFO - [2023-11-21T14:09:55.047+0700] {dagbag.py:536} INFO - Filling up the DagBag from /home/thien/stock-prediction/.venv/lib/python3.10/site-packages/airflow/example_dags/plugins/workday.py
[2023-11-21T14:09:55.303+0700] {processor.py:841} WARNING - No viable dags retrieved from /home/thien/stock-prediction/.venv/lib/python3.10/site-packages/airflow/example_dags/plugins/workday.py
[2023-11-21T14:09:55.311+0700] {processor.py:179} INFO - Processing /home/thien/stock-prediction/.venv/lib/python3.10/site-packages/airflow/example_dags/plugins/workday.py took 0.276 seconds
[2023-11-21T14:25:15.747+0700] {processor.py:157} INFO - Started process (PID=22305) to work on /usr/local/lib/python3.10/dist-packages/airflow/example_dags/plugins/workday.py
[2023-11-21T14:25:15.748+0700] {processor.py:829} INFO - Processing file /usr/local/lib/python3.10/dist-packages/airflow/example_dags/plugins/workday.py for tasks to queue
[2023-11-21T14:25:15.749+0700] {logging_mixin.py:151} INFO - [2023-11-21T14:25:15.749+0700] {dagbag.py:536} INFO - Filling up the DagBag from /usr/local/lib/python3.10/dist-packages/airflow/example_dags/plugins/workday.py
[2023-11-21T14:25:15.752+0700] {logging_mixin.py:151} INFO - [2023-11-21T14:25:15.751+0700] {workday.py:36} WARNING - Could not import pandas. Holidays will not be considered.
[2023-11-21T14:25:15.752+0700] {processor.py:841} WARNING - No viable dags retrieved from /usr/local/lib/python3.10/dist-packages/airflow/example_dags/plugins/workday.py
[2023-11-21T14:25:15.762+0700] {processor.py:179} INFO - Processing /usr/local/lib/python3.10/dist-packages/airflow/example_dags/plugins/workday.py took 0.019 seconds
[2023-11-21T14:26:00.111+0700] {processor.py:157} INFO - Started process (PID=22415) to work on /usr/local/lib/python3.10/dist-packages/airflow/example_dags/plugins/workday.py
[2023-11-21T14:26:00.113+0700] {processor.py:829} INFO - Processing file /usr/local/lib/python3.10/dist-packages/airflow/example_dags/plugins/workday.py for tasks to queue
[2023-11-21T14:26:00.114+0700] {logging_mixin.py:151} INFO - [2023-11-21T14:26:00.113+0700] {dagbag.py:536} INFO - Filling up the DagBag from /usr/local/lib/python3.10/dist-packages/airflow/example_dags/plugins/workday.py
[2023-11-21T14:26:00.116+0700] {logging_mixin.py:151} INFO - [2023-11-21T14:26:00.116+0700] {workday.py:36} WARNING - Could not import pandas. Holidays will not be considered.
[2023-11-21T14:26:00.117+0700] {processor.py:841} WARNING - No viable dags retrieved from /usr/local/lib/python3.10/dist-packages/airflow/example_dags/plugins/workday.py
[2023-11-21T14:26:00.125+0700] {processor.py:179} INFO - Processing /usr/local/lib/python3.10/dist-packages/airflow/example_dags/plugins/workday.py took 0.017 seconds
[2023-11-21T14:26:46.494+0700] {processor.py:157} INFO - Started process (PID=22531) to work on /usr/local/lib/python3.10/dist-packages/airflow/example_dags/plugins/workday.py
[2023-11-21T14:26:46.503+0700] {processor.py:829} INFO - Processing file /usr/local/lib/python3.10/dist-packages/airflow/example_dags/plugins/workday.py for tasks to queue
[2023-11-21T14:26:46.504+0700] {logging_mixin.py:151} INFO - [2023-11-21T14:26:46.504+0700] {dagbag.py:536} INFO - Filling up the DagBag from /usr/local/lib/python3.10/dist-packages/airflow/example_dags/plugins/workday.py
[2023-11-21T14:26:46.506+0700] {logging_mixin.py:151} INFO - [2023-11-21T14:26:46.506+0700] {workday.py:36} WARNING - Could not import pandas. Holidays will not be considered.
[2023-11-21T14:26:46.507+0700] {processor.py:841} WARNING - No viable dags retrieved from /usr/local/lib/python3.10/dist-packages/airflow/example_dags/plugins/workday.py
[2023-11-21T14:26:46.515+0700] {processor.py:179} INFO - Processing /usr/local/lib/python3.10/dist-packages/airflow/example_dags/plugins/workday.py took 0.024 seconds
[2023-11-21T14:39:27.792+0700] {processor.py:157} INFO - Started process (PID=24292) to work on /usr/local/lib/python3.10/dist-packages/airflow/example_dags/plugins/workday.py
[2023-11-21T14:39:27.794+0700] {processor.py:829} INFO - Processing file /usr/local/lib/python3.10/dist-packages/airflow/example_dags/plugins/workday.py for tasks to queue
[2023-11-21T14:39:27.795+0700] {logging_mixin.py:154} INFO - [2023-11-21T14:39:27.794+0700] {dagbag.py:536} INFO - Filling up the DagBag from /usr/local/lib/python3.10/dist-packages/airflow/example_dags/plugins/workday.py
[2023-11-21T14:39:27.797+0700] {logging_mixin.py:154} INFO - [2023-11-21T14:39:27.797+0700] {workday.py:36} WARNING - Could not import pandas. Holidays will not be considered.
[2023-11-21T14:39:27.797+0700] {processor.py:841} WARNING - No viable dags retrieved from /usr/local/lib/python3.10/dist-packages/airflow/example_dags/plugins/workday.py
[2023-11-21T14:39:27.805+0700] {processor.py:179} INFO - Processing /usr/local/lib/python3.10/dist-packages/airflow/example_dags/plugins/workday.py took 0.015 seconds
