[2023-11-21T16:19:31.563+0700] {taskinstance.py:1159} INFO - Dependencies all met for dep_context=non-requeueable deps ti=<TaskInstance: tiki-stg.create_review_table manual__2023-11-21T09:16:41.986153+00:00 [queued]>
[2023-11-21T16:19:31.578+0700] {taskinstance.py:1159} INFO - Dependencies all met for dep_context=requeueable deps ti=<TaskInstance: tiki-stg.create_review_table manual__2023-11-21T09:16:41.986153+00:00 [queued]>
[2023-11-21T16:19:31.578+0700] {taskinstance.py:1361} INFO - Starting attempt 1 of 1
[2023-11-21T16:19:31.612+0700] {taskinstance.py:1382} INFO - Executing <Task(MySqlOperator): create_review_table> on 2023-11-21 09:16:41.986153+00:00
[2023-11-21T16:19:31.619+0700] {standard_task_runner.py:57} INFO - Started process 33050 to run task
[2023-11-21T16:19:31.625+0700] {standard_task_runner.py:84} INFO - Running: ['airflow', 'tasks', 'run', 'tiki-stg', 'create_review_table', 'manual__2023-11-21T09:16:41.986153+00:00', '--job-id', '48', '--raw', '--subdir', 'DAGS_FOLDER/tiki-staging.py', '--cfg-path', '/tmp/tmpjwi739ej']
[2023-11-21T16:19:31.627+0700] {standard_task_runner.py:85} INFO - Job 48: Subtask create_review_table
[2023-11-21T16:19:31.692+0700] {task_command.py:416} INFO - Running <TaskInstance: tiki-stg.create_review_table manual__2023-11-21T09:16:41.986153+00:00 [running]> on host DESKTOP-AN95RFH.
[2023-11-21T16:19:31.835+0700] {taskinstance.py:1662} INFO - Exporting env vars: AIRFLOW_CTX_DAG_OWNER='airflow' AIRFLOW_CTX_DAG_ID='tiki-stg' AIRFLOW_CTX_TASK_ID='create_review_table' AIRFLOW_CTX_EXECUTION_DATE='2023-11-21T09:16:41.986153+00:00' AIRFLOW_CTX_TRY_NUMBER='1' AIRFLOW_CTX_DAG_RUN_ID='manual__2023-11-21T09:16:41.986153+00:00'
[2023-11-21T16:19:31.836+0700] {sql.py:274} INFO - Executing: 
    CREATE TABLE review(
        review_id VARCHAR(20) PRIMARY KEY,
        customer_id VARCHAR(20),
        product_id VARCHAR(20),
        seller_product_id VARCHAR(20),
        created_at DATETIME,
        rating INT,
        thank_count INT,
        title TEXT,
        content TEXT
    )
[2023-11-21T16:19:31.847+0700] {base.py:73} INFO - Using connection ID 'tiki_conn' for task execution.
[2023-11-21T16:19:32.095+0700] {base.py:73} INFO - Using connection ID 'tiki_conn' for task execution.
[2023-11-21T16:19:32.120+0700] {sql.py:418} INFO - Running statement: 
    CREATE TABLE review(
        review_id VARCHAR(20) PRIMARY KEY,
        customer_id VARCHAR(20),
        product_id VARCHAR(20),
        seller_product_id VARCHAR(20),
        created_at DATETIME,
        rating INT,
        thank_count INT,
        title TEXT,
        content TEXT
    ), parameters: None
[2023-11-21T16:19:32.235+0700] {sql.py:427} INFO - Rows affected: 0
[2023-11-21T16:19:32.260+0700] {taskinstance.py:1400} INFO - Marking task as SUCCESS. dag_id=tiki-stg, task_id=create_review_table, execution_date=20231121T091641, start_date=20231121T091931, end_date=20231121T091932
[2023-11-21T16:19:32.321+0700] {local_task_job_runner.py:228} INFO - Task exited with return code 0
[2023-11-21T16:19:32.372+0700] {taskinstance.py:2778} INFO - 1 downstream tasks scheduled from follow-on schedule check
