[2023-11-21T14:09:26.989+0700] {processor.py:157} INFO - Started process (PID=19457) to work on /home/thien/stock-prediction/.venv/lib/python3.10/site-packages/airflow/example_dags/example_kubernetes_executor.py
[2023-11-21T14:09:26.990+0700] {processor.py:829} INFO - Processing file /home/thien/stock-prediction/.venv/lib/python3.10/site-packages/airflow/example_dags/example_kubernetes_executor.py for tasks to queue
[2023-11-21T14:09:26.990+0700] {logging_mixin.py:154} INFO - [2023-11-21T14:09:26.990+0700] {dagbag.py:536} INFO - Filling up the DagBag from /home/thien/stock-prediction/.venv/lib/python3.10/site-packages/airflow/example_dags/example_kubernetes_executor.py
[2023-11-21T14:09:26.993+0700] {logging_mixin.py:154} INFO - [2023-11-21T14:09:26.993+0700] {example_kubernetes_executor.py:38} WARNING - The example_kubernetes_executor example DAG requires the kubernetes provider. Please install it with: pip install apache-airflow[cncf.kubernetes]
[2023-11-21T14:09:26.993+0700] {processor.py:841} WARNING - No viable dags retrieved from /home/thien/stock-prediction/.venv/lib/python3.10/site-packages/airflow/example_dags/example_kubernetes_executor.py
[2023-11-21T14:09:27.000+0700] {processor.py:179} INFO - Processing /home/thien/stock-prediction/.venv/lib/python3.10/site-packages/airflow/example_dags/example_kubernetes_executor.py took 0.014 seconds
[2023-11-21T14:25:35.278+0700] {processor.py:157} INFO - Started process (PID=22353) to work on /usr/local/lib/python3.10/dist-packages/airflow/example_dags/example_kubernetes_executor.py
[2023-11-21T14:25:35.287+0700] {processor.py:829} INFO - Processing file /usr/local/lib/python3.10/dist-packages/airflow/example_dags/example_kubernetes_executor.py for tasks to queue
[2023-11-21T14:25:35.287+0700] {logging_mixin.py:151} INFO - [2023-11-21T14:25:35.287+0700] {dagbag.py:536} INFO - Filling up the DagBag from /usr/local/lib/python3.10/dist-packages/airflow/example_dags/example_kubernetes_executor.py
[2023-11-21T14:25:35.290+0700] {logging_mixin.py:151} INFO - [2023-11-21T14:25:35.290+0700] {example_kubernetes_executor.py:38} WARNING - The example_kubernetes_executor example DAG requires the kubernetes provider. Please install it with: pip install apache-airflow[cncf.kubernetes]
[2023-11-21T14:25:35.290+0700] {processor.py:841} WARNING - No viable dags retrieved from /usr/local/lib/python3.10/dist-packages/airflow/example_dags/example_kubernetes_executor.py
[2023-11-21T14:25:35.298+0700] {processor.py:179} INFO - Processing /usr/local/lib/python3.10/dist-packages/airflow/example_dags/example_kubernetes_executor.py took 0.023 seconds
[2023-11-21T14:26:21.834+0700] {processor.py:157} INFO - Started process (PID=22472) to work on /usr/local/lib/python3.10/dist-packages/airflow/example_dags/example_kubernetes_executor.py
[2023-11-21T14:26:21.835+0700] {processor.py:829} INFO - Processing file /usr/local/lib/python3.10/dist-packages/airflow/example_dags/example_kubernetes_executor.py for tasks to queue
[2023-11-21T14:26:21.836+0700] {logging_mixin.py:151} INFO - [2023-11-21T14:26:21.836+0700] {dagbag.py:536} INFO - Filling up the DagBag from /usr/local/lib/python3.10/dist-packages/airflow/example_dags/example_kubernetes_executor.py
[2023-11-21T14:26:21.839+0700] {logging_mixin.py:151} INFO - [2023-11-21T14:26:21.839+0700] {example_kubernetes_executor.py:38} WARNING - The example_kubernetes_executor example DAG requires the kubernetes provider. Please install it with: pip install apache-airflow[cncf.kubernetes]
[2023-11-21T14:26:21.839+0700] {processor.py:841} WARNING - No viable dags retrieved from /usr/local/lib/python3.10/dist-packages/airflow/example_dags/example_kubernetes_executor.py
[2023-11-21T14:26:21.848+0700] {processor.py:179} INFO - Processing /usr/local/lib/python3.10/dist-packages/airflow/example_dags/example_kubernetes_executor.py took 0.016 seconds
[2023-11-21T14:27:05.946+0700] {processor.py:157} INFO - Started process (PID=22583) to work on /usr/local/lib/python3.10/dist-packages/airflow/example_dags/example_kubernetes_executor.py
[2023-11-21T14:27:05.955+0700] {processor.py:829} INFO - Processing file /usr/local/lib/python3.10/dist-packages/airflow/example_dags/example_kubernetes_executor.py for tasks to queue
[2023-11-21T14:27:05.957+0700] {logging_mixin.py:151} INFO - [2023-11-21T14:27:05.956+0700] {dagbag.py:536} INFO - Filling up the DagBag from /usr/local/lib/python3.10/dist-packages/airflow/example_dags/example_kubernetes_executor.py
[2023-11-21T14:27:05.959+0700] {logging_mixin.py:151} INFO - [2023-11-21T14:27:05.959+0700] {example_kubernetes_executor.py:38} WARNING - The example_kubernetes_executor example DAG requires the kubernetes provider. Please install it with: pip install apache-airflow[cncf.kubernetes]
[2023-11-21T14:27:05.960+0700] {processor.py:841} WARNING - No viable dags retrieved from /usr/local/lib/python3.10/dist-packages/airflow/example_dags/example_kubernetes_executor.py
[2023-11-21T14:27:05.969+0700] {processor.py:179} INFO - Processing /usr/local/lib/python3.10/dist-packages/airflow/example_dags/example_kubernetes_executor.py took 0.026 seconds
[2023-11-21T14:39:12.353+0700] {processor.py:157} INFO - Started process (PID=24248) to work on /usr/local/lib/python3.10/dist-packages/airflow/example_dags/example_kubernetes_executor.py
[2023-11-21T14:39:12.355+0700] {processor.py:829} INFO - Processing file /usr/local/lib/python3.10/dist-packages/airflow/example_dags/example_kubernetes_executor.py for tasks to queue
[2023-11-21T14:39:12.356+0700] {logging_mixin.py:154} INFO - [2023-11-21T14:39:12.356+0700] {dagbag.py:536} INFO - Filling up the DagBag from /usr/local/lib/python3.10/dist-packages/airflow/example_dags/example_kubernetes_executor.py
[2023-11-21T14:39:12.358+0700] {logging_mixin.py:154} INFO - [2023-11-21T14:39:12.358+0700] {example_kubernetes_executor.py:38} WARNING - The example_kubernetes_executor example DAG requires the kubernetes provider. Please install it with: pip install apache-airflow[cncf.kubernetes]
[2023-11-21T14:39:12.358+0700] {processor.py:841} WARNING - No viable dags retrieved from /usr/local/lib/python3.10/dist-packages/airflow/example_dags/example_kubernetes_executor.py
[2023-11-21T14:39:12.367+0700] {processor.py:179} INFO - Processing /usr/local/lib/python3.10/dist-packages/airflow/example_dags/example_kubernetes_executor.py took 0.016 seconds
