[2023-11-21T14:09:11.303+0700] {processor.py:157} INFO - Started process (PID=19420) to work on /home/thien/stock-prediction/.venv/lib/python3.10/site-packages/airflow/example_dags/example_dynamic_task_mapping_with_no_taskflow_operators.py
[2023-11-21T14:09:11.304+0700] {processor.py:829} INFO - Processing file /home/thien/stock-prediction/.venv/lib/python3.10/site-packages/airflow/example_dags/example_dynamic_task_mapping_with_no_taskflow_operators.py for tasks to queue
[2023-11-21T14:09:11.305+0700] {logging_mixin.py:154} INFO - [2023-11-21T14:09:11.304+0700] {dagbag.py:536} INFO - Filling up the DagBag from /home/thien/stock-prediction/.venv/lib/python3.10/site-packages/airflow/example_dags/example_dynamic_task_mapping_with_no_taskflow_operators.py
[2023-11-21T14:09:11.310+0700] {processor.py:839} INFO - DAG(s) dict_keys(['example_dynamic_task_mapping_with_no_taskflow_operators']) retrieved from /home/thien/stock-prediction/.venv/lib/python3.10/site-packages/airflow/example_dags/example_dynamic_task_mapping_with_no_taskflow_operators.py
[2023-11-21T14:09:11.409+0700] {logging_mixin.py:154} INFO - [2023-11-21T14:09:11.409+0700] {manager.py:499} INFO - Created Permission View: %s
[2023-11-21T14:09:11.433+0700] {logging_mixin.py:154} INFO - [2023-11-21T14:09:11.432+0700] {manager.py:499} INFO - Created Permission View: %s
[2023-11-21T14:09:11.449+0700] {logging_mixin.py:154} INFO - [2023-11-21T14:09:11.449+0700] {manager.py:499} INFO - Created Permission View: %s
[2023-11-21T14:09:11.450+0700] {logging_mixin.py:154} INFO - [2023-11-21T14:09:11.449+0700] {dag.py:2941} INFO - Sync 1 DAGs
[2023-11-21T14:09:11.457+0700] {logging_mixin.py:154} INFO - [2023-11-21T14:09:11.457+0700] {dag.py:2963} INFO - Creating ORM DAG for example_dynamic_task_mapping_with_no_taskflow_operators
[2023-11-21T14:09:11.464+0700] {logging_mixin.py:154} INFO - [2023-11-21T14:09:11.464+0700] {dag.py:3722} INFO - Setting next_dagrun for example_dynamic_task_mapping_with_no_taskflow_operators to 2023-11-20T07:09:11.463824+00:00, run_after=2023-11-21T07:09:11.463824+00:00
[2023-11-21T14:09:11.493+0700] {processor.py:179} INFO - Processing /home/thien/stock-prediction/.venv/lib/python3.10/site-packages/airflow/example_dags/example_dynamic_task_mapping_with_no_taskflow_operators.py took 0.192 seconds
[2023-11-21T14:25:19.733+0700] {processor.py:157} INFO - Started process (PID=22315) to work on /usr/local/lib/python3.10/dist-packages/airflow/example_dags/example_dynamic_task_mapping_with_no_taskflow_operators.py
[2023-11-21T14:25:19.734+0700] {processor.py:829} INFO - Processing file /usr/local/lib/python3.10/dist-packages/airflow/example_dags/example_dynamic_task_mapping_with_no_taskflow_operators.py for tasks to queue
[2023-11-21T14:25:19.735+0700] {logging_mixin.py:151} INFO - [2023-11-21T14:25:19.735+0700] {dagbag.py:536} INFO - Filling up the DagBag from /usr/local/lib/python3.10/dist-packages/airflow/example_dags/example_dynamic_task_mapping_with_no_taskflow_operators.py
[2023-11-21T14:25:19.742+0700] {processor.py:839} INFO - DAG(s) dict_keys(['example_dynamic_task_mapping_with_no_taskflow_operators']) retrieved from /usr/local/lib/python3.10/dist-packages/airflow/example_dags/example_dynamic_task_mapping_with_no_taskflow_operators.py
[2023-11-21T14:25:19.751+0700] {logging_mixin.py:151} INFO - [2023-11-21T14:25:19.751+0700] {dag.py:2941} INFO - Sync 1 DAGs
[2023-11-21T14:25:19.769+0700] {logging_mixin.py:151} INFO - [2023-11-21T14:25:19.769+0700] {dag.py:3722} INFO - Setting next_dagrun for example_dynamic_task_mapping_with_no_taskflow_operators to 2023-11-20T07:25:19.769195+00:00, run_after=2023-11-21T07:25:19.769195+00:00
[2023-11-21T14:25:19.799+0700] {processor.py:179} INFO - Processing /usr/local/lib/python3.10/dist-packages/airflow/example_dags/example_dynamic_task_mapping_with_no_taskflow_operators.py took 0.069 seconds
[2023-11-21T14:26:04.127+0700] {processor.py:157} INFO - Started process (PID=22428) to work on /usr/local/lib/python3.10/dist-packages/airflow/example_dags/example_dynamic_task_mapping_with_no_taskflow_operators.py
[2023-11-21T14:26:04.128+0700] {processor.py:829} INFO - Processing file /usr/local/lib/python3.10/dist-packages/airflow/example_dags/example_dynamic_task_mapping_with_no_taskflow_operators.py for tasks to queue
[2023-11-21T14:26:04.129+0700] {logging_mixin.py:151} INFO - [2023-11-21T14:26:04.129+0700] {dagbag.py:536} INFO - Filling up the DagBag from /usr/local/lib/python3.10/dist-packages/airflow/example_dags/example_dynamic_task_mapping_with_no_taskflow_operators.py
[2023-11-21T14:26:04.137+0700] {processor.py:839} INFO - DAG(s) dict_keys(['example_dynamic_task_mapping_with_no_taskflow_operators']) retrieved from /usr/local/lib/python3.10/dist-packages/airflow/example_dags/example_dynamic_task_mapping_with_no_taskflow_operators.py
[2023-11-21T14:26:04.150+0700] {logging_mixin.py:151} INFO - [2023-11-21T14:26:04.150+0700] {dag.py:2941} INFO - Sync 1 DAGs
[2023-11-21T14:26:04.168+0700] {logging_mixin.py:151} INFO - [2023-11-21T14:26:04.168+0700] {dag.py:3722} INFO - Setting next_dagrun for example_dynamic_task_mapping_with_no_taskflow_operators to 2023-11-20T07:26:04.168210+00:00, run_after=2023-11-21T07:26:04.168210+00:00
[2023-11-21T14:26:04.198+0700] {processor.py:179} INFO - Processing /usr/local/lib/python3.10/dist-packages/airflow/example_dags/example_dynamic_task_mapping_with_no_taskflow_operators.py took 0.073 seconds
[2023-11-21T14:26:50.051+0700] {processor.py:157} INFO - Started process (PID=22541) to work on /usr/local/lib/python3.10/dist-packages/airflow/example_dags/example_dynamic_task_mapping_with_no_taskflow_operators.py
[2023-11-21T14:26:50.053+0700] {processor.py:829} INFO - Processing file /usr/local/lib/python3.10/dist-packages/airflow/example_dags/example_dynamic_task_mapping_with_no_taskflow_operators.py for tasks to queue
[2023-11-21T14:26:50.053+0700] {logging_mixin.py:151} INFO - [2023-11-21T14:26:50.053+0700] {dagbag.py:536} INFO - Filling up the DagBag from /usr/local/lib/python3.10/dist-packages/airflow/example_dags/example_dynamic_task_mapping_with_no_taskflow_operators.py
[2023-11-21T14:26:50.060+0700] {processor.py:839} INFO - DAG(s) dict_keys(['example_dynamic_task_mapping_with_no_taskflow_operators']) retrieved from /usr/local/lib/python3.10/dist-packages/airflow/example_dags/example_dynamic_task_mapping_with_no_taskflow_operators.py
[2023-11-21T14:26:50.072+0700] {logging_mixin.py:151} INFO - [2023-11-21T14:26:50.072+0700] {dag.py:2941} INFO - Sync 1 DAGs
[2023-11-21T14:26:50.088+0700] {logging_mixin.py:151} INFO - [2023-11-21T14:26:50.087+0700] {dag.py:3722} INFO - Setting next_dagrun for example_dynamic_task_mapping_with_no_taskflow_operators to 2023-11-20T07:26:50.087637+00:00, run_after=2023-11-21T07:26:50.087637+00:00
[2023-11-21T14:26:50.114+0700] {processor.py:179} INFO - Processing /usr/local/lib/python3.10/dist-packages/airflow/example_dags/example_dynamic_task_mapping_with_no_taskflow_operators.py took 0.065 seconds
[2023-11-21T14:38:50.125+0700] {processor.py:157} INFO - Started process (PID=24180) to work on /usr/local/lib/python3.10/dist-packages/airflow/example_dags/example_dynamic_task_mapping_with_no_taskflow_operators.py
[2023-11-21T14:38:50.127+0700] {processor.py:829} INFO - Processing file /usr/local/lib/python3.10/dist-packages/airflow/example_dags/example_dynamic_task_mapping_with_no_taskflow_operators.py for tasks to queue
[2023-11-21T14:38:50.127+0700] {logging_mixin.py:154} INFO - [2023-11-21T14:38:50.127+0700] {dagbag.py:536} INFO - Filling up the DagBag from /usr/local/lib/python3.10/dist-packages/airflow/example_dags/example_dynamic_task_mapping_with_no_taskflow_operators.py
[2023-11-21T14:38:50.136+0700] {processor.py:839} INFO - DAG(s) dict_keys(['example_dynamic_task_mapping_with_no_taskflow_operators']) retrieved from /usr/local/lib/python3.10/dist-packages/airflow/example_dags/example_dynamic_task_mapping_with_no_taskflow_operators.py
[2023-11-21T14:38:50.143+0700] {logging_mixin.py:154} INFO - [2023-11-21T14:38:50.143+0700] {dag.py:2941} INFO - Sync 1 DAGs
[2023-11-21T14:38:50.160+0700] {logging_mixin.py:154} INFO - [2023-11-21T14:38:50.159+0700] {dag.py:3722} INFO - Setting next_dagrun for example_dynamic_task_mapping_with_no_taskflow_operators to 2023-11-20T07:38:50.159701+00:00, run_after=2023-11-21T07:38:50.159701+00:00
[2023-11-21T14:38:50.197+0700] {processor.py:179} INFO - Processing /usr/local/lib/python3.10/dist-packages/airflow/example_dags/example_dynamic_task_mapping_with_no_taskflow_operators.py took 0.074 seconds
[2023-11-21T14:39:34.172+0700] {processor.py:157} INFO - Started process (PID=24315) to work on /usr/local/lib/python3.10/dist-packages/airflow/example_dags/example_dynamic_task_mapping_with_no_taskflow_operators.py
[2023-11-21T14:39:34.182+0700] {processor.py:829} INFO - Processing file /usr/local/lib/python3.10/dist-packages/airflow/example_dags/example_dynamic_task_mapping_with_no_taskflow_operators.py for tasks to queue
[2023-11-21T14:39:34.183+0700] {logging_mixin.py:154} INFO - [2023-11-21T14:39:34.183+0700] {dagbag.py:536} INFO - Filling up the DagBag from /usr/local/lib/python3.10/dist-packages/airflow/example_dags/example_dynamic_task_mapping_with_no_taskflow_operators.py
[2023-11-21T14:39:34.190+0700] {processor.py:839} INFO - DAG(s) dict_keys(['example_dynamic_task_mapping_with_no_taskflow_operators']) retrieved from /usr/local/lib/python3.10/dist-packages/airflow/example_dags/example_dynamic_task_mapping_with_no_taskflow_operators.py
[2023-11-21T14:39:34.203+0700] {logging_mixin.py:154} INFO - [2023-11-21T14:39:34.203+0700] {dag.py:2941} INFO - Sync 1 DAGs
[2023-11-21T14:39:34.220+0700] {logging_mixin.py:154} INFO - [2023-11-21T14:39:34.220+0700] {dag.py:3722} INFO - Setting next_dagrun for example_dynamic_task_mapping_with_no_taskflow_operators to 2023-11-20T07:39:34.220511+00:00, run_after=2023-11-21T07:39:34.220511+00:00
[2023-11-21T14:39:34.254+0700] {processor.py:179} INFO - Processing /usr/local/lib/python3.10/dist-packages/airflow/example_dags/example_dynamic_task_mapping_with_no_taskflow_operators.py took 0.084 seconds
