[2023-11-21T14:08:53.732+0700] {processor.py:157} INFO - Started process (PID=19302) to work on /home/thien/stock-prediction/.venv/lib/python3.10/site-packages/airflow/example_dags/example_xcomargs.py
[2023-11-21T14:08:53.733+0700] {processor.py:829} INFO - Processing file /home/thien/stock-prediction/.venv/lib/python3.10/site-packages/airflow/example_dags/example_xcomargs.py for tasks to queue
[2023-11-21T14:08:53.734+0700] {logging_mixin.py:154} INFO - [2023-11-21T14:08:53.733+0700] {dagbag.py:536} INFO - Filling up the DagBag from /home/thien/stock-prediction/.venv/lib/python3.10/site-packages/airflow/example_dags/example_xcomargs.py
[2023-11-21T14:08:53.743+0700] {processor.py:839} INFO - DAG(s) dict_keys(['example_xcom_args_with_operators', 'example_xcom_args']) retrieved from /home/thien/stock-prediction/.venv/lib/python3.10/site-packages/airflow/example_dags/example_xcomargs.py
[2023-11-21T14:08:53.848+0700] {logging_mixin.py:154} INFO - [2023-11-21T14:08:53.847+0700] {manager.py:499} INFO - Created Permission View: %s
[2023-11-21T14:08:53.868+0700] {logging_mixin.py:154} INFO - [2023-11-21T14:08:53.868+0700] {manager.py:499} INFO - Created Permission View: %s
[2023-11-21T14:08:53.887+0700] {logging_mixin.py:154} INFO - [2023-11-21T14:08:53.887+0700] {manager.py:499} INFO - Created Permission View: %s
[2023-11-21T14:08:53.928+0700] {logging_mixin.py:154} INFO - [2023-11-21T14:08:53.928+0700] {manager.py:499} INFO - Created Permission View: %s
[2023-11-21T14:08:53.943+0700] {logging_mixin.py:154} INFO - [2023-11-21T14:08:53.943+0700] {manager.py:499} INFO - Created Permission View: %s
[2023-11-21T14:08:53.961+0700] {logging_mixin.py:154} INFO - [2023-11-21T14:08:53.961+0700] {manager.py:499} INFO - Created Permission View: %s
[2023-11-21T14:08:53.961+0700] {logging_mixin.py:154} INFO - [2023-11-21T14:08:53.961+0700] {dag.py:2941} INFO - Sync 2 DAGs
[2023-11-21T14:08:53.970+0700] {logging_mixin.py:154} INFO - [2023-11-21T14:08:53.970+0700] {dag.py:2963} INFO - Creating ORM DAG for example_xcom_args
[2023-11-21T14:08:53.971+0700] {logging_mixin.py:154} INFO - [2023-11-21T14:08:53.971+0700] {dag.py:2963} INFO - Creating ORM DAG for example_xcom_args_with_operators
[2023-11-21T14:08:53.971+0700] {logging_mixin.py:154} INFO - [2023-11-21T14:08:53.971+0700] {dag.py:3722} INFO - Setting next_dagrun for example_xcom_args to None, run_after=None
[2023-11-21T14:08:53.972+0700] {logging_mixin.py:154} INFO - [2023-11-21T14:08:53.971+0700] {dag.py:3722} INFO - Setting next_dagrun for example_xcom_args_with_operators to None, run_after=None
[2023-11-21T14:08:54.001+0700] {processor.py:179} INFO - Processing /home/thien/stock-prediction/.venv/lib/python3.10/site-packages/airflow/example_dags/example_xcomargs.py took 0.272 seconds
[2023-11-21T14:09:44.800+0700] {processor.py:157} INFO - Started process (PID=19624) to work on /home/thien/stock-prediction/.venv/lib/python3.10/site-packages/airflow/example_dags/example_xcomargs.py
[2023-11-21T14:09:44.802+0700] {processor.py:829} INFO - Processing file /home/thien/stock-prediction/.venv/lib/python3.10/site-packages/airflow/example_dags/example_xcomargs.py for tasks to queue
[2023-11-21T14:09:44.804+0700] {logging_mixin.py:154} INFO - [2023-11-21T14:09:44.803+0700] {dagbag.py:536} INFO - Filling up the DagBag from /home/thien/stock-prediction/.venv/lib/python3.10/site-packages/airflow/example_dags/example_xcomargs.py
[2023-11-21T14:09:44.817+0700] {processor.py:839} INFO - DAG(s) dict_keys(['example_xcom_args', 'example_xcom_args_with_operators']) retrieved from /home/thien/stock-prediction/.venv/lib/python3.10/site-packages/airflow/example_dags/example_xcomargs.py
[2023-11-21T14:09:44.878+0700] {logging_mixin.py:154} INFO - [2023-11-21T14:09:44.877+0700] {dag.py:2941} INFO - Sync 2 DAGs
[2023-11-21T14:09:44.903+0700] {logging_mixin.py:154} INFO - [2023-11-21T14:09:44.903+0700] {dag.py:3722} INFO - Setting next_dagrun for example_xcom_args to None, run_after=None
[2023-11-21T14:09:44.909+0700] {logging_mixin.py:154} INFO - [2023-11-21T14:09:44.909+0700] {dag.py:3722} INFO - Setting next_dagrun for example_xcom_args_with_operators to None, run_after=None
[2023-11-21T14:09:44.943+0700] {processor.py:179} INFO - Processing /home/thien/stock-prediction/.venv/lib/python3.10/site-packages/airflow/example_dags/example_xcomargs.py took 0.147 seconds
[2023-11-21T14:25:07.164+0700] {processor.py:157} INFO - Started process (PID=22277) to work on /usr/local/lib/python3.10/dist-packages/airflow/example_dags/example_xcomargs.py
[2023-11-21T14:25:07.165+0700] {processor.py:829} INFO - Processing file /usr/local/lib/python3.10/dist-packages/airflow/example_dags/example_xcomargs.py for tasks to queue
[2023-11-21T14:25:07.166+0700] {logging_mixin.py:151} INFO - [2023-11-21T14:25:07.166+0700] {dagbag.py:536} INFO - Filling up the DagBag from /usr/local/lib/python3.10/dist-packages/airflow/example_dags/example_xcomargs.py
[2023-11-21T14:25:07.174+0700] {processor.py:839} INFO - DAG(s) dict_keys(['example_xcom_args', 'example_xcom_args_with_operators']) retrieved from /usr/local/lib/python3.10/dist-packages/airflow/example_dags/example_xcomargs.py
[2023-11-21T14:25:07.183+0700] {logging_mixin.py:151} INFO - [2023-11-21T14:25:07.182+0700] {dag.py:2941} INFO - Sync 2 DAGs
[2023-11-21T14:25:07.195+0700] {logging_mixin.py:151} INFO - [2023-11-21T14:25:07.195+0700] {dag.py:3722} INFO - Setting next_dagrun for example_xcom_args to None, run_after=None
[2023-11-21T14:25:07.198+0700] {logging_mixin.py:151} INFO - [2023-11-21T14:25:07.198+0700] {dag.py:3722} INFO - Setting next_dagrun for example_xcom_args_with_operators to None, run_after=None
[2023-11-21T14:25:07.234+0700] {processor.py:179} INFO - Processing /usr/local/lib/python3.10/dist-packages/airflow/example_dags/example_xcomargs.py took 0.072 seconds
[2023-11-21T14:25:51.963+0700] {processor.py:157} INFO - Started process (PID=22394) to work on /usr/local/lib/python3.10/dist-packages/airflow/example_dags/example_xcomargs.py
[2023-11-21T14:25:51.964+0700] {processor.py:829} INFO - Processing file /usr/local/lib/python3.10/dist-packages/airflow/example_dags/example_xcomargs.py for tasks to queue
[2023-11-21T14:25:51.965+0700] {logging_mixin.py:151} INFO - [2023-11-21T14:25:51.965+0700] {dagbag.py:536} INFO - Filling up the DagBag from /usr/local/lib/python3.10/dist-packages/airflow/example_dags/example_xcomargs.py
[2023-11-21T14:25:51.973+0700] {processor.py:839} INFO - DAG(s) dict_keys(['example_xcom_args_with_operators', 'example_xcom_args']) retrieved from /usr/local/lib/python3.10/dist-packages/airflow/example_dags/example_xcomargs.py
[2023-11-21T14:25:51.988+0700] {logging_mixin.py:151} INFO - [2023-11-21T14:25:51.988+0700] {dag.py:2941} INFO - Sync 2 DAGs
[2023-11-21T14:25:51.998+0700] {logging_mixin.py:151} INFO - [2023-11-21T14:25:51.997+0700] {dag.py:3722} INFO - Setting next_dagrun for example_xcom_args to None, run_after=None
[2023-11-21T14:25:52.000+0700] {logging_mixin.py:151} INFO - [2023-11-21T14:25:52.000+0700] {dag.py:3722} INFO - Setting next_dagrun for example_xcom_args_with_operators to None, run_after=None
[2023-11-21T14:25:52.027+0700] {processor.py:179} INFO - Processing /usr/local/lib/python3.10/dist-packages/airflow/example_dags/example_xcomargs.py took 0.067 seconds
[2023-11-21T14:26:38.457+0700] {processor.py:157} INFO - Started process (PID=22513) to work on /usr/local/lib/python3.10/dist-packages/airflow/example_dags/example_xcomargs.py
[2023-11-21T14:26:38.466+0700] {processor.py:829} INFO - Processing file /usr/local/lib/python3.10/dist-packages/airflow/example_dags/example_xcomargs.py for tasks to queue
[2023-11-21T14:26:38.467+0700] {logging_mixin.py:151} INFO - [2023-11-21T14:26:38.467+0700] {dagbag.py:536} INFO - Filling up the DagBag from /usr/local/lib/python3.10/dist-packages/airflow/example_dags/example_xcomargs.py
[2023-11-21T14:26:38.474+0700] {processor.py:839} INFO - DAG(s) dict_keys(['example_xcom_args_with_operators', 'example_xcom_args']) retrieved from /usr/local/lib/python3.10/dist-packages/airflow/example_dags/example_xcomargs.py
[2023-11-21T14:26:38.491+0700] {logging_mixin.py:151} INFO - [2023-11-21T14:26:38.490+0700] {dag.py:2941} INFO - Sync 2 DAGs
[2023-11-21T14:26:38.500+0700] {logging_mixin.py:151} INFO - [2023-11-21T14:26:38.500+0700] {dag.py:3722} INFO - Setting next_dagrun for example_xcom_args to None, run_after=None
[2023-11-21T14:26:38.502+0700] {logging_mixin.py:151} INFO - [2023-11-21T14:26:38.502+0700] {dag.py:3722} INFO - Setting next_dagrun for example_xcom_args_with_operators to None, run_after=None
[2023-11-21T14:26:38.539+0700] {processor.py:179} INFO - Processing /usr/local/lib/python3.10/dist-packages/airflow/example_dags/example_xcomargs.py took 0.086 seconds
[2023-11-21T14:39:14.614+0700] {processor.py:157} INFO - Started process (PID=24253) to work on /usr/local/lib/python3.10/dist-packages/airflow/example_dags/example_xcomargs.py
[2023-11-21T14:39:14.616+0700] {processor.py:829} INFO - Processing file /usr/local/lib/python3.10/dist-packages/airflow/example_dags/example_xcomargs.py for tasks to queue
[2023-11-21T14:39:14.617+0700] {logging_mixin.py:154} INFO - [2023-11-21T14:39:14.617+0700] {dagbag.py:536} INFO - Filling up the DagBag from /usr/local/lib/python3.10/dist-packages/airflow/example_dags/example_xcomargs.py
[2023-11-21T14:39:14.624+0700] {processor.py:839} INFO - DAG(s) dict_keys(['example_xcom_args_with_operators', 'example_xcom_args']) retrieved from /usr/local/lib/python3.10/dist-packages/airflow/example_dags/example_xcomargs.py
[2023-11-21T14:39:14.640+0700] {logging_mixin.py:154} INFO - [2023-11-21T14:39:14.640+0700] {dag.py:2941} INFO - Sync 2 DAGs
[2023-11-21T14:39:14.650+0700] {logging_mixin.py:154} INFO - [2023-11-21T14:39:14.650+0700] {dag.py:3722} INFO - Setting next_dagrun for example_xcom_args to None, run_after=None
[2023-11-21T14:39:14.653+0700] {logging_mixin.py:154} INFO - [2023-11-21T14:39:14.653+0700] {dag.py:3722} INFO - Setting next_dagrun for example_xcom_args_with_operators to None, run_after=None
[2023-11-21T14:39:14.678+0700] {processor.py:179} INFO - Processing /usr/local/lib/python3.10/dist-packages/airflow/example_dags/example_xcomargs.py took 0.067 seconds
