[2023-11-21T14:08:33.231+0700] {processor.py:157} INFO - Started process (PID=19018) to work on /home/thien/stock-prediction/.venv/lib/python3.10/site-packages/airflow/example_dags/example_short_circuit_decorator.py
[2023-11-21T14:08:33.232+0700] {processor.py:829} INFO - Processing file /home/thien/stock-prediction/.venv/lib/python3.10/site-packages/airflow/example_dags/example_short_circuit_decorator.py for tasks to queue
[2023-11-21T14:08:33.233+0700] {logging_mixin.py:154} INFO - [2023-11-21T14:08:33.233+0700] {dagbag.py:536} INFO - Filling up the DagBag from /home/thien/stock-prediction/.venv/lib/python3.10/site-packages/airflow/example_dags/example_short_circuit_decorator.py
[2023-11-21T14:08:33.245+0700] {processor.py:839} INFO - DAG(s) dict_keys(['example_short_circuit_decorator']) retrieved from /home/thien/stock-prediction/.venv/lib/python3.10/site-packages/airflow/example_dags/example_short_circuit_decorator.py
[2023-11-21T14:08:33.368+0700] {logging_mixin.py:154} INFO - [2023-11-21T14:08:33.368+0700] {manager.py:499} INFO - Created Permission View: %s
[2023-11-21T14:08:33.388+0700] {logging_mixin.py:154} INFO - [2023-11-21T14:08:33.388+0700] {manager.py:499} INFO - Created Permission View: %s
[2023-11-21T14:08:33.414+0700] {logging_mixin.py:154} INFO - [2023-11-21T14:08:33.414+0700] {manager.py:499} INFO - Created Permission View: %s
[2023-11-21T14:08:33.415+0700] {logging_mixin.py:154} INFO - [2023-11-21T14:08:33.415+0700] {dag.py:2941} INFO - Sync 1 DAGs
[2023-11-21T14:08:33.423+0700] {logging_mixin.py:154} INFO - [2023-11-21T14:08:33.423+0700] {dag.py:2963} INFO - Creating ORM DAG for example_short_circuit_decorator
[2023-11-21T14:08:33.430+0700] {logging_mixin.py:154} INFO - [2023-11-21T14:08:33.430+0700] {dag.py:3722} INFO - Setting next_dagrun for example_short_circuit_decorator to 2023-11-20T07:08:33.430094+00:00, run_after=2023-11-21T07:08:33.430094+00:00
[2023-11-21T14:08:33.458+0700] {processor.py:179} INFO - Processing /home/thien/stock-prediction/.venv/lib/python3.10/site-packages/airflow/example_dags/example_short_circuit_decorator.py took 0.230 seconds
[2023-11-21T14:09:32.131+0700] {processor.py:157} INFO - Started process (PID=19467) to work on /home/thien/stock-prediction/.venv/lib/python3.10/site-packages/airflow/example_dags/example_short_circuit_decorator.py
[2023-11-21T14:09:32.140+0700] {processor.py:829} INFO - Processing file /home/thien/stock-prediction/.venv/lib/python3.10/site-packages/airflow/example_dags/example_short_circuit_decorator.py for tasks to queue
[2023-11-21T14:09:32.141+0700] {logging_mixin.py:154} INFO - [2023-11-21T14:09:32.141+0700] {dagbag.py:536} INFO - Filling up the DagBag from /home/thien/stock-prediction/.venv/lib/python3.10/site-packages/airflow/example_dags/example_short_circuit_decorator.py
[2023-11-21T14:09:32.149+0700] {processor.py:839} INFO - DAG(s) dict_keys(['example_short_circuit_decorator']) retrieved from /home/thien/stock-prediction/.venv/lib/python3.10/site-packages/airflow/example_dags/example_short_circuit_decorator.py
[2023-11-21T14:09:32.163+0700] {logging_mixin.py:154} INFO - [2023-11-21T14:09:32.163+0700] {dag.py:2941} INFO - Sync 1 DAGs
[2023-11-21T14:09:32.179+0700] {logging_mixin.py:154} INFO - [2023-11-21T14:09:32.179+0700] {dag.py:3722} INFO - Setting next_dagrun for example_short_circuit_decorator to 2023-11-20T07:09:32.178858+00:00, run_after=2023-11-21T07:09:32.178858+00:00
[2023-11-21T14:09:32.205+0700] {processor.py:179} INFO - Processing /home/thien/stock-prediction/.venv/lib/python3.10/site-packages/airflow/example_dags/example_short_circuit_decorator.py took 0.077 seconds
[2023-11-21T14:24:57.300+0700] {processor.py:157} INFO - Started process (PID=22250) to work on /usr/local/lib/python3.10/dist-packages/airflow/example_dags/example_short_circuit_decorator.py
[2023-11-21T14:24:57.302+0700] {processor.py:829} INFO - Processing file /usr/local/lib/python3.10/dist-packages/airflow/example_dags/example_short_circuit_decorator.py for tasks to queue
[2023-11-21T14:24:57.303+0700] {logging_mixin.py:151} INFO - [2023-11-21T14:24:57.303+0700] {dagbag.py:536} INFO - Filling up the DagBag from /usr/local/lib/python3.10/dist-packages/airflow/example_dags/example_short_circuit_decorator.py
[2023-11-21T14:24:57.313+0700] {processor.py:839} INFO - DAG(s) dict_keys(['example_short_circuit_decorator']) retrieved from /usr/local/lib/python3.10/dist-packages/airflow/example_dags/example_short_circuit_decorator.py
[2023-11-21T14:24:57.320+0700] {logging_mixin.py:151} INFO - [2023-11-21T14:24:57.320+0700] {dag.py:2941} INFO - Sync 1 DAGs
[2023-11-21T14:24:57.338+0700] {logging_mixin.py:151} INFO - [2023-11-21T14:24:57.337+0700] {dag.py:3722} INFO - Setting next_dagrun for example_short_circuit_decorator to 2023-11-20T07:24:57.337648+00:00, run_after=2023-11-21T07:24:57.337648+00:00
[2023-11-21T14:24:57.366+0700] {processor.py:179} INFO - Processing /usr/local/lib/python3.10/dist-packages/airflow/example_dags/example_short_circuit_decorator.py took 0.068 seconds
[2023-11-21T14:25:41.667+0700] {processor.py:157} INFO - Started process (PID=22369) to work on /usr/local/lib/python3.10/dist-packages/airflow/example_dags/example_short_circuit_decorator.py
[2023-11-21T14:25:41.676+0700] {processor.py:829} INFO - Processing file /usr/local/lib/python3.10/dist-packages/airflow/example_dags/example_short_circuit_decorator.py for tasks to queue
[2023-11-21T14:25:41.677+0700] {logging_mixin.py:151} INFO - [2023-11-21T14:25:41.677+0700] {dagbag.py:536} INFO - Filling up the DagBag from /usr/local/lib/python3.10/dist-packages/airflow/example_dags/example_short_circuit_decorator.py
[2023-11-21T14:25:41.685+0700] {processor.py:839} INFO - DAG(s) dict_keys(['example_short_circuit_decorator']) retrieved from /usr/local/lib/python3.10/dist-packages/airflow/example_dags/example_short_circuit_decorator.py
[2023-11-21T14:25:41.701+0700] {logging_mixin.py:151} INFO - [2023-11-21T14:25:41.700+0700] {dag.py:2941} INFO - Sync 1 DAGs
[2023-11-21T14:25:41.716+0700] {logging_mixin.py:151} INFO - [2023-11-21T14:25:41.716+0700] {dag.py:3722} INFO - Setting next_dagrun for example_short_circuit_decorator to 2023-11-20T07:25:41.716467+00:00, run_after=2023-11-21T07:25:41.716467+00:00
[2023-11-21T14:25:41.753+0700] {processor.py:179} INFO - Processing /usr/local/lib/python3.10/dist-packages/airflow/example_dags/example_short_circuit_decorator.py took 0.088 seconds
[2023-11-21T14:26:27.948+0700] {processor.py:157} INFO - Started process (PID=22484) to work on /usr/local/lib/python3.10/dist-packages/airflow/example_dags/example_short_circuit_decorator.py
[2023-11-21T14:26:27.957+0700] {processor.py:829} INFO - Processing file /usr/local/lib/python3.10/dist-packages/airflow/example_dags/example_short_circuit_decorator.py for tasks to queue
[2023-11-21T14:26:27.958+0700] {logging_mixin.py:151} INFO - [2023-11-21T14:26:27.957+0700] {dagbag.py:536} INFO - Filling up the DagBag from /usr/local/lib/python3.10/dist-packages/airflow/example_dags/example_short_circuit_decorator.py
[2023-11-21T14:26:27.966+0700] {processor.py:839} INFO - DAG(s) dict_keys(['example_short_circuit_decorator']) retrieved from /usr/local/lib/python3.10/dist-packages/airflow/example_dags/example_short_circuit_decorator.py
[2023-11-21T14:26:27.981+0700] {logging_mixin.py:151} INFO - [2023-11-21T14:26:27.981+0700] {dag.py:2941} INFO - Sync 1 DAGs
[2023-11-21T14:26:27.999+0700] {logging_mixin.py:151} INFO - [2023-11-21T14:26:27.999+0700] {dag.py:3722} INFO - Setting next_dagrun for example_short_circuit_decorator to 2023-11-20T07:26:27.998951+00:00, run_after=2023-11-21T07:26:27.998951+00:00
[2023-11-21T14:26:28.027+0700] {processor.py:179} INFO - Processing /usr/local/lib/python3.10/dist-packages/airflow/example_dags/example_short_circuit_decorator.py took 0.081 seconds
[2023-11-21T14:26:58.221+0700] {processor.py:157} INFO - Started process (PID=22563) to work on /usr/local/lib/python3.10/dist-packages/airflow/example_dags/example_short_circuit_decorator.py
[2023-11-21T14:26:58.230+0700] {processor.py:829} INFO - Processing file /usr/local/lib/python3.10/dist-packages/airflow/example_dags/example_short_circuit_decorator.py for tasks to queue
[2023-11-21T14:26:58.231+0700] {logging_mixin.py:151} INFO - [2023-11-21T14:26:58.230+0700] {dagbag.py:536} INFO - Filling up the DagBag from /usr/local/lib/python3.10/dist-packages/airflow/example_dags/example_short_circuit_decorator.py
[2023-11-21T14:26:58.239+0700] {processor.py:839} INFO - DAG(s) dict_keys(['example_short_circuit_decorator']) retrieved from /usr/local/lib/python3.10/dist-packages/airflow/example_dags/example_short_circuit_decorator.py
[2023-11-21T14:26:58.253+0700] {logging_mixin.py:151} INFO - [2023-11-21T14:26:58.253+0700] {dag.py:2941} INFO - Sync 1 DAGs
[2023-11-21T14:26:58.269+0700] {logging_mixin.py:151} INFO - [2023-11-21T14:26:58.269+0700] {dag.py:3722} INFO - Setting next_dagrun for example_short_circuit_decorator to 2023-11-20T07:26:58.268838+00:00, run_after=2023-11-21T07:26:58.268838+00:00
[2023-11-21T14:26:58.300+0700] {processor.py:179} INFO - Processing /usr/local/lib/python3.10/dist-packages/airflow/example_dags/example_short_circuit_decorator.py took 0.082 seconds
[2023-11-21T14:38:46.717+0700] {processor.py:157} INFO - Started process (PID=24167) to work on /usr/local/lib/python3.10/dist-packages/airflow/example_dags/example_short_circuit_decorator.py
[2023-11-21T14:38:46.725+0700] {processor.py:829} INFO - Processing file /usr/local/lib/python3.10/dist-packages/airflow/example_dags/example_short_circuit_decorator.py for tasks to queue
[2023-11-21T14:38:46.726+0700] {logging_mixin.py:154} INFO - [2023-11-21T14:38:46.726+0700] {dagbag.py:536} INFO - Filling up the DagBag from /usr/local/lib/python3.10/dist-packages/airflow/example_dags/example_short_circuit_decorator.py
[2023-11-21T14:38:46.739+0700] {processor.py:839} INFO - DAG(s) dict_keys(['example_short_circuit_decorator']) retrieved from /usr/local/lib/python3.10/dist-packages/airflow/example_dags/example_short_circuit_decorator.py
[2023-11-21T14:38:46.746+0700] {logging_mixin.py:154} INFO - [2023-11-21T14:38:46.746+0700] {dag.py:2941} INFO - Sync 1 DAGs
[2023-11-21T14:38:46.763+0700] {logging_mixin.py:154} INFO - [2023-11-21T14:38:46.763+0700] {dag.py:3722} INFO - Setting next_dagrun for example_short_circuit_decorator to 2023-11-20T07:38:46.762814+00:00, run_after=2023-11-21T07:38:46.762814+00:00
[2023-11-21T14:38:46.799+0700] {processor.py:179} INFO - Processing /usr/local/lib/python3.10/dist-packages/airflow/example_dags/example_short_circuit_decorator.py took 0.085 seconds
[2023-11-21T14:39:30.777+0700] {processor.py:157} INFO - Started process (PID=24301) to work on /usr/local/lib/python3.10/dist-packages/airflow/example_dags/example_short_circuit_decorator.py
[2023-11-21T14:39:30.786+0700] {processor.py:829} INFO - Processing file /usr/local/lib/python3.10/dist-packages/airflow/example_dags/example_short_circuit_decorator.py for tasks to queue
[2023-11-21T14:39:30.787+0700] {logging_mixin.py:154} INFO - [2023-11-21T14:39:30.787+0700] {dagbag.py:536} INFO - Filling up the DagBag from /usr/local/lib/python3.10/dist-packages/airflow/example_dags/example_short_circuit_decorator.py
[2023-11-21T14:39:30.795+0700] {processor.py:839} INFO - DAG(s) dict_keys(['example_short_circuit_decorator']) retrieved from /usr/local/lib/python3.10/dist-packages/airflow/example_dags/example_short_circuit_decorator.py
[2023-11-21T14:39:30.810+0700] {logging_mixin.py:154} INFO - [2023-11-21T14:39:30.810+0700] {dag.py:2941} INFO - Sync 1 DAGs
[2023-11-21T14:39:30.825+0700] {logging_mixin.py:154} INFO - [2023-11-21T14:39:30.824+0700] {dag.py:3722} INFO - Setting next_dagrun for example_short_circuit_decorator to 2023-11-20T07:39:30.824662+00:00, run_after=2023-11-21T07:39:30.824662+00:00
[2023-11-21T14:39:30.863+0700] {processor.py:179} INFO - Processing /usr/local/lib/python3.10/dist-packages/airflow/example_dags/example_short_circuit_decorator.py took 0.088 seconds
