[2023-11-21T14:08:56.886+0700] {processor.py:157} INFO - Started process (PID=19380) to work on /home/thien/stock-prediction/.venv/lib/python3.10/site-packages/airflow/example_dags/example_short_circuit_operator.py
[2023-11-21T14:08:56.886+0700] {processor.py:829} INFO - Processing file /home/thien/stock-prediction/.venv/lib/python3.10/site-packages/airflow/example_dags/example_short_circuit_operator.py for tasks to queue
[2023-11-21T14:08:56.887+0700] {logging_mixin.py:154} INFO - [2023-11-21T14:08:56.887+0700] {dagbag.py:536} INFO - Filling up the DagBag from /home/thien/stock-prediction/.venv/lib/python3.10/site-packages/airflow/example_dags/example_short_circuit_operator.py
[2023-11-21T14:08:56.894+0700] {processor.py:839} INFO - DAG(s) dict_keys(['example_short_circuit_operator']) retrieved from /home/thien/stock-prediction/.venv/lib/python3.10/site-packages/airflow/example_dags/example_short_circuit_operator.py
[2023-11-21T14:08:57.018+0700] {logging_mixin.py:154} INFO - [2023-11-21T14:08:57.018+0700] {manager.py:499} INFO - Created Permission View: %s
[2023-11-21T14:08:57.037+0700] {logging_mixin.py:154} INFO - [2023-11-21T14:08:57.037+0700] {manager.py:499} INFO - Created Permission View: %s
[2023-11-21T14:08:57.055+0700] {logging_mixin.py:154} INFO - [2023-11-21T14:08:57.054+0700] {manager.py:499} INFO - Created Permission View: %s
[2023-11-21T14:08:57.055+0700] {logging_mixin.py:154} INFO - [2023-11-21T14:08:57.055+0700] {dag.py:2941} INFO - Sync 1 DAGs
[2023-11-21T14:08:57.062+0700] {logging_mixin.py:154} INFO - [2023-11-21T14:08:57.062+0700] {dag.py:2963} INFO - Creating ORM DAG for example_short_circuit_operator
[2023-11-21T14:08:57.068+0700] {logging_mixin.py:154} INFO - [2023-11-21T14:08:57.068+0700] {dag.py:3722} INFO - Setting next_dagrun for example_short_circuit_operator to 2023-11-20T07:08:57.068591+00:00, run_after=2023-11-21T07:08:57.068591+00:00
[2023-11-21T14:08:57.100+0700] {processor.py:179} INFO - Processing /home/thien/stock-prediction/.venv/lib/python3.10/site-packages/airflow/example_dags/example_short_circuit_operator.py took 0.217 seconds
[2023-11-21T14:09:48.312+0700] {processor.py:157} INFO - Started process (PID=19658) to work on /home/thien/stock-prediction/.venv/lib/python3.10/site-packages/airflow/example_dags/example_short_circuit_operator.py
[2023-11-21T14:09:48.321+0700] {processor.py:829} INFO - Processing file /home/thien/stock-prediction/.venv/lib/python3.10/site-packages/airflow/example_dags/example_short_circuit_operator.py for tasks to queue
[2023-11-21T14:09:48.322+0700] {logging_mixin.py:154} INFO - [2023-11-21T14:09:48.322+0700] {dagbag.py:536} INFO - Filling up the DagBag from /home/thien/stock-prediction/.venv/lib/python3.10/site-packages/airflow/example_dags/example_short_circuit_operator.py
[2023-11-21T14:09:48.328+0700] {processor.py:839} INFO - DAG(s) dict_keys(['example_short_circuit_operator']) retrieved from /home/thien/stock-prediction/.venv/lib/python3.10/site-packages/airflow/example_dags/example_short_circuit_operator.py
[2023-11-21T14:09:48.342+0700] {logging_mixin.py:154} INFO - [2023-11-21T14:09:48.342+0700] {dag.py:2941} INFO - Sync 1 DAGs
[2023-11-21T14:09:48.360+0700] {logging_mixin.py:154} INFO - [2023-11-21T14:09:48.359+0700] {dag.py:3722} INFO - Setting next_dagrun for example_short_circuit_operator to 2023-11-20T07:09:48.359582+00:00, run_after=2023-11-21T07:09:48.359582+00:00
[2023-11-21T14:09:48.387+0700] {processor.py:179} INFO - Processing /home/thien/stock-prediction/.venv/lib/python3.10/site-packages/airflow/example_dags/example_short_circuit_operator.py took 0.078 seconds
[2023-11-21T14:25:10.594+0700] {processor.py:157} INFO - Started process (PID=22289) to work on /usr/local/lib/python3.10/dist-packages/airflow/example_dags/example_short_circuit_operator.py
[2023-11-21T14:25:10.596+0700] {processor.py:829} INFO - Processing file /usr/local/lib/python3.10/dist-packages/airflow/example_dags/example_short_circuit_operator.py for tasks to queue
[2023-11-21T14:25:10.596+0700] {logging_mixin.py:151} INFO - [2023-11-21T14:25:10.596+0700] {dagbag.py:536} INFO - Filling up the DagBag from /usr/local/lib/python3.10/dist-packages/airflow/example_dags/example_short_circuit_operator.py
[2023-11-21T14:25:10.603+0700] {processor.py:839} INFO - DAG(s) dict_keys(['example_short_circuit_operator']) retrieved from /usr/local/lib/python3.10/dist-packages/airflow/example_dags/example_short_circuit_operator.py
[2023-11-21T14:25:10.610+0700] {logging_mixin.py:151} INFO - [2023-11-21T14:25:10.610+0700] {dag.py:2941} INFO - Sync 1 DAGs
[2023-11-21T14:25:10.684+0700] {logging_mixin.py:151} INFO - [2023-11-21T14:25:10.684+0700] {dag.py:3722} INFO - Setting next_dagrun for example_short_circuit_operator to 2023-11-20T07:25:10.684015+00:00, run_after=2023-11-21T07:25:10.684015+00:00
[2023-11-21T14:25:10.736+0700] {processor.py:179} INFO - Processing /usr/local/lib/python3.10/dist-packages/airflow/example_dags/example_short_circuit_operator.py took 0.145 seconds
[2023-11-21T14:25:54.949+0700] {processor.py:157} INFO - Started process (PID=22403) to work on /usr/local/lib/python3.10/dist-packages/airflow/example_dags/example_short_circuit_operator.py
[2023-11-21T14:25:54.958+0700] {processor.py:829} INFO - Processing file /usr/local/lib/python3.10/dist-packages/airflow/example_dags/example_short_circuit_operator.py for tasks to queue
[2023-11-21T14:25:54.959+0700] {logging_mixin.py:151} INFO - [2023-11-21T14:25:54.959+0700] {dagbag.py:536} INFO - Filling up the DagBag from /usr/local/lib/python3.10/dist-packages/airflow/example_dags/example_short_circuit_operator.py
[2023-11-21T14:25:54.968+0700] {processor.py:839} INFO - DAG(s) dict_keys(['example_short_circuit_operator']) retrieved from /usr/local/lib/python3.10/dist-packages/airflow/example_dags/example_short_circuit_operator.py
[2023-11-21T14:25:54.987+0700] {logging_mixin.py:151} INFO - [2023-11-21T14:25:54.987+0700] {dag.py:2941} INFO - Sync 1 DAGs
[2023-11-21T14:25:55.007+0700] {logging_mixin.py:151} INFO - [2023-11-21T14:25:55.007+0700] {dag.py:3722} INFO - Setting next_dagrun for example_short_circuit_operator to 2023-11-20T07:25:55.007513+00:00, run_after=2023-11-21T07:25:55.007513+00:00
[2023-11-21T14:25:55.048+0700] {processor.py:179} INFO - Processing /usr/local/lib/python3.10/dist-packages/airflow/example_dags/example_short_circuit_operator.py took 0.102 seconds
[2023-11-21T14:26:40.188+0700] {processor.py:157} INFO - Started process (PID=22516) to work on /usr/local/lib/python3.10/dist-packages/airflow/example_dags/example_short_circuit_operator.py
[2023-11-21T14:26:40.190+0700] {processor.py:829} INFO - Processing file /usr/local/lib/python3.10/dist-packages/airflow/example_dags/example_short_circuit_operator.py for tasks to queue
[2023-11-21T14:26:40.191+0700] {logging_mixin.py:151} INFO - [2023-11-21T14:26:40.191+0700] {dagbag.py:536} INFO - Filling up the DagBag from /usr/local/lib/python3.10/dist-packages/airflow/example_dags/example_short_circuit_operator.py
[2023-11-21T14:26:40.198+0700] {processor.py:839} INFO - DAG(s) dict_keys(['example_short_circuit_operator']) retrieved from /usr/local/lib/python3.10/dist-packages/airflow/example_dags/example_short_circuit_operator.py
[2023-11-21T14:26:40.213+0700] {logging_mixin.py:151} INFO - [2023-11-21T14:26:40.212+0700] {dag.py:2941} INFO - Sync 1 DAGs
[2023-11-21T14:26:40.228+0700] {logging_mixin.py:151} INFO - [2023-11-21T14:26:40.228+0700] {dag.py:3722} INFO - Setting next_dagrun for example_short_circuit_operator to 2023-11-20T07:26:40.228229+00:00, run_after=2023-11-21T07:26:40.228229+00:00
[2023-11-21T14:26:40.256+0700] {processor.py:179} INFO - Processing /usr/local/lib/python3.10/dist-packages/airflow/example_dags/example_short_circuit_operator.py took 0.070 seconds
[2023-11-21T14:39:18.736+0700] {processor.py:157} INFO - Started process (PID=24268) to work on /usr/local/lib/python3.10/dist-packages/airflow/example_dags/example_short_circuit_operator.py
[2023-11-21T14:39:18.745+0700] {processor.py:829} INFO - Processing file /usr/local/lib/python3.10/dist-packages/airflow/example_dags/example_short_circuit_operator.py for tasks to queue
[2023-11-21T14:39:18.746+0700] {logging_mixin.py:154} INFO - [2023-11-21T14:39:18.746+0700] {dagbag.py:536} INFO - Filling up the DagBag from /usr/local/lib/python3.10/dist-packages/airflow/example_dags/example_short_circuit_operator.py
[2023-11-21T14:39:18.753+0700] {processor.py:839} INFO - DAG(s) dict_keys(['example_short_circuit_operator']) retrieved from /usr/local/lib/python3.10/dist-packages/airflow/example_dags/example_short_circuit_operator.py
[2023-11-21T14:39:18.768+0700] {logging_mixin.py:154} INFO - [2023-11-21T14:39:18.767+0700] {dag.py:2941} INFO - Sync 1 DAGs
[2023-11-21T14:39:18.783+0700] {logging_mixin.py:154} INFO - [2023-11-21T14:39:18.783+0700] {dag.py:3722} INFO - Setting next_dagrun for example_short_circuit_operator to 2023-11-20T07:39:18.783041+00:00, run_after=2023-11-21T07:39:18.783041+00:00
[2023-11-21T14:39:18.817+0700] {processor.py:179} INFO - Processing /usr/local/lib/python3.10/dist-packages/airflow/example_dags/example_short_circuit_operator.py took 0.083 seconds
