[2023-11-21T14:09:22.485+0700] {processor.py:157} INFO - Started process (PID=19447) to work on /home/thien/stock-prediction/.venv/lib/python3.10/site-packages/airflow/example_dags/example_datasets.py
[2023-11-21T14:09:22.486+0700] {processor.py:829} INFO - Processing file /home/thien/stock-prediction/.venv/lib/python3.10/site-packages/airflow/example_dags/example_datasets.py for tasks to queue
[2023-11-21T14:09:22.486+0700] {logging_mixin.py:154} INFO - [2023-11-21T14:09:22.486+0700] {dagbag.py:536} INFO - Filling up the DagBag from /home/thien/stock-prediction/.venv/lib/python3.10/site-packages/airflow/example_dags/example_datasets.py
[2023-11-21T14:09:22.494+0700] {processor.py:839} INFO - DAG(s) dict_keys(['dataset_produces_1', 'dataset_consumes_1_never_scheduled', 'dataset_produces_2', 'dataset_consumes_1_and_2', 'dataset_consumes_1', 'dataset_consumes_unknown_never_scheduled']) retrieved from /home/thien/stock-prediction/.venv/lib/python3.10/site-packages/airflow/example_dags/example_datasets.py
[2023-11-21T14:09:22.608+0700] {logging_mixin.py:154} INFO - [2023-11-21T14:09:22.608+0700] {manager.py:499} INFO - Created Permission View: %s
[2023-11-21T14:09:22.628+0700] {logging_mixin.py:154} INFO - [2023-11-21T14:09:22.628+0700] {manager.py:499} INFO - Created Permission View: %s
[2023-11-21T14:09:22.646+0700] {logging_mixin.py:154} INFO - [2023-11-21T14:09:22.646+0700] {manager.py:499} INFO - Created Permission View: %s
[2023-11-21T14:09:22.681+0700] {logging_mixin.py:154} INFO - [2023-11-21T14:09:22.681+0700] {manager.py:499} INFO - Created Permission View: %s
[2023-11-21T14:09:22.699+0700] {logging_mixin.py:154} INFO - [2023-11-21T14:09:22.699+0700] {manager.py:499} INFO - Created Permission View: %s
[2023-11-21T14:09:22.716+0700] {logging_mixin.py:154} INFO - [2023-11-21T14:09:22.716+0700] {manager.py:499} INFO - Created Permission View: %s
[2023-11-21T14:09:22.754+0700] {logging_mixin.py:154} INFO - [2023-11-21T14:09:22.754+0700] {manager.py:499} INFO - Created Permission View: %s
[2023-11-21T14:09:22.769+0700] {logging_mixin.py:154} INFO - [2023-11-21T14:09:22.768+0700] {manager.py:499} INFO - Created Permission View: %s
[2023-11-21T14:09:22.784+0700] {logging_mixin.py:154} INFO - [2023-11-21T14:09:22.784+0700] {manager.py:499} INFO - Created Permission View: %s
[2023-11-21T14:09:22.815+0700] {logging_mixin.py:154} INFO - [2023-11-21T14:09:22.815+0700] {manager.py:499} INFO - Created Permission View: %s
[2023-11-21T14:09:22.831+0700] {logging_mixin.py:154} INFO - [2023-11-21T14:09:22.830+0700] {manager.py:499} INFO - Created Permission View: %s
[2023-11-21T14:09:22.847+0700] {logging_mixin.py:154} INFO - [2023-11-21T14:09:22.846+0700] {manager.py:499} INFO - Created Permission View: %s
[2023-11-21T14:09:22.881+0700] {logging_mixin.py:154} INFO - [2023-11-21T14:09:22.881+0700] {manager.py:499} INFO - Created Permission View: %s
[2023-11-21T14:09:22.897+0700] {logging_mixin.py:154} INFO - [2023-11-21T14:09:22.896+0700] {manager.py:499} INFO - Created Permission View: %s
[2023-11-21T14:09:22.912+0700] {logging_mixin.py:154} INFO - [2023-11-21T14:09:22.912+0700] {manager.py:499} INFO - Created Permission View: %s
[2023-11-21T14:09:22.945+0700] {logging_mixin.py:154} INFO - [2023-11-21T14:09:22.945+0700] {manager.py:499} INFO - Created Permission View: %s
[2023-11-21T14:09:22.962+0700] {logging_mixin.py:154} INFO - [2023-11-21T14:09:22.962+0700] {manager.py:499} INFO - Created Permission View: %s
[2023-11-21T14:09:22.978+0700] {logging_mixin.py:154} INFO - [2023-11-21T14:09:22.978+0700] {manager.py:499} INFO - Created Permission View: %s
[2023-11-21T14:09:22.978+0700] {logging_mixin.py:154} INFO - [2023-11-21T14:09:22.978+0700] {dag.py:2941} INFO - Sync 6 DAGs
[2023-11-21T14:09:22.988+0700] {logging_mixin.py:154} INFO - [2023-11-21T14:09:22.987+0700] {dag.py:2963} INFO - Creating ORM DAG for dataset_consumes_1
[2023-11-21T14:09:22.988+0700] {logging_mixin.py:154} INFO - [2023-11-21T14:09:22.988+0700] {dag.py:2963} INFO - Creating ORM DAG for dataset_produces_2
[2023-11-21T14:09:22.989+0700] {logging_mixin.py:154} INFO - [2023-11-21T14:09:22.988+0700] {dag.py:2963} INFO - Creating ORM DAG for dataset_produces_1
[2023-11-21T14:09:22.989+0700] {logging_mixin.py:154} INFO - [2023-11-21T14:09:22.989+0700] {dag.py:2963} INFO - Creating ORM DAG for dataset_consumes_1_and_2
[2023-11-21T14:09:22.989+0700] {logging_mixin.py:154} INFO - [2023-11-21T14:09:22.989+0700] {dag.py:2963} INFO - Creating ORM DAG for dataset_consumes_1_never_scheduled
[2023-11-21T14:09:22.990+0700] {logging_mixin.py:154} INFO - [2023-11-21T14:09:22.989+0700] {dag.py:2963} INFO - Creating ORM DAG for dataset_consumes_unknown_never_scheduled
[2023-11-21T14:09:22.996+0700] {logging_mixin.py:154} INFO - [2023-11-21T14:09:22.996+0700] {dag.py:3722} INFO - Setting next_dagrun for dataset_consumes_1 to None, run_after=None
[2023-11-21T14:09:22.997+0700] {logging_mixin.py:154} INFO - [2023-11-21T14:09:22.996+0700] {dag.py:3722} INFO - Setting next_dagrun for dataset_consumes_1_and_2 to None, run_after=None
[2023-11-21T14:09:22.997+0700] {logging_mixin.py:154} INFO - [2023-11-21T14:09:22.997+0700] {dag.py:3722} INFO - Setting next_dagrun for dataset_consumes_1_never_scheduled to None, run_after=None
[2023-11-21T14:09:22.997+0700] {logging_mixin.py:154} INFO - [2023-11-21T14:09:22.997+0700] {dag.py:3722} INFO - Setting next_dagrun for dataset_consumes_unknown_never_scheduled to None, run_after=None
[2023-11-21T14:09:22.999+0700] {logging_mixin.py:154} INFO - [2023-11-21T14:09:22.999+0700] {dag.py:3722} INFO - Setting next_dagrun for dataset_produces_1 to 2023-11-20T00:00:00+00:00, run_after=2023-11-21T00:00:00+00:00
[2023-11-21T14:09:22.999+0700] {logging_mixin.py:154} INFO - [2023-11-21T14:09:22.999+0700] {dag.py:3722} INFO - Setting next_dagrun for dataset_produces_2 to None, run_after=None
[2023-11-21T14:09:23.036+0700] {processor.py:179} INFO - Processing /home/thien/stock-prediction/.venv/lib/python3.10/site-packages/airflow/example_dags/example_datasets.py took 0.553 seconds
[2023-11-21T14:25:28.998+0700] {processor.py:157} INFO - Started process (PID=22338) to work on /usr/local/lib/python3.10/dist-packages/airflow/example_dags/example_datasets.py
[2023-11-21T14:25:28.999+0700] {processor.py:829} INFO - Processing file /usr/local/lib/python3.10/dist-packages/airflow/example_dags/example_datasets.py for tasks to queue
[2023-11-21T14:25:29.000+0700] {logging_mixin.py:151} INFO - [2023-11-21T14:25:29.000+0700] {dagbag.py:536} INFO - Filling up the DagBag from /usr/local/lib/python3.10/dist-packages/airflow/example_dags/example_datasets.py
[2023-11-21T14:25:29.011+0700] {processor.py:839} INFO - DAG(s) dict_keys(['dataset_produces_1', 'dataset_produces_2', 'dataset_consumes_unknown_never_scheduled', 'dataset_consumes_1_never_scheduled', 'dataset_consumes_1_and_2', 'dataset_consumes_1']) retrieved from /usr/local/lib/python3.10/dist-packages/airflow/example_dags/example_datasets.py
[2023-11-21T14:25:29.040+0700] {logging_mixin.py:151} INFO - [2023-11-21T14:25:29.040+0700] {dag.py:2941} INFO - Sync 6 DAGs
[2023-11-21T14:25:29.061+0700] {logging_mixin.py:151} INFO - [2023-11-21T14:25:29.061+0700] {dag.py:3722} INFO - Setting next_dagrun for dataset_consumes_1 to None, run_after=None
[2023-11-21T14:25:29.064+0700] {logging_mixin.py:151} INFO - [2023-11-21T14:25:29.063+0700] {dag.py:3722} INFO - Setting next_dagrun for dataset_consumes_1_and_2 to None, run_after=None
[2023-11-21T14:25:29.064+0700] {logging_mixin.py:151} INFO - [2023-11-21T14:25:29.064+0700] {dag.py:3722} INFO - Setting next_dagrun for dataset_consumes_1_never_scheduled to None, run_after=None
[2023-11-21T14:25:29.065+0700] {logging_mixin.py:151} INFO - [2023-11-21T14:25:29.065+0700] {dag.py:3722} INFO - Setting next_dagrun for dataset_consumes_unknown_never_scheduled to None, run_after=None
[2023-11-21T14:25:29.066+0700] {logging_mixin.py:151} INFO - [2023-11-21T14:25:29.066+0700] {dag.py:3722} INFO - Setting next_dagrun for dataset_produces_1 to 2023-11-20T00:00:00+00:00, run_after=2023-11-21T00:00:00+00:00
[2023-11-21T14:25:29.067+0700] {logging_mixin.py:151} INFO - [2023-11-21T14:25:29.067+0700] {dag.py:3722} INFO - Setting next_dagrun for dataset_produces_2 to None, run_after=None
[2023-11-21T14:25:29.109+0700] {processor.py:179} INFO - Processing /usr/local/lib/python3.10/dist-packages/airflow/example_dags/example_datasets.py took 0.113 seconds
[2023-11-21T14:26:15.693+0700] {processor.py:157} INFO - Started process (PID=22457) to work on /usr/local/lib/python3.10/dist-packages/airflow/example_dags/example_datasets.py
[2023-11-21T14:26:15.702+0700] {processor.py:829} INFO - Processing file /usr/local/lib/python3.10/dist-packages/airflow/example_dags/example_datasets.py for tasks to queue
[2023-11-21T14:26:15.703+0700] {logging_mixin.py:151} INFO - [2023-11-21T14:26:15.702+0700] {dagbag.py:536} INFO - Filling up the DagBag from /usr/local/lib/python3.10/dist-packages/airflow/example_dags/example_datasets.py
[2023-11-21T14:26:15.710+0700] {processor.py:839} INFO - DAG(s) dict_keys(['dataset_produces_1', 'dataset_consumes_unknown_never_scheduled', 'dataset_consumes_1', 'dataset_produces_2', 'dataset_consumes_1_and_2', 'dataset_consumes_1_never_scheduled']) retrieved from /usr/local/lib/python3.10/dist-packages/airflow/example_dags/example_datasets.py
[2023-11-21T14:26:15.732+0700] {logging_mixin.py:151} INFO - [2023-11-21T14:26:15.732+0700] {dag.py:2941} INFO - Sync 6 DAGs
[2023-11-21T14:26:15.748+0700] {logging_mixin.py:151} INFO - [2023-11-21T14:26:15.748+0700] {dag.py:3722} INFO - Setting next_dagrun for dataset_consumes_1 to None, run_after=None
[2023-11-21T14:26:15.750+0700] {logging_mixin.py:151} INFO - [2023-11-21T14:26:15.750+0700] {dag.py:3722} INFO - Setting next_dagrun for dataset_consumes_1_and_2 to None, run_after=None
[2023-11-21T14:26:15.751+0700] {logging_mixin.py:151} INFO - [2023-11-21T14:26:15.751+0700] {dag.py:3722} INFO - Setting next_dagrun for dataset_consumes_1_never_scheduled to None, run_after=None
[2023-11-21T14:26:15.752+0700] {logging_mixin.py:151} INFO - [2023-11-21T14:26:15.751+0700] {dag.py:3722} INFO - Setting next_dagrun for dataset_consumes_unknown_never_scheduled to None, run_after=None
[2023-11-21T14:26:15.753+0700] {logging_mixin.py:151} INFO - [2023-11-21T14:26:15.753+0700] {dag.py:3722} INFO - Setting next_dagrun for dataset_produces_1 to 2023-11-20T00:00:00+00:00, run_after=2023-11-21T00:00:00+00:00
[2023-11-21T14:26:15.754+0700] {logging_mixin.py:151} INFO - [2023-11-21T14:26:15.754+0700] {dag.py:3722} INFO - Setting next_dagrun for dataset_produces_2 to None, run_after=None
[2023-11-21T14:26:15.811+0700] {processor.py:179} INFO - Processing /usr/local/lib/python3.10/dist-packages/airflow/example_dags/example_datasets.py took 0.120 seconds
[2023-11-21T14:27:00.284+0700] {processor.py:157} INFO - Started process (PID=22568) to work on /usr/local/lib/python3.10/dist-packages/airflow/example_dags/example_datasets.py
[2023-11-21T14:27:00.285+0700] {processor.py:829} INFO - Processing file /usr/local/lib/python3.10/dist-packages/airflow/example_dags/example_datasets.py for tasks to queue
[2023-11-21T14:27:00.286+0700] {logging_mixin.py:151} INFO - [2023-11-21T14:27:00.285+0700] {dagbag.py:536} INFO - Filling up the DagBag from /usr/local/lib/python3.10/dist-packages/airflow/example_dags/example_datasets.py
[2023-11-21T14:27:00.293+0700] {processor.py:839} INFO - DAG(s) dict_keys(['dataset_produces_1', 'dataset_consumes_1_and_2', 'dataset_consumes_1', 'dataset_consumes_1_never_scheduled', 'dataset_consumes_unknown_never_scheduled', 'dataset_produces_2']) retrieved from /usr/local/lib/python3.10/dist-packages/airflow/example_dags/example_datasets.py
[2023-11-21T14:27:00.315+0700] {logging_mixin.py:151} INFO - [2023-11-21T14:27:00.314+0700] {dag.py:2941} INFO - Sync 6 DAGs
[2023-11-21T14:27:00.332+0700] {logging_mixin.py:151} INFO - [2023-11-21T14:27:00.331+0700] {dag.py:3722} INFO - Setting next_dagrun for dataset_consumes_1 to None, run_after=None
[2023-11-21T14:27:00.334+0700] {logging_mixin.py:151} INFO - [2023-11-21T14:27:00.334+0700] {dag.py:3722} INFO - Setting next_dagrun for dataset_consumes_1_and_2 to None, run_after=None
[2023-11-21T14:27:00.335+0700] {logging_mixin.py:151} INFO - [2023-11-21T14:27:00.335+0700] {dag.py:3722} INFO - Setting next_dagrun for dataset_consumes_1_never_scheduled to None, run_after=None
[2023-11-21T14:27:00.336+0700] {logging_mixin.py:151} INFO - [2023-11-21T14:27:00.336+0700] {dag.py:3722} INFO - Setting next_dagrun for dataset_consumes_unknown_never_scheduled to None, run_after=None
[2023-11-21T14:27:00.338+0700] {logging_mixin.py:151} INFO - [2023-11-21T14:27:00.338+0700] {dag.py:3722} INFO - Setting next_dagrun for dataset_produces_1 to 2023-11-20T00:00:00+00:00, run_after=2023-11-21T00:00:00+00:00
[2023-11-21T14:27:00.339+0700] {logging_mixin.py:151} INFO - [2023-11-21T14:27:00.339+0700] {dag.py:3722} INFO - Setting next_dagrun for dataset_produces_2 to None, run_after=None
[2023-11-21T14:27:00.370+0700] {processor.py:179} INFO - Processing /usr/local/lib/python3.10/dist-packages/airflow/example_dags/example_datasets.py took 0.089 seconds
[2023-11-21T14:39:05.459+0700] {processor.py:157} INFO - Started process (PID=24230) to work on /usr/local/lib/python3.10/dist-packages/airflow/example_dags/example_datasets.py
[2023-11-21T14:39:05.468+0700] {processor.py:829} INFO - Processing file /usr/local/lib/python3.10/dist-packages/airflow/example_dags/example_datasets.py for tasks to queue
[2023-11-21T14:39:05.469+0700] {logging_mixin.py:154} INFO - [2023-11-21T14:39:05.469+0700] {dagbag.py:536} INFO - Filling up the DagBag from /usr/local/lib/python3.10/dist-packages/airflow/example_dags/example_datasets.py
[2023-11-21T14:39:05.478+0700] {processor.py:839} INFO - DAG(s) dict_keys(['dataset_consumes_1', 'dataset_consumes_1_never_scheduled', 'dataset_consumes_unknown_never_scheduled', 'dataset_consumes_1_and_2', 'dataset_produces_2', 'dataset_produces_1']) retrieved from /usr/local/lib/python3.10/dist-packages/airflow/example_dags/example_datasets.py
[2023-11-21T14:39:05.486+0700] {logging_mixin.py:154} INFO - [2023-11-21T14:39:05.486+0700] {dag.py:2941} INFO - Sync 6 DAGs
[2023-11-21T14:39:05.507+0700] {logging_mixin.py:154} INFO - [2023-11-21T14:39:05.507+0700] {dag.py:3722} INFO - Setting next_dagrun for dataset_consumes_1 to None, run_after=None
[2023-11-21T14:39:05.510+0700] {logging_mixin.py:154} INFO - [2023-11-21T14:39:05.510+0700] {dag.py:3722} INFO - Setting next_dagrun for dataset_consumes_1_and_2 to None, run_after=None
[2023-11-21T14:39:05.510+0700] {logging_mixin.py:154} INFO - [2023-11-21T14:39:05.510+0700] {dag.py:3722} INFO - Setting next_dagrun for dataset_consumes_1_never_scheduled to None, run_after=None
[2023-11-21T14:39:05.511+0700] {logging_mixin.py:154} INFO - [2023-11-21T14:39:05.511+0700] {dag.py:3722} INFO - Setting next_dagrun for dataset_consumes_unknown_never_scheduled to None, run_after=None
[2023-11-21T14:39:05.513+0700] {logging_mixin.py:154} INFO - [2023-11-21T14:39:05.513+0700] {dag.py:3722} INFO - Setting next_dagrun for dataset_produces_1 to 2023-11-20T00:00:00+00:00, run_after=2023-11-21T00:00:00+00:00
[2023-11-21T14:39:05.514+0700] {logging_mixin.py:154} INFO - [2023-11-21T14:39:05.514+0700] {dag.py:3722} INFO - Setting next_dagrun for dataset_produces_2 to None, run_after=None
[2023-11-21T14:39:05.546+0700] {processor.py:179} INFO - Processing /usr/local/lib/python3.10/dist-packages/airflow/example_dags/example_datasets.py took 0.089 seconds
