[2023-11-21T14:09:08.643+0700] {processor.py:157} INFO - Started process (PID=19415) to work on /home/thien/stock-prediction/.venv/lib/python3.10/site-packages/airflow/example_dags/example_bash_operator.py
[2023-11-21T14:09:08.643+0700] {processor.py:829} INFO - Processing file /home/thien/stock-prediction/.venv/lib/python3.10/site-packages/airflow/example_dags/example_bash_operator.py for tasks to queue
[2023-11-21T14:09:08.644+0700] {logging_mixin.py:154} INFO - [2023-11-21T14:09:08.643+0700] {dagbag.py:536} INFO - Filling up the DagBag from /home/thien/stock-prediction/.venv/lib/python3.10/site-packages/airflow/example_dags/example_bash_operator.py
[2023-11-21T14:09:08.653+0700] {processor.py:839} INFO - DAG(s) dict_keys(['example_bash_operator']) retrieved from /home/thien/stock-prediction/.venv/lib/python3.10/site-packages/airflow/example_dags/example_bash_operator.py
[2023-11-21T14:09:08.783+0700] {logging_mixin.py:154} INFO - [2023-11-21T14:09:08.782+0700] {manager.py:499} INFO - Created Permission View: %s
[2023-11-21T14:09:08.802+0700] {logging_mixin.py:154} INFO - [2023-11-21T14:09:08.802+0700] {manager.py:499} INFO - Created Permission View: %s
[2023-11-21T14:09:08.819+0700] {logging_mixin.py:154} INFO - [2023-11-21T14:09:08.819+0700] {manager.py:499} INFO - Created Permission View: %s
[2023-11-21T14:09:08.820+0700] {logging_mixin.py:154} INFO - [2023-11-21T14:09:08.820+0700] {dag.py:2941} INFO - Sync 1 DAGs
[2023-11-21T14:09:08.827+0700] {logging_mixin.py:154} INFO - [2023-11-21T14:09:08.827+0700] {dag.py:2963} INFO - Creating ORM DAG for example_bash_operator
[2023-11-21T14:09:08.834+0700] {logging_mixin.py:154} INFO - [2023-11-21T14:09:08.834+0700] {dag.py:3722} INFO - Setting next_dagrun for example_bash_operator to 2023-11-20T00:00:00+00:00, run_after=2023-11-21T00:00:00+00:00
[2023-11-21T14:09:08.864+0700] {processor.py:179} INFO - Processing /home/thien/stock-prediction/.venv/lib/python3.10/site-packages/airflow/example_dags/example_bash_operator.py took 0.224 seconds
[2023-11-21T14:25:17.325+0700] {processor.py:157} INFO - Started process (PID=22307) to work on /usr/local/lib/python3.10/dist-packages/airflow/example_dags/example_bash_operator.py
[2023-11-21T14:25:17.334+0700] {processor.py:829} INFO - Processing file /usr/local/lib/python3.10/dist-packages/airflow/example_dags/example_bash_operator.py for tasks to queue
[2023-11-21T14:25:17.335+0700] {logging_mixin.py:151} INFO - [2023-11-21T14:25:17.335+0700] {dagbag.py:536} INFO - Filling up the DagBag from /usr/local/lib/python3.10/dist-packages/airflow/example_dags/example_bash_operator.py
[2023-11-21T14:25:17.352+0700] {processor.py:839} INFO - DAG(s) dict_keys(['example_bash_operator']) retrieved from /usr/local/lib/python3.10/dist-packages/airflow/example_dags/example_bash_operator.py
[2023-11-21T14:25:17.360+0700] {logging_mixin.py:151} INFO - [2023-11-21T14:25:17.360+0700] {dag.py:2941} INFO - Sync 1 DAGs
[2023-11-21T14:25:17.394+0700] {logging_mixin.py:151} INFO - [2023-11-21T14:25:17.394+0700] {dag.py:3722} INFO - Setting next_dagrun for example_bash_operator to 2023-11-20T00:00:00+00:00, run_after=2023-11-21T00:00:00+00:00
[2023-11-21T14:25:17.438+0700] {processor.py:179} INFO - Processing /usr/local/lib/python3.10/dist-packages/airflow/example_dags/example_bash_operator.py took 0.116 seconds
[2023-11-21T14:26:02.380+0700] {processor.py:157} INFO - Started process (PID=22420) to work on /usr/local/lib/python3.10/dist-packages/airflow/example_dags/example_bash_operator.py
[2023-11-21T14:26:02.389+0700] {processor.py:829} INFO - Processing file /usr/local/lib/python3.10/dist-packages/airflow/example_dags/example_bash_operator.py for tasks to queue
[2023-11-21T14:26:02.390+0700] {logging_mixin.py:151} INFO - [2023-11-21T14:26:02.390+0700] {dagbag.py:536} INFO - Filling up the DagBag from /usr/local/lib/python3.10/dist-packages/airflow/example_dags/example_bash_operator.py
[2023-11-21T14:26:02.400+0700] {processor.py:839} INFO - DAG(s) dict_keys(['example_bash_operator']) retrieved from /usr/local/lib/python3.10/dist-packages/airflow/example_dags/example_bash_operator.py
[2023-11-21T14:26:02.425+0700] {logging_mixin.py:151} INFO - [2023-11-21T14:26:02.425+0700] {dag.py:2941} INFO - Sync 1 DAGs
[2023-11-21T14:26:02.449+0700] {logging_mixin.py:151} INFO - [2023-11-21T14:26:02.449+0700] {dag.py:3722} INFO - Setting next_dagrun for example_bash_operator to 2023-11-20T00:00:00+00:00, run_after=2023-11-21T00:00:00+00:00
[2023-11-21T14:26:02.496+0700] {processor.py:179} INFO - Processing /usr/local/lib/python3.10/dist-packages/airflow/example_dags/example_bash_operator.py took 0.119 seconds
[2023-11-21T14:26:48.758+0700] {processor.py:157} INFO - Started process (PID=22536) to work on /usr/local/lib/python3.10/dist-packages/airflow/example_dags/example_bash_operator.py
[2023-11-21T14:26:48.760+0700] {processor.py:829} INFO - Processing file /usr/local/lib/python3.10/dist-packages/airflow/example_dags/example_bash_operator.py for tasks to queue
[2023-11-21T14:26:48.761+0700] {logging_mixin.py:151} INFO - [2023-11-21T14:26:48.760+0700] {dagbag.py:536} INFO - Filling up the DagBag from /usr/local/lib/python3.10/dist-packages/airflow/example_dags/example_bash_operator.py
[2023-11-21T14:26:48.770+0700] {processor.py:839} INFO - DAG(s) dict_keys(['example_bash_operator']) retrieved from /usr/local/lib/python3.10/dist-packages/airflow/example_dags/example_bash_operator.py
[2023-11-21T14:26:48.791+0700] {logging_mixin.py:151} INFO - [2023-11-21T14:26:48.790+0700] {dag.py:2941} INFO - Sync 1 DAGs
[2023-11-21T14:26:48.811+0700] {logging_mixin.py:151} INFO - [2023-11-21T14:26:48.811+0700] {dag.py:3722} INFO - Setting next_dagrun for example_bash_operator to 2023-11-20T00:00:00+00:00, run_after=2023-11-21T00:00:00+00:00
[2023-11-21T14:26:48.847+0700] {processor.py:179} INFO - Processing /usr/local/lib/python3.10/dist-packages/airflow/example_dags/example_bash_operator.py took 0.092 seconds
[2023-11-21T14:38:47.859+0700] {processor.py:157} INFO - Started process (PID=24171) to work on /usr/local/lib/python3.10/dist-packages/airflow/example_dags/example_bash_operator.py
[2023-11-21T14:38:47.866+0700] {processor.py:829} INFO - Processing file /usr/local/lib/python3.10/dist-packages/airflow/example_dags/example_bash_operator.py for tasks to queue
[2023-11-21T14:38:47.867+0700] {logging_mixin.py:154} INFO - [2023-11-21T14:38:47.867+0700] {dagbag.py:536} INFO - Filling up the DagBag from /usr/local/lib/python3.10/dist-packages/airflow/example_dags/example_bash_operator.py
[2023-11-21T14:38:47.886+0700] {processor.py:839} INFO - DAG(s) dict_keys(['example_bash_operator']) retrieved from /usr/local/lib/python3.10/dist-packages/airflow/example_dags/example_bash_operator.py
[2023-11-21T14:38:47.893+0700] {logging_mixin.py:154} INFO - [2023-11-21T14:38:47.892+0700] {dag.py:2941} INFO - Sync 1 DAGs
[2023-11-21T14:38:47.924+0700] {logging_mixin.py:154} INFO - [2023-11-21T14:38:47.924+0700] {dag.py:3722} INFO - Setting next_dagrun for example_bash_operator to 2023-11-20T00:00:00+00:00, run_after=2023-11-21T00:00:00+00:00
[2023-11-21T14:38:47.952+0700] {processor.py:179} INFO - Processing /usr/local/lib/python3.10/dist-packages/airflow/example_dags/example_bash_operator.py took 0.096 seconds
[2023-11-21T14:39:31.793+0700] {processor.py:157} INFO - Started process (PID=24305) to work on /usr/local/lib/python3.10/dist-packages/airflow/example_dags/example_bash_operator.py
[2023-11-21T14:39:31.802+0700] {processor.py:829} INFO - Processing file /usr/local/lib/python3.10/dist-packages/airflow/example_dags/example_bash_operator.py for tasks to queue
[2023-11-21T14:39:31.802+0700] {logging_mixin.py:154} INFO - [2023-11-21T14:39:31.802+0700] {dagbag.py:536} INFO - Filling up the DagBag from /usr/local/lib/python3.10/dist-packages/airflow/example_dags/example_bash_operator.py
[2023-11-21T14:39:31.812+0700] {processor.py:839} INFO - DAG(s) dict_keys(['example_bash_operator']) retrieved from /usr/local/lib/python3.10/dist-packages/airflow/example_dags/example_bash_operator.py
[2023-11-21T14:39:31.832+0700] {logging_mixin.py:154} INFO - [2023-11-21T14:39:31.832+0700] {dag.py:2941} INFO - Sync 1 DAGs
[2023-11-21T14:39:31.848+0700] {logging_mixin.py:154} INFO - [2023-11-21T14:39:31.848+0700] {dag.py:3722} INFO - Setting next_dagrun for example_bash_operator to 2023-11-20T00:00:00+00:00, run_after=2023-11-21T00:00:00+00:00
[2023-11-21T14:39:31.894+0700] {processor.py:179} INFO - Processing /usr/local/lib/python3.10/dist-packages/airflow/example_dags/example_bash_operator.py took 0.103 seconds
