[2023-11-21T14:09:29.468+0700] {processor.py:157} INFO - Started process (PID=19462) to work on /home/thien/stock-prediction/.venv/lib/python3.10/site-packages/airflow/example_dags/example_branch_labels.py
[2023-11-21T14:09:29.469+0700] {processor.py:829} INFO - Processing file /home/thien/stock-prediction/.venv/lib/python3.10/site-packages/airflow/example_dags/example_branch_labels.py for tasks to queue
[2023-11-21T14:09:29.469+0700] {logging_mixin.py:154} INFO - [2023-11-21T14:09:29.469+0700] {dagbag.py:536} INFO - Filling up the DagBag from /home/thien/stock-prediction/.venv/lib/python3.10/site-packages/airflow/example_dags/example_branch_labels.py
[2023-11-21T14:09:29.475+0700] {processor.py:839} INFO - DAG(s) dict_keys(['example_branch_labels']) retrieved from /home/thien/stock-prediction/.venv/lib/python3.10/site-packages/airflow/example_dags/example_branch_labels.py
[2023-11-21T14:09:29.582+0700] {logging_mixin.py:154} INFO - [2023-11-21T14:09:29.582+0700] {manager.py:499} INFO - Created Permission View: %s
[2023-11-21T14:09:29.601+0700] {logging_mixin.py:154} INFO - [2023-11-21T14:09:29.601+0700] {manager.py:499} INFO - Created Permission View: %s
[2023-11-21T14:09:29.619+0700] {logging_mixin.py:154} INFO - [2023-11-21T14:09:29.619+0700] {manager.py:499} INFO - Created Permission View: %s
[2023-11-21T14:09:29.619+0700] {logging_mixin.py:154} INFO - [2023-11-21T14:09:29.619+0700] {dag.py:2941} INFO - Sync 1 DAGs
[2023-11-21T14:09:29.628+0700] {logging_mixin.py:154} INFO - [2023-11-21T14:09:29.628+0700] {dag.py:2963} INFO - Creating ORM DAG for example_branch_labels
[2023-11-21T14:09:29.635+0700] {logging_mixin.py:154} INFO - [2023-11-21T14:09:29.635+0700] {dag.py:3722} INFO - Setting next_dagrun for example_branch_labels to 2023-11-20T00:00:00+00:00, run_after=2023-11-21T00:00:00+00:00
[2023-11-21T14:09:29.666+0700] {processor.py:179} INFO - Processing /home/thien/stock-prediction/.venv/lib/python3.10/site-packages/airflow/example_dags/example_branch_labels.py took 0.200 seconds
[2023-11-21T14:25:39.300+0700] {processor.py:157} INFO - Started process (PID=22364) to work on /usr/local/lib/python3.10/dist-packages/airflow/example_dags/example_branch_labels.py
[2023-11-21T14:25:39.309+0700] {processor.py:829} INFO - Processing file /usr/local/lib/python3.10/dist-packages/airflow/example_dags/example_branch_labels.py for tasks to queue
[2023-11-21T14:25:39.310+0700] {logging_mixin.py:151} INFO - [2023-11-21T14:25:39.309+0700] {dagbag.py:536} INFO - Filling up the DagBag from /usr/local/lib/python3.10/dist-packages/airflow/example_dags/example_branch_labels.py
[2023-11-21T14:25:39.318+0700] {processor.py:839} INFO - DAG(s) dict_keys(['example_branch_labels']) retrieved from /usr/local/lib/python3.10/dist-packages/airflow/example_dags/example_branch_labels.py
[2023-11-21T14:25:39.333+0700] {logging_mixin.py:151} INFO - [2023-11-21T14:25:39.333+0700] {dag.py:2941} INFO - Sync 1 DAGs
[2023-11-21T14:25:39.353+0700] {logging_mixin.py:151} INFO - [2023-11-21T14:25:39.353+0700] {dag.py:3722} INFO - Setting next_dagrun for example_branch_labels to 2023-11-20T00:00:00+00:00, run_after=2023-11-21T00:00:00+00:00
[2023-11-21T14:25:39.384+0700] {processor.py:179} INFO - Processing /usr/local/lib/python3.10/dist-packages/airflow/example_dags/example_branch_labels.py took 0.088 seconds
[2023-11-21T14:26:25.848+0700] {processor.py:157} INFO - Started process (PID=22479) to work on /usr/local/lib/python3.10/dist-packages/airflow/example_dags/example_branch_labels.py
[2023-11-21T14:26:25.857+0700] {processor.py:829} INFO - Processing file /usr/local/lib/python3.10/dist-packages/airflow/example_dags/example_branch_labels.py for tasks to queue
[2023-11-21T14:26:25.858+0700] {logging_mixin.py:151} INFO - [2023-11-21T14:26:25.858+0700] {dagbag.py:536} INFO - Filling up the DagBag from /usr/local/lib/python3.10/dist-packages/airflow/example_dags/example_branch_labels.py
[2023-11-21T14:26:25.865+0700] {processor.py:839} INFO - DAG(s) dict_keys(['example_branch_labels']) retrieved from /usr/local/lib/python3.10/dist-packages/airflow/example_dags/example_branch_labels.py
[2023-11-21T14:26:25.880+0700] {logging_mixin.py:151} INFO - [2023-11-21T14:26:25.880+0700] {dag.py:2941} INFO - Sync 1 DAGs
[2023-11-21T14:26:25.897+0700] {logging_mixin.py:151} INFO - [2023-11-21T14:26:25.896+0700] {dag.py:3722} INFO - Setting next_dagrun for example_branch_labels to 2023-11-20T00:00:00+00:00, run_after=2023-11-21T00:00:00+00:00
[2023-11-21T14:26:25.925+0700] {processor.py:179} INFO - Processing /usr/local/lib/python3.10/dist-packages/airflow/example_dags/example_branch_labels.py took 0.080 seconds
[2023-11-21T14:27:10.417+0700] {processor.py:157} INFO - Started process (PID=22593) to work on /usr/local/lib/python3.10/dist-packages/airflow/example_dags/example_branch_labels.py
[2023-11-21T14:27:10.419+0700] {processor.py:829} INFO - Processing file /usr/local/lib/python3.10/dist-packages/airflow/example_dags/example_branch_labels.py for tasks to queue
[2023-11-21T14:27:10.419+0700] {logging_mixin.py:151} INFO - [2023-11-21T14:27:10.419+0700] {dagbag.py:536} INFO - Filling up the DagBag from /usr/local/lib/python3.10/dist-packages/airflow/example_dags/example_branch_labels.py
[2023-11-21T14:27:10.425+0700] {processor.py:839} INFO - DAG(s) dict_keys(['example_branch_labels']) retrieved from /usr/local/lib/python3.10/dist-packages/airflow/example_dags/example_branch_labels.py
[2023-11-21T14:27:10.441+0700] {logging_mixin.py:151} INFO - [2023-11-21T14:27:10.441+0700] {dag.py:2941} INFO - Sync 1 DAGs
[2023-11-21T14:27:10.460+0700] {logging_mixin.py:151} INFO - [2023-11-21T14:27:10.460+0700] {dag.py:3722} INFO - Setting next_dagrun for example_branch_labels to 2023-11-20T00:00:00+00:00, run_after=2023-11-21T00:00:00+00:00
[2023-11-21T14:27:10.495+0700] {processor.py:179} INFO - Processing /usr/local/lib/python3.10/dist-packages/airflow/example_dags/example_branch_labels.py took 0.080 seconds
[2023-11-21T14:39:21.499+0700] {processor.py:157} INFO - Started process (PID=24277) to work on /usr/local/lib/python3.10/dist-packages/airflow/example_dags/example_branch_labels.py
[2023-11-21T14:39:21.500+0700] {processor.py:829} INFO - Processing file /usr/local/lib/python3.10/dist-packages/airflow/example_dags/example_branch_labels.py for tasks to queue
[2023-11-21T14:39:21.500+0700] {logging_mixin.py:154} INFO - [2023-11-21T14:39:21.500+0700] {dagbag.py:536} INFO - Filling up the DagBag from /usr/local/lib/python3.10/dist-packages/airflow/example_dags/example_branch_labels.py
[2023-11-21T14:39:21.507+0700] {processor.py:839} INFO - DAG(s) dict_keys(['example_branch_labels']) retrieved from /usr/local/lib/python3.10/dist-packages/airflow/example_dags/example_branch_labels.py
[2023-11-21T14:39:21.522+0700] {logging_mixin.py:154} INFO - [2023-11-21T14:39:21.522+0700] {dag.py:2941} INFO - Sync 1 DAGs
[2023-11-21T14:39:21.539+0700] {logging_mixin.py:154} INFO - [2023-11-21T14:39:21.538+0700] {dag.py:3722} INFO - Setting next_dagrun for example_branch_labels to 2023-11-20T00:00:00+00:00, run_after=2023-11-21T00:00:00+00:00
[2023-11-21T14:39:21.571+0700] {processor.py:179} INFO - Processing /usr/local/lib/python3.10/dist-packages/airflow/example_dags/example_branch_labels.py took 0.075 seconds
