[2023-11-21T14:09:13.886+0700] {processor.py:157} INFO - Started process (PID=19428) to work on /home/thien/stock-prediction/.venv/lib/python3.10/site-packages/airflow/example_dags/example_branch_datetime_operator.py
[2023-11-21T14:09:13.887+0700] {processor.py:829} INFO - Processing file /home/thien/stock-prediction/.venv/lib/python3.10/site-packages/airflow/example_dags/example_branch_datetime_operator.py for tasks to queue
[2023-11-21T14:09:13.887+0700] {logging_mixin.py:154} INFO - [2023-11-21T14:09:13.887+0700] {dagbag.py:536} INFO - Filling up the DagBag from /home/thien/stock-prediction/.venv/lib/python3.10/site-packages/airflow/example_dags/example_branch_datetime_operator.py
[2023-11-21T14:09:13.895+0700] {processor.py:839} INFO - DAG(s) dict_keys(['example_branch_datetime_operator_2', 'example_branch_datetime_operator', 'example_branch_datetime_operator_3']) retrieved from /home/thien/stock-prediction/.venv/lib/python3.10/site-packages/airflow/example_dags/example_branch_datetime_operator.py
[2023-11-21T14:09:14.010+0700] {logging_mixin.py:154} INFO - [2023-11-21T14:09:14.010+0700] {manager.py:499} INFO - Created Permission View: %s
[2023-11-21T14:09:14.032+0700] {logging_mixin.py:154} INFO - [2023-11-21T14:09:14.031+0700] {manager.py:499} INFO - Created Permission View: %s
[2023-11-21T14:09:14.048+0700] {logging_mixin.py:154} INFO - [2023-11-21T14:09:14.048+0700] {manager.py:499} INFO - Created Permission View: %s
[2023-11-21T14:09:14.092+0700] {logging_mixin.py:154} INFO - [2023-11-21T14:09:14.092+0700] {manager.py:499} INFO - Created Permission View: %s
[2023-11-21T14:09:14.110+0700] {logging_mixin.py:154} INFO - [2023-11-21T14:09:14.110+0700] {manager.py:499} INFO - Created Permission View: %s
[2023-11-21T14:09:14.129+0700] {logging_mixin.py:154} INFO - [2023-11-21T14:09:14.129+0700] {manager.py:499} INFO - Created Permission View: %s
[2023-11-21T14:09:14.168+0700] {logging_mixin.py:154} INFO - [2023-11-21T14:09:14.168+0700] {manager.py:499} INFO - Created Permission View: %s
[2023-11-21T14:09:14.186+0700] {logging_mixin.py:154} INFO - [2023-11-21T14:09:14.186+0700] {manager.py:499} INFO - Created Permission View: %s
[2023-11-21T14:09:14.203+0700] {logging_mixin.py:154} INFO - [2023-11-21T14:09:14.203+0700] {manager.py:499} INFO - Created Permission View: %s
[2023-11-21T14:09:14.204+0700] {logging_mixin.py:154} INFO - [2023-11-21T14:09:14.203+0700] {dag.py:2941} INFO - Sync 3 DAGs
[2023-11-21T14:09:14.211+0700] {logging_mixin.py:154} INFO - [2023-11-21T14:09:14.211+0700] {dag.py:2963} INFO - Creating ORM DAG for example_branch_datetime_operator_2
[2023-11-21T14:09:14.211+0700] {logging_mixin.py:154} INFO - [2023-11-21T14:09:14.211+0700] {dag.py:2963} INFO - Creating ORM DAG for example_branch_datetime_operator
[2023-11-21T14:09:14.212+0700] {logging_mixin.py:154} INFO - [2023-11-21T14:09:14.211+0700] {dag.py:2963} INFO - Creating ORM DAG for example_branch_datetime_operator_3
[2023-11-21T14:09:14.219+0700] {logging_mixin.py:154} INFO - [2023-11-21T14:09:14.219+0700] {dag.py:3722} INFO - Setting next_dagrun for example_branch_datetime_operator to 2023-11-20T00:00:00+00:00, run_after=2023-11-21T00:00:00+00:00
[2023-11-21T14:09:14.221+0700] {logging_mixin.py:154} INFO - [2023-11-21T14:09:14.221+0700] {dag.py:3722} INFO - Setting next_dagrun for example_branch_datetime_operator_2 to 2023-11-20T00:00:00+00:00, run_after=2023-11-21T00:00:00+00:00
[2023-11-21T14:09:14.222+0700] {logging_mixin.py:154} INFO - [2023-11-21T14:09:14.222+0700] {dag.py:3722} INFO - Setting next_dagrun for example_branch_datetime_operator_3 to 2023-11-20T00:00:00+00:00, run_after=2023-11-21T00:00:00+00:00
[2023-11-21T14:09:14.252+0700] {processor.py:179} INFO - Processing /home/thien/stock-prediction/.venv/lib/python3.10/site-packages/airflow/example_dags/example_branch_datetime_operator.py took 0.368 seconds
[2023-11-21T14:25:22.001+0700] {processor.py:157} INFO - Started process (PID=22320) to work on /usr/local/lib/python3.10/dist-packages/airflow/example_dags/example_branch_datetime_operator.py
[2023-11-21T14:25:22.002+0700] {processor.py:829} INFO - Processing file /usr/local/lib/python3.10/dist-packages/airflow/example_dags/example_branch_datetime_operator.py for tasks to queue
[2023-11-21T14:25:22.002+0700] {logging_mixin.py:151} INFO - [2023-11-21T14:25:22.002+0700] {dagbag.py:536} INFO - Filling up the DagBag from /usr/local/lib/python3.10/dist-packages/airflow/example_dags/example_branch_datetime_operator.py
[2023-11-21T14:25:22.012+0700] {processor.py:839} INFO - DAG(s) dict_keys(['example_branch_datetime_operator', 'example_branch_datetime_operator_2', 'example_branch_datetime_operator_3']) retrieved from /usr/local/lib/python3.10/dist-packages/airflow/example_dags/example_branch_datetime_operator.py
[2023-11-21T14:25:22.020+0700] {logging_mixin.py:151} INFO - [2023-11-21T14:25:22.020+0700] {dag.py:2941} INFO - Sync 3 DAGs
[2023-11-21T14:25:22.042+0700] {logging_mixin.py:151} INFO - [2023-11-21T14:25:22.042+0700] {dag.py:3722} INFO - Setting next_dagrun for example_branch_datetime_operator to 2023-11-20T00:00:00+00:00, run_after=2023-11-21T00:00:00+00:00
[2023-11-21T14:25:22.046+0700] {logging_mixin.py:151} INFO - [2023-11-21T14:25:22.046+0700] {dag.py:3722} INFO - Setting next_dagrun for example_branch_datetime_operator_2 to 2023-11-20T00:00:00+00:00, run_after=2023-11-21T00:00:00+00:00
[2023-11-21T14:25:22.048+0700] {logging_mixin.py:151} INFO - [2023-11-21T14:25:22.048+0700] {dag.py:3722} INFO - Setting next_dagrun for example_branch_datetime_operator_3 to 2023-11-20T00:00:00+00:00, run_after=2023-11-21T00:00:00+00:00
[2023-11-21T14:25:22.072+0700] {processor.py:179} INFO - Processing /usr/local/lib/python3.10/dist-packages/airflow/example_dags/example_branch_datetime_operator.py took 0.075 seconds
[2023-11-21T14:26:06.449+0700] {processor.py:157} INFO - Started process (PID=22433) to work on /usr/local/lib/python3.10/dist-packages/airflow/example_dags/example_branch_datetime_operator.py
[2023-11-21T14:26:06.459+0700] {processor.py:829} INFO - Processing file /usr/local/lib/python3.10/dist-packages/airflow/example_dags/example_branch_datetime_operator.py for tasks to queue
[2023-11-21T14:26:06.460+0700] {logging_mixin.py:151} INFO - [2023-11-21T14:26:06.459+0700] {dagbag.py:536} INFO - Filling up the DagBag from /usr/local/lib/python3.10/dist-packages/airflow/example_dags/example_branch_datetime_operator.py
[2023-11-21T14:26:06.469+0700] {processor.py:839} INFO - DAG(s) dict_keys(['example_branch_datetime_operator_3', 'example_branch_datetime_operator', 'example_branch_datetime_operator_2']) retrieved from /usr/local/lib/python3.10/dist-packages/airflow/example_dags/example_branch_datetime_operator.py
[2023-11-21T14:26:06.491+0700] {logging_mixin.py:151} INFO - [2023-11-21T14:26:06.491+0700] {dag.py:2941} INFO - Sync 3 DAGs
[2023-11-21T14:26:06.510+0700] {logging_mixin.py:151} INFO - [2023-11-21T14:26:06.510+0700] {dag.py:3722} INFO - Setting next_dagrun for example_branch_datetime_operator to 2023-11-20T00:00:00+00:00, run_after=2023-11-21T00:00:00+00:00
[2023-11-21T14:26:06.513+0700] {logging_mixin.py:151} INFO - [2023-11-21T14:26:06.513+0700] {dag.py:3722} INFO - Setting next_dagrun for example_branch_datetime_operator_2 to 2023-11-20T00:00:00+00:00, run_after=2023-11-21T00:00:00+00:00
[2023-11-21T14:26:06.515+0700] {logging_mixin.py:151} INFO - [2023-11-21T14:26:06.515+0700] {dag.py:3722} INFO - Setting next_dagrun for example_branch_datetime_operator_3 to 2023-11-20T00:00:00+00:00, run_after=2023-11-21T00:00:00+00:00
[2023-11-21T14:26:06.550+0700] {processor.py:179} INFO - Processing /usr/local/lib/python3.10/dist-packages/airflow/example_dags/example_branch_datetime_operator.py took 0.104 seconds
[2023-11-21T14:26:51.643+0700] {processor.py:157} INFO - Started process (PID=22546) to work on /usr/local/lib/python3.10/dist-packages/airflow/example_dags/example_branch_datetime_operator.py
[2023-11-21T14:26:51.653+0700] {processor.py:829} INFO - Processing file /usr/local/lib/python3.10/dist-packages/airflow/example_dags/example_branch_datetime_operator.py for tasks to queue
[2023-11-21T14:26:51.654+0700] {logging_mixin.py:151} INFO - [2023-11-21T14:26:51.654+0700] {dagbag.py:536} INFO - Filling up the DagBag from /usr/local/lib/python3.10/dist-packages/airflow/example_dags/example_branch_datetime_operator.py
[2023-11-21T14:26:51.664+0700] {processor.py:839} INFO - DAG(s) dict_keys(['example_branch_datetime_operator', 'example_branch_datetime_operator_3', 'example_branch_datetime_operator_2']) retrieved from /usr/local/lib/python3.10/dist-packages/airflow/example_dags/example_branch_datetime_operator.py
[2023-11-21T14:26:51.684+0700] {logging_mixin.py:151} INFO - [2023-11-21T14:26:51.684+0700] {dag.py:2941} INFO - Sync 3 DAGs
[2023-11-21T14:26:51.704+0700] {logging_mixin.py:151} INFO - [2023-11-21T14:26:51.704+0700] {dag.py:3722} INFO - Setting next_dagrun for example_branch_datetime_operator to 2023-11-20T00:00:00+00:00, run_after=2023-11-21T00:00:00+00:00
[2023-11-21T14:26:51.707+0700] {logging_mixin.py:151} INFO - [2023-11-21T14:26:51.707+0700] {dag.py:3722} INFO - Setting next_dagrun for example_branch_datetime_operator_2 to 2023-11-20T00:00:00+00:00, run_after=2023-11-21T00:00:00+00:00
[2023-11-21T14:26:51.711+0700] {logging_mixin.py:151} INFO - [2023-11-21T14:26:51.710+0700] {dag.py:3722} INFO - Setting next_dagrun for example_branch_datetime_operator_3 to 2023-11-20T00:00:00+00:00, run_after=2023-11-21T00:00:00+00:00
[2023-11-21T14:26:51.737+0700] {processor.py:179} INFO - Processing /usr/local/lib/python3.10/dist-packages/airflow/example_dags/example_branch_datetime_operator.py took 0.098 seconds
[2023-11-21T14:38:54.019+0700] {processor.py:157} INFO - Started process (PID=24191) to work on /usr/local/lib/python3.10/dist-packages/airflow/example_dags/example_branch_datetime_operator.py
[2023-11-21T14:38:54.029+0700] {processor.py:829} INFO - Processing file /usr/local/lib/python3.10/dist-packages/airflow/example_dags/example_branch_datetime_operator.py for tasks to queue
[2023-11-21T14:38:54.030+0700] {logging_mixin.py:154} INFO - [2023-11-21T14:38:54.030+0700] {dagbag.py:536} INFO - Filling up the DagBag from /usr/local/lib/python3.10/dist-packages/airflow/example_dags/example_branch_datetime_operator.py
[2023-11-21T14:38:54.040+0700] {processor.py:839} INFO - DAG(s) dict_keys(['example_branch_datetime_operator_3', 'example_branch_datetime_operator', 'example_branch_datetime_operator_2']) retrieved from /usr/local/lib/python3.10/dist-packages/airflow/example_dags/example_branch_datetime_operator.py
[2023-11-21T14:38:54.047+0700] {logging_mixin.py:154} INFO - [2023-11-21T14:38:54.047+0700] {dag.py:2941} INFO - Sync 3 DAGs
[2023-11-21T14:38:54.066+0700] {logging_mixin.py:154} INFO - [2023-11-21T14:38:54.066+0700] {dag.py:3722} INFO - Setting next_dagrun for example_branch_datetime_operator to 2023-11-20T00:00:00+00:00, run_after=2023-11-21T00:00:00+00:00
[2023-11-21T14:38:54.069+0700] {logging_mixin.py:154} INFO - [2023-11-21T14:38:54.069+0700] {dag.py:3722} INFO - Setting next_dagrun for example_branch_datetime_operator_2 to 2023-11-20T00:00:00+00:00, run_after=2023-11-21T00:00:00+00:00
[2023-11-21T14:38:54.071+0700] {logging_mixin.py:154} INFO - [2023-11-21T14:38:54.070+0700] {dag.py:3722} INFO - Setting next_dagrun for example_branch_datetime_operator_3 to 2023-11-20T00:00:00+00:00, run_after=2023-11-21T00:00:00+00:00
[2023-11-21T14:38:54.097+0700] {processor.py:179} INFO - Processing /usr/local/lib/python3.10/dist-packages/airflow/example_dags/example_branch_datetime_operator.py took 0.080 seconds
[2023-11-21T14:39:38.232+0700] {processor.py:157} INFO - Started process (PID=24328) to work on /usr/local/lib/python3.10/dist-packages/airflow/example_dags/example_branch_datetime_operator.py
[2023-11-21T14:39:38.233+0700] {processor.py:829} INFO - Processing file /usr/local/lib/python3.10/dist-packages/airflow/example_dags/example_branch_datetime_operator.py for tasks to queue
[2023-11-21T14:39:38.234+0700] {logging_mixin.py:154} INFO - [2023-11-21T14:39:38.234+0700] {dagbag.py:536} INFO - Filling up the DagBag from /usr/local/lib/python3.10/dist-packages/airflow/example_dags/example_branch_datetime_operator.py
[2023-11-21T14:39:38.248+0700] {processor.py:839} INFO - DAG(s) dict_keys(['example_branch_datetime_operator', 'example_branch_datetime_operator_3', 'example_branch_datetime_operator_2']) retrieved from /usr/local/lib/python3.10/dist-packages/airflow/example_dags/example_branch_datetime_operator.py
[2023-11-21T14:39:38.270+0700] {logging_mixin.py:154} INFO - [2023-11-21T14:39:38.270+0700] {dag.py:2941} INFO - Sync 3 DAGs
[2023-11-21T14:39:38.293+0700] {logging_mixin.py:154} INFO - [2023-11-21T14:39:38.292+0700] {dag.py:3722} INFO - Setting next_dagrun for example_branch_datetime_operator to 2023-11-20T00:00:00+00:00, run_after=2023-11-21T00:00:00+00:00
[2023-11-21T14:39:38.299+0700] {logging_mixin.py:154} INFO - [2023-11-21T14:39:38.298+0700] {dag.py:3722} INFO - Setting next_dagrun for example_branch_datetime_operator_2 to 2023-11-20T00:00:00+00:00, run_after=2023-11-21T00:00:00+00:00
[2023-11-21T14:39:38.302+0700] {logging_mixin.py:154} INFO - [2023-11-21T14:39:38.302+0700] {dag.py:3722} INFO - Setting next_dagrun for example_branch_datetime_operator_3 to 2023-11-20T00:00:00+00:00, run_after=2023-11-21T00:00:00+00:00
[2023-11-21T14:39:38.334+0700] {processor.py:179} INFO - Processing /usr/local/lib/python3.10/dist-packages/airflow/example_dags/example_branch_datetime_operator.py took 0.106 seconds
