[2023-11-21T14:08:44.736+0700] {processor.py:157} INFO - Started process (PID=19165) to work on /home/thien/stock-prediction/.venv/lib/python3.10/site-packages/airflow/example_dags/example_task_group.py
[2023-11-21T14:08:44.737+0700] {processor.py:829} INFO - Processing file /home/thien/stock-prediction/.venv/lib/python3.10/site-packages/airflow/example_dags/example_task_group.py for tasks to queue
[2023-11-21T14:08:44.738+0700] {logging_mixin.py:154} INFO - [2023-11-21T14:08:44.738+0700] {dagbag.py:536} INFO - Filling up the DagBag from /home/thien/stock-prediction/.venv/lib/python3.10/site-packages/airflow/example_dags/example_task_group.py
[2023-11-21T14:08:44.746+0700] {processor.py:839} INFO - DAG(s) dict_keys(['example_task_group']) retrieved from /home/thien/stock-prediction/.venv/lib/python3.10/site-packages/airflow/example_dags/example_task_group.py
[2023-11-21T14:08:44.851+0700] {logging_mixin.py:154} INFO - [2023-11-21T14:08:44.851+0700] {manager.py:499} INFO - Created Permission View: %s
[2023-11-21T14:08:44.870+0700] {logging_mixin.py:154} INFO - [2023-11-21T14:08:44.870+0700] {manager.py:499} INFO - Created Permission View: %s
[2023-11-21T14:08:44.888+0700] {logging_mixin.py:154} INFO - [2023-11-21T14:08:44.888+0700] {manager.py:499} INFO - Created Permission View: %s
[2023-11-21T14:08:44.888+0700] {logging_mixin.py:154} INFO - [2023-11-21T14:08:44.888+0700] {dag.py:2941} INFO - Sync 1 DAGs
[2023-11-21T14:08:44.897+0700] {logging_mixin.py:154} INFO - [2023-11-21T14:08:44.897+0700] {dag.py:2963} INFO - Creating ORM DAG for example_task_group
[2023-11-21T14:08:44.905+0700] {logging_mixin.py:154} INFO - [2023-11-21T14:08:44.904+0700] {dag.py:3722} INFO - Setting next_dagrun for example_task_group to 2023-11-20T07:08:44.904718+00:00, run_after=2023-11-21T07:08:44.904718+00:00
[2023-11-21T14:08:44.934+0700] {processor.py:179} INFO - Processing /home/thien/stock-prediction/.venv/lib/python3.10/site-packages/airflow/example_dags/example_task_group.py took 0.200 seconds
[2023-11-21T14:09:36.920+0700] {processor.py:157} INFO - Started process (PID=19542) to work on /home/thien/stock-prediction/.venv/lib/python3.10/site-packages/airflow/example_dags/example_task_group.py
[2023-11-21T14:09:36.922+0700] {processor.py:829} INFO - Processing file /home/thien/stock-prediction/.venv/lib/python3.10/site-packages/airflow/example_dags/example_task_group.py for tasks to queue
[2023-11-21T14:09:36.923+0700] {logging_mixin.py:154} INFO - [2023-11-21T14:09:36.922+0700] {dagbag.py:536} INFO - Filling up the DagBag from /home/thien/stock-prediction/.venv/lib/python3.10/site-packages/airflow/example_dags/example_task_group.py
[2023-11-21T14:09:36.931+0700] {processor.py:839} INFO - DAG(s) dict_keys(['example_task_group']) retrieved from /home/thien/stock-prediction/.venv/lib/python3.10/site-packages/airflow/example_dags/example_task_group.py
[2023-11-21T14:09:36.946+0700] {logging_mixin.py:154} INFO - [2023-11-21T14:09:36.946+0700] {dag.py:2941} INFO - Sync 1 DAGs
[2023-11-21T14:09:36.964+0700] {logging_mixin.py:154} INFO - [2023-11-21T14:09:36.963+0700] {dag.py:3722} INFO - Setting next_dagrun for example_task_group to 2023-11-20T07:09:36.963692+00:00, run_after=2023-11-21T07:09:36.963692+00:00
[2023-11-21T14:09:36.990+0700] {processor.py:179} INFO - Processing /home/thien/stock-prediction/.venv/lib/python3.10/site-packages/airflow/example_dags/example_task_group.py took 0.072 seconds
[2023-11-21T14:25:02.166+0700] {processor.py:157} INFO - Started process (PID=22266) to work on /usr/local/lib/python3.10/dist-packages/airflow/example_dags/example_task_group.py
[2023-11-21T14:25:02.167+0700] {processor.py:829} INFO - Processing file /usr/local/lib/python3.10/dist-packages/airflow/example_dags/example_task_group.py for tasks to queue
[2023-11-21T14:25:02.168+0700] {logging_mixin.py:151} INFO - [2023-11-21T14:25:02.168+0700] {dagbag.py:536} INFO - Filling up the DagBag from /usr/local/lib/python3.10/dist-packages/airflow/example_dags/example_task_group.py
[2023-11-21T14:25:02.178+0700] {processor.py:839} INFO - DAG(s) dict_keys(['example_task_group']) retrieved from /usr/local/lib/python3.10/dist-packages/airflow/example_dags/example_task_group.py
[2023-11-21T14:25:02.186+0700] {logging_mixin.py:151} INFO - [2023-11-21T14:25:02.186+0700] {dag.py:2941} INFO - Sync 1 DAGs
[2023-11-21T14:25:02.205+0700] {logging_mixin.py:151} INFO - [2023-11-21T14:25:02.205+0700] {dag.py:3722} INFO - Setting next_dagrun for example_task_group to 2023-11-20T07:25:02.205059+00:00, run_after=2023-11-21T07:25:02.205059+00:00
[2023-11-21T14:25:02.231+0700] {processor.py:179} INFO - Processing /usr/local/lib/python3.10/dist-packages/airflow/example_dags/example_task_group.py took 0.068 seconds
[2023-11-21T14:25:46.714+0700] {processor.py:157} INFO - Started process (PID=22383) to work on /usr/local/lib/python3.10/dist-packages/airflow/example_dags/example_task_group.py
[2023-11-21T14:25:46.724+0700] {processor.py:829} INFO - Processing file /usr/local/lib/python3.10/dist-packages/airflow/example_dags/example_task_group.py for tasks to queue
[2023-11-21T14:25:46.725+0700] {logging_mixin.py:151} INFO - [2023-11-21T14:25:46.725+0700] {dagbag.py:536} INFO - Filling up the DagBag from /usr/local/lib/python3.10/dist-packages/airflow/example_dags/example_task_group.py
[2023-11-21T14:25:46.732+0700] {processor.py:839} INFO - DAG(s) dict_keys(['example_task_group']) retrieved from /usr/local/lib/python3.10/dist-packages/airflow/example_dags/example_task_group.py
[2023-11-21T14:25:46.746+0700] {logging_mixin.py:151} INFO - [2023-11-21T14:25:46.746+0700] {dag.py:2941} INFO - Sync 1 DAGs
[2023-11-21T14:25:46.762+0700] {logging_mixin.py:151} INFO - [2023-11-21T14:25:46.761+0700] {dag.py:3722} INFO - Setting next_dagrun for example_task_group to 2023-11-20T07:25:46.761637+00:00, run_after=2023-11-21T07:25:46.761637+00:00
[2023-11-21T14:25:46.790+0700] {processor.py:179} INFO - Processing /usr/local/lib/python3.10/dist-packages/airflow/example_dags/example_task_group.py took 0.078 seconds
[2023-11-21T14:26:33.206+0700] {processor.py:157} INFO - Started process (PID=22499) to work on /usr/local/lib/python3.10/dist-packages/airflow/example_dags/example_task_group.py
[2023-11-21T14:26:33.208+0700] {processor.py:829} INFO - Processing file /usr/local/lib/python3.10/dist-packages/airflow/example_dags/example_task_group.py for tasks to queue
[2023-11-21T14:26:33.209+0700] {logging_mixin.py:151} INFO - [2023-11-21T14:26:33.208+0700] {dagbag.py:536} INFO - Filling up the DagBag from /usr/local/lib/python3.10/dist-packages/airflow/example_dags/example_task_group.py
[2023-11-21T14:26:33.216+0700] {processor.py:839} INFO - DAG(s) dict_keys(['example_task_group']) retrieved from /usr/local/lib/python3.10/dist-packages/airflow/example_dags/example_task_group.py
[2023-11-21T14:26:33.230+0700] {logging_mixin.py:151} INFO - [2023-11-21T14:26:33.229+0700] {dag.py:2941} INFO - Sync 1 DAGs
[2023-11-21T14:26:33.245+0700] {logging_mixin.py:151} INFO - [2023-11-21T14:26:33.245+0700] {dag.py:3722} INFO - Setting next_dagrun for example_task_group to 2023-11-20T07:26:33.245099+00:00, run_after=2023-11-21T07:26:33.245099+00:00
[2023-11-21T14:26:33.273+0700] {processor.py:179} INFO - Processing /usr/local/lib/python3.10/dist-packages/airflow/example_dags/example_task_group.py took 0.069 seconds
[2023-11-21T14:27:16.253+0700] {processor.py:157} INFO - Started process (PID=22626) to work on /usr/local/lib/python3.10/dist-packages/airflow/example_dags/example_task_group.py
[2023-11-21T14:27:16.263+0700] {processor.py:829} INFO - Processing file /usr/local/lib/python3.10/dist-packages/airflow/example_dags/example_task_group.py for tasks to queue
[2023-11-21T14:27:16.267+0700] {logging_mixin.py:151} INFO - [2023-11-21T14:27:16.266+0700] {dagbag.py:536} INFO - Filling up the DagBag from /usr/local/lib/python3.10/dist-packages/airflow/example_dags/example_task_group.py
[2023-11-21T14:27:16.275+0700] {processor.py:839} INFO - DAG(s) dict_keys(['example_task_group']) retrieved from /usr/local/lib/python3.10/dist-packages/airflow/example_dags/example_task_group.py
[2023-11-21T14:27:16.294+0700] {logging_mixin.py:151} INFO - [2023-11-21T14:27:16.293+0700] {dag.py:2941} INFO - Sync 1 DAGs
[2023-11-21T14:27:16.319+0700] {logging_mixin.py:151} INFO - [2023-11-21T14:27:16.319+0700] {dag.py:3722} INFO - Setting next_dagrun for example_task_group to 2023-11-20T07:27:16.319074+00:00, run_after=2023-11-21T07:27:16.319074+00:00
[2023-11-21T14:27:16.355+0700] {processor.py:179} INFO - Processing /usr/local/lib/python3.10/dist-packages/airflow/example_dags/example_task_group.py took 0.106 seconds
[2023-11-21T14:39:00.505+0700] {processor.py:157} INFO - Started process (PID=24216) to work on /usr/local/lib/python3.10/dist-packages/airflow/example_dags/example_task_group.py
[2023-11-21T14:39:00.508+0700] {processor.py:829} INFO - Processing file /usr/local/lib/python3.10/dist-packages/airflow/example_dags/example_task_group.py for tasks to queue
[2023-11-21T14:39:00.509+0700] {logging_mixin.py:154} INFO - [2023-11-21T14:39:00.509+0700] {dagbag.py:536} INFO - Filling up the DagBag from /usr/local/lib/python3.10/dist-packages/airflow/example_dags/example_task_group.py
[2023-11-21T14:39:00.519+0700] {processor.py:839} INFO - DAG(s) dict_keys(['example_task_group']) retrieved from /usr/local/lib/python3.10/dist-packages/airflow/example_dags/example_task_group.py
[2023-11-21T14:39:00.527+0700] {logging_mixin.py:154} INFO - [2023-11-21T14:39:00.527+0700] {dag.py:2941} INFO - Sync 1 DAGs
[2023-11-21T14:39:00.544+0700] {logging_mixin.py:154} INFO - [2023-11-21T14:39:00.544+0700] {dag.py:3722} INFO - Setting next_dagrun for example_task_group to 2023-11-20T07:39:00.544572+00:00, run_after=2023-11-21T07:39:00.544572+00:00
[2023-11-21T14:39:00.576+0700] {processor.py:179} INFO - Processing /usr/local/lib/python3.10/dist-packages/airflow/example_dags/example_task_group.py took 0.074 seconds
[2023-11-21T14:39:45.909+0700] {processor.py:157} INFO - Started process (PID=24348) to work on /usr/local/lib/python3.10/dist-packages/airflow/example_dags/example_task_group.py
[2023-11-21T14:39:45.919+0700] {processor.py:829} INFO - Processing file /usr/local/lib/python3.10/dist-packages/airflow/example_dags/example_task_group.py for tasks to queue
[2023-11-21T14:39:45.920+0700] {logging_mixin.py:154} INFO - [2023-11-21T14:39:45.919+0700] {dagbag.py:536} INFO - Filling up the DagBag from /usr/local/lib/python3.10/dist-packages/airflow/example_dags/example_task_group.py
[2023-11-21T14:39:45.926+0700] {processor.py:839} INFO - DAG(s) dict_keys(['example_task_group']) retrieved from /usr/local/lib/python3.10/dist-packages/airflow/example_dags/example_task_group.py
[2023-11-21T14:39:45.939+0700] {logging_mixin.py:154} INFO - [2023-11-21T14:39:45.939+0700] {dag.py:2941} INFO - Sync 1 DAGs
[2023-11-21T14:39:45.954+0700] {logging_mixin.py:154} INFO - [2023-11-21T14:39:45.954+0700] {dag.py:3722} INFO - Setting next_dagrun for example_task_group to 2023-11-20T07:39:45.954480+00:00, run_after=2023-11-21T07:39:45.954480+00:00
[2023-11-21T14:39:45.981+0700] {processor.py:179} INFO - Processing /usr/local/lib/python3.10/dist-packages/airflow/example_dags/example_task_group.py took 0.074 seconds
