[2023-11-21T14:09:12.533+0700] {processor.py:157} INFO - Started process (PID=19424) to work on /home/thien/stock-prediction/.venv/lib/python3.10/site-packages/airflow/example_dags/example_branch_python_dop_operator_3.py
[2023-11-21T14:09:12.534+0700] {processor.py:829} INFO - Processing file /home/thien/stock-prediction/.venv/lib/python3.10/site-packages/airflow/example_dags/example_branch_python_dop_operator_3.py for tasks to queue
[2023-11-21T14:09:12.534+0700] {logging_mixin.py:154} INFO - [2023-11-21T14:09:12.534+0700] {dagbag.py:536} INFO - Filling up the DagBag from /home/thien/stock-prediction/.venv/lib/python3.10/site-packages/airflow/example_dags/example_branch_python_dop_operator_3.py
[2023-11-21T14:09:12.541+0700] {processor.py:839} INFO - DAG(s) dict_keys(['example_branch_dop_operator_v3']) retrieved from /home/thien/stock-prediction/.venv/lib/python3.10/site-packages/airflow/example_dags/example_branch_python_dop_operator_3.py
[2023-11-21T14:09:12.644+0700] {logging_mixin.py:154} INFO - [2023-11-21T14:09:12.643+0700] {manager.py:499} INFO - Created Permission View: %s
[2023-11-21T14:09:12.662+0700] {logging_mixin.py:154} INFO - [2023-11-21T14:09:12.661+0700] {manager.py:499} INFO - Created Permission View: %s
[2023-11-21T14:09:12.679+0700] {logging_mixin.py:154} INFO - [2023-11-21T14:09:12.679+0700] {manager.py:499} INFO - Created Permission View: %s
[2023-11-21T14:09:12.679+0700] {logging_mixin.py:154} INFO - [2023-11-21T14:09:12.679+0700] {dag.py:2941} INFO - Sync 1 DAGs
[2023-11-21T14:09:12.688+0700] {logging_mixin.py:154} INFO - [2023-11-21T14:09:12.688+0700] {dag.py:2963} INFO - Creating ORM DAG for example_branch_dop_operator_v3
[2023-11-21T14:09:12.698+0700] {logging_mixin.py:154} INFO - [2023-11-21T14:09:12.698+0700] {dag.py:3722} INFO - Setting next_dagrun for example_branch_dop_operator_v3 to 2023-11-21T07:08:00+00:00, run_after=2023-11-21T07:09:00+00:00
[2023-11-21T14:09:12.731+0700] {processor.py:179} INFO - Processing /home/thien/stock-prediction/.venv/lib/python3.10/site-packages/airflow/example_dags/example_branch_python_dop_operator_3.py took 0.200 seconds
[2023-11-21T14:25:20.866+0700] {processor.py:157} INFO - Started process (PID=22316) to work on /usr/local/lib/python3.10/dist-packages/airflow/example_dags/example_branch_python_dop_operator_3.py
[2023-11-21T14:25:20.867+0700] {processor.py:829} INFO - Processing file /usr/local/lib/python3.10/dist-packages/airflow/example_dags/example_branch_python_dop_operator_3.py for tasks to queue
[2023-11-21T14:25:20.867+0700] {logging_mixin.py:151} INFO - [2023-11-21T14:25:20.867+0700] {dagbag.py:536} INFO - Filling up the DagBag from /usr/local/lib/python3.10/dist-packages/airflow/example_dags/example_branch_python_dop_operator_3.py
[2023-11-21T14:25:20.875+0700] {processor.py:839} INFO - DAG(s) dict_keys(['example_branch_dop_operator_v3']) retrieved from /usr/local/lib/python3.10/dist-packages/airflow/example_dags/example_branch_python_dop_operator_3.py
[2023-11-21T14:25:20.881+0700] {logging_mixin.py:151} INFO - [2023-11-21T14:25:20.881+0700] {dag.py:2941} INFO - Sync 1 DAGs
[2023-11-21T14:25:20.902+0700] {logging_mixin.py:151} INFO - [2023-11-21T14:25:20.902+0700] {dag.py:3722} INFO - Setting next_dagrun for example_branch_dop_operator_v3 to 2023-11-21T07:24:00+00:00, run_after=2023-11-21T07:25:00+00:00
[2023-11-21T14:25:20.928+0700] {processor.py:179} INFO - Processing /usr/local/lib/python3.10/dist-packages/airflow/example_dags/example_branch_python_dop_operator_3.py took 0.065 seconds
[2023-11-21T14:26:05.306+0700] {processor.py:157} INFO - Started process (PID=22432) to work on /usr/local/lib/python3.10/dist-packages/airflow/example_dags/example_branch_python_dop_operator_3.py
[2023-11-21T14:26:05.308+0700] {processor.py:829} INFO - Processing file /usr/local/lib/python3.10/dist-packages/airflow/example_dags/example_branch_python_dop_operator_3.py for tasks to queue
[2023-11-21T14:26:05.308+0700] {logging_mixin.py:151} INFO - [2023-11-21T14:26:05.308+0700] {dagbag.py:536} INFO - Filling up the DagBag from /usr/local/lib/python3.10/dist-packages/airflow/example_dags/example_branch_python_dop_operator_3.py
[2023-11-21T14:26:05.317+0700] {processor.py:839} INFO - DAG(s) dict_keys(['example_branch_dop_operator_v3']) retrieved from /usr/local/lib/python3.10/dist-packages/airflow/example_dags/example_branch_python_dop_operator_3.py
[2023-11-21T14:26:05.333+0700] {logging_mixin.py:151} INFO - [2023-11-21T14:26:05.332+0700] {dag.py:2941} INFO - Sync 1 DAGs
[2023-11-21T14:26:05.366+0700] {logging_mixin.py:151} INFO - [2023-11-21T14:26:05.366+0700] {dag.py:3722} INFO - Setting next_dagrun for example_branch_dop_operator_v3 to 2023-11-21T07:25:00+00:00, run_after=2023-11-21T07:26:00+00:00
[2023-11-21T14:26:05.397+0700] {processor.py:179} INFO - Processing /usr/local/lib/python3.10/dist-packages/airflow/example_dags/example_branch_python_dop_operator_3.py took 0.094 seconds
[2023-11-21T14:26:50.492+0700] {processor.py:157} INFO - Started process (PID=22542) to work on /usr/local/lib/python3.10/dist-packages/airflow/example_dags/example_branch_python_dop_operator_3.py
[2023-11-21T14:26:50.494+0700] {processor.py:829} INFO - Processing file /usr/local/lib/python3.10/dist-packages/airflow/example_dags/example_branch_python_dop_operator_3.py for tasks to queue
[2023-11-21T14:26:50.495+0700] {logging_mixin.py:151} INFO - [2023-11-21T14:26:50.495+0700] {dagbag.py:536} INFO - Filling up the DagBag from /usr/local/lib/python3.10/dist-packages/airflow/example_dags/example_branch_python_dop_operator_3.py
[2023-11-21T14:26:50.502+0700] {processor.py:839} INFO - DAG(s) dict_keys(['example_branch_dop_operator_v3']) retrieved from /usr/local/lib/python3.10/dist-packages/airflow/example_dags/example_branch_python_dop_operator_3.py
[2023-11-21T14:26:50.517+0700] {logging_mixin.py:151} INFO - [2023-11-21T14:26:50.517+0700] {dag.py:2941} INFO - Sync 1 DAGs
[2023-11-21T14:26:50.536+0700] {logging_mixin.py:151} INFO - [2023-11-21T14:26:50.536+0700] {dag.py:3722} INFO - Setting next_dagrun for example_branch_dop_operator_v3 to 2023-11-21T07:25:00+00:00, run_after=2023-11-21T07:26:00+00:00
[2023-11-21T14:26:50.566+0700] {processor.py:179} INFO - Processing /usr/local/lib/python3.10/dist-packages/airflow/example_dags/example_branch_python_dop_operator_3.py took 0.077 seconds
[2023-11-21T14:38:51.658+0700] {processor.py:157} INFO - Started process (PID=24186) to work on /usr/local/lib/python3.10/dist-packages/airflow/example_dags/example_branch_python_dop_operator_3.py
[2023-11-21T14:38:51.660+0700] {processor.py:829} INFO - Processing file /usr/local/lib/python3.10/dist-packages/airflow/example_dags/example_branch_python_dop_operator_3.py for tasks to queue
[2023-11-21T14:38:51.660+0700] {logging_mixin.py:154} INFO - [2023-11-21T14:38:51.660+0700] {dagbag.py:536} INFO - Filling up the DagBag from /usr/local/lib/python3.10/dist-packages/airflow/example_dags/example_branch_python_dop_operator_3.py
[2023-11-21T14:38:51.676+0700] {processor.py:839} INFO - DAG(s) dict_keys(['example_branch_dop_operator_v3']) retrieved from /usr/local/lib/python3.10/dist-packages/airflow/example_dags/example_branch_python_dop_operator_3.py
[2023-11-21T14:38:51.693+0700] {logging_mixin.py:154} INFO - [2023-11-21T14:38:51.693+0700] {dag.py:2941} INFO - Sync 1 DAGs
[2023-11-21T14:38:51.734+0700] {logging_mixin.py:154} INFO - [2023-11-21T14:38:51.734+0700] {dag.py:3722} INFO - Setting next_dagrun for example_branch_dop_operator_v3 to 2023-11-21T07:37:00+00:00, run_after=2023-11-21T07:38:00+00:00
[2023-11-21T14:38:51.760+0700] {processor.py:179} INFO - Processing /usr/local/lib/python3.10/dist-packages/airflow/example_dags/example_branch_python_dop_operator_3.py took 0.105 seconds
[2023-11-21T14:39:35.945+0700] {processor.py:157} INFO - Started process (PID=24323) to work on /usr/local/lib/python3.10/dist-packages/airflow/example_dags/example_branch_python_dop_operator_3.py
[2023-11-21T14:39:35.947+0700] {processor.py:829} INFO - Processing file /usr/local/lib/python3.10/dist-packages/airflow/example_dags/example_branch_python_dop_operator_3.py for tasks to queue
[2023-11-21T14:39:35.948+0700] {logging_mixin.py:154} INFO - [2023-11-21T14:39:35.947+0700] {dagbag.py:536} INFO - Filling up the DagBag from /usr/local/lib/python3.10/dist-packages/airflow/example_dags/example_branch_python_dop_operator_3.py
[2023-11-21T14:39:35.956+0700] {processor.py:839} INFO - DAG(s) dict_keys(['example_branch_dop_operator_v3']) retrieved from /usr/local/lib/python3.10/dist-packages/airflow/example_dags/example_branch_python_dop_operator_3.py
[2023-11-21T14:39:35.971+0700] {logging_mixin.py:154} INFO - [2023-11-21T14:39:35.971+0700] {dag.py:2941} INFO - Sync 1 DAGs
[2023-11-21T14:39:35.992+0700] {logging_mixin.py:154} INFO - [2023-11-21T14:39:35.992+0700] {dag.py:3722} INFO - Setting next_dagrun for example_branch_dop_operator_v3 to 2023-11-21T07:38:00+00:00, run_after=2023-11-21T07:39:00+00:00
[2023-11-21T14:39:36.022+0700] {processor.py:179} INFO - Processing /usr/local/lib/python3.10/dist-packages/airflow/example_dags/example_branch_python_dop_operator_3.py took 0.079 seconds
