[2023-11-21T14:08:55.070+0700] {processor.py:157} INFO - Started process (PID=19340) to work on /home/thien/stock-prediction/.venv/lib/python3.10/site-packages/airflow/example_dags/example_time_delta_sensor_async.py
[2023-11-21T14:08:55.070+0700] {processor.py:829} INFO - Processing file /home/thien/stock-prediction/.venv/lib/python3.10/site-packages/airflow/example_dags/example_time_delta_sensor_async.py for tasks to queue
[2023-11-21T14:08:55.071+0700] {logging_mixin.py:154} INFO - [2023-11-21T14:08:55.071+0700] {dagbag.py:536} INFO - Filling up the DagBag from /home/thien/stock-prediction/.venv/lib/python3.10/site-packages/airflow/example_dags/example_time_delta_sensor_async.py
[2023-11-21T14:08:55.075+0700] {processor.py:839} INFO - DAG(s) dict_keys(['example_time_delta_sensor_async']) retrieved from /home/thien/stock-prediction/.venv/lib/python3.10/site-packages/airflow/example_dags/example_time_delta_sensor_async.py
[2023-11-21T14:08:55.179+0700] {logging_mixin.py:154} INFO - [2023-11-21T14:08:55.179+0700] {manager.py:499} INFO - Created Permission View: %s
[2023-11-21T14:08:55.198+0700] {logging_mixin.py:154} INFO - [2023-11-21T14:08:55.198+0700] {manager.py:499} INFO - Created Permission View: %s
[2023-11-21T14:08:55.215+0700] {logging_mixin.py:154} INFO - [2023-11-21T14:08:55.215+0700] {manager.py:499} INFO - Created Permission View: %s
[2023-11-21T14:08:55.216+0700] {logging_mixin.py:154} INFO - [2023-11-21T14:08:55.216+0700] {dag.py:2941} INFO - Sync 1 DAGs
[2023-11-21T14:08:55.223+0700] {logging_mixin.py:154} INFO - [2023-11-21T14:08:55.223+0700] {dag.py:2963} INFO - Creating ORM DAG for example_time_delta_sensor_async
[2023-11-21T14:08:55.223+0700] {logging_mixin.py:154} INFO - [2023-11-21T14:08:55.223+0700] {dag.py:3722} INFO - Setting next_dagrun for example_time_delta_sensor_async to None, run_after=None
[2023-11-21T14:08:55.249+0700] {processor.py:179} INFO - Processing /home/thien/stock-prediction/.venv/lib/python3.10/site-packages/airflow/example_dags/example_time_delta_sensor_async.py took 0.182 seconds
[2023-11-21T14:09:46.041+0700] {processor.py:157} INFO - Started process (PID=19628) to work on /home/thien/stock-prediction/.venv/lib/python3.10/site-packages/airflow/example_dags/example_time_delta_sensor_async.py
[2023-11-21T14:09:46.050+0700] {processor.py:829} INFO - Processing file /home/thien/stock-prediction/.venv/lib/python3.10/site-packages/airflow/example_dags/example_time_delta_sensor_async.py for tasks to queue
[2023-11-21T14:09:46.051+0700] {logging_mixin.py:154} INFO - [2023-11-21T14:09:46.050+0700] {dagbag.py:536} INFO - Filling up the DagBag from /home/thien/stock-prediction/.venv/lib/python3.10/site-packages/airflow/example_dags/example_time_delta_sensor_async.py
[2023-11-21T14:09:46.058+0700] {processor.py:839} INFO - DAG(s) dict_keys(['example_time_delta_sensor_async']) retrieved from /home/thien/stock-prediction/.venv/lib/python3.10/site-packages/airflow/example_dags/example_time_delta_sensor_async.py
[2023-11-21T14:09:46.080+0700] {logging_mixin.py:154} INFO - [2023-11-21T14:09:46.079+0700] {dag.py:2941} INFO - Sync 1 DAGs
[2023-11-21T14:09:46.094+0700] {logging_mixin.py:154} INFO - [2023-11-21T14:09:46.094+0700] {dag.py:3722} INFO - Setting next_dagrun for example_time_delta_sensor_async to None, run_after=None
[2023-11-21T14:09:46.131+0700] {processor.py:179} INFO - Processing /home/thien/stock-prediction/.venv/lib/python3.10/site-packages/airflow/example_dags/example_time_delta_sensor_async.py took 0.093 seconds
[2023-11-21T14:25:08.326+0700] {processor.py:157} INFO - Started process (PID=22281) to work on /usr/local/lib/python3.10/dist-packages/airflow/example_dags/example_time_delta_sensor_async.py
[2023-11-21T14:25:08.327+0700] {processor.py:829} INFO - Processing file /usr/local/lib/python3.10/dist-packages/airflow/example_dags/example_time_delta_sensor_async.py for tasks to queue
[2023-11-21T14:25:08.328+0700] {logging_mixin.py:151} INFO - [2023-11-21T14:25:08.328+0700] {dagbag.py:536} INFO - Filling up the DagBag from /usr/local/lib/python3.10/dist-packages/airflow/example_dags/example_time_delta_sensor_async.py
[2023-11-21T14:25:08.333+0700] {processor.py:839} INFO - DAG(s) dict_keys(['example_time_delta_sensor_async']) retrieved from /usr/local/lib/python3.10/dist-packages/airflow/example_dags/example_time_delta_sensor_async.py
[2023-11-21T14:25:08.341+0700] {logging_mixin.py:151} INFO - [2023-11-21T14:25:08.341+0700] {dag.py:2941} INFO - Sync 1 DAGs
[2023-11-21T14:25:08.354+0700] {logging_mixin.py:151} INFO - [2023-11-21T14:25:08.354+0700] {dag.py:3722} INFO - Setting next_dagrun for example_time_delta_sensor_async to None, run_after=None
[2023-11-21T14:25:08.381+0700] {processor.py:179} INFO - Processing /usr/local/lib/python3.10/dist-packages/airflow/example_dags/example_time_delta_sensor_async.py took 0.058 seconds
[2023-11-21T14:25:53.093+0700] {processor.py:157} INFO - Started process (PID=22398) to work on /usr/local/lib/python3.10/dist-packages/airflow/example_dags/example_time_delta_sensor_async.py
[2023-11-21T14:25:53.103+0700] {processor.py:829} INFO - Processing file /usr/local/lib/python3.10/dist-packages/airflow/example_dags/example_time_delta_sensor_async.py for tasks to queue
[2023-11-21T14:25:53.104+0700] {logging_mixin.py:151} INFO - [2023-11-21T14:25:53.103+0700] {dagbag.py:536} INFO - Filling up the DagBag from /usr/local/lib/python3.10/dist-packages/airflow/example_dags/example_time_delta_sensor_async.py
[2023-11-21T14:25:53.108+0700] {processor.py:839} INFO - DAG(s) dict_keys(['example_time_delta_sensor_async']) retrieved from /usr/local/lib/python3.10/dist-packages/airflow/example_dags/example_time_delta_sensor_async.py
[2023-11-21T14:25:53.122+0700] {logging_mixin.py:151} INFO - [2023-11-21T14:25:53.122+0700] {dag.py:2941} INFO - Sync 1 DAGs
[2023-11-21T14:25:53.131+0700] {logging_mixin.py:151} INFO - [2023-11-21T14:25:53.131+0700] {dag.py:3722} INFO - Setting next_dagrun for example_time_delta_sensor_async to None, run_after=None
[2023-11-21T14:25:53.159+0700] {processor.py:179} INFO - Processing /usr/local/lib/python3.10/dist-packages/airflow/example_dags/example_time_delta_sensor_async.py took 0.068 seconds
[2023-11-21T14:26:38.782+0700] {processor.py:157} INFO - Started process (PID=22514) to work on /usr/local/lib/python3.10/dist-packages/airflow/example_dags/example_time_delta_sensor_async.py
[2023-11-21T14:26:38.792+0700] {processor.py:829} INFO - Processing file /usr/local/lib/python3.10/dist-packages/airflow/example_dags/example_time_delta_sensor_async.py for tasks to queue
[2023-11-21T14:26:38.793+0700] {logging_mixin.py:151} INFO - [2023-11-21T14:26:38.792+0700] {dagbag.py:536} INFO - Filling up the DagBag from /usr/local/lib/python3.10/dist-packages/airflow/example_dags/example_time_delta_sensor_async.py
[2023-11-21T14:26:38.797+0700] {processor.py:839} INFO - DAG(s) dict_keys(['example_time_delta_sensor_async']) retrieved from /usr/local/lib/python3.10/dist-packages/airflow/example_dags/example_time_delta_sensor_async.py
[2023-11-21T14:26:38.812+0700] {logging_mixin.py:151} INFO - [2023-11-21T14:26:38.812+0700] {dag.py:2941} INFO - Sync 1 DAGs
[2023-11-21T14:26:38.822+0700] {logging_mixin.py:151} INFO - [2023-11-21T14:26:38.822+0700] {dag.py:3722} INFO - Setting next_dagrun for example_time_delta_sensor_async to None, run_after=None
[2023-11-21T14:26:38.856+0700] {processor.py:179} INFO - Processing /usr/local/lib/python3.10/dist-packages/airflow/example_dags/example_time_delta_sensor_async.py took 0.077 seconds
[2023-11-21T14:39:15.640+0700] {processor.py:157} INFO - Started process (PID=24257) to work on /usr/local/lib/python3.10/dist-packages/airflow/example_dags/example_time_delta_sensor_async.py
[2023-11-21T14:39:15.650+0700] {processor.py:829} INFO - Processing file /usr/local/lib/python3.10/dist-packages/airflow/example_dags/example_time_delta_sensor_async.py for tasks to queue
[2023-11-21T14:39:15.651+0700] {logging_mixin.py:154} INFO - [2023-11-21T14:39:15.651+0700] {dagbag.py:536} INFO - Filling up the DagBag from /usr/local/lib/python3.10/dist-packages/airflow/example_dags/example_time_delta_sensor_async.py
[2023-11-21T14:39:15.655+0700] {processor.py:839} INFO - DAG(s) dict_keys(['example_time_delta_sensor_async']) retrieved from /usr/local/lib/python3.10/dist-packages/airflow/example_dags/example_time_delta_sensor_async.py
[2023-11-21T14:39:15.668+0700] {logging_mixin.py:154} INFO - [2023-11-21T14:39:15.668+0700] {dag.py:2941} INFO - Sync 1 DAGs
[2023-11-21T14:39:15.678+0700] {logging_mixin.py:154} INFO - [2023-11-21T14:39:15.677+0700] {dag.py:3722} INFO - Setting next_dagrun for example_time_delta_sensor_async to None, run_after=None
[2023-11-21T14:39:15.704+0700] {processor.py:179} INFO - Processing /usr/local/lib/python3.10/dist-packages/airflow/example_dags/example_time_delta_sensor_async.py took 0.067 seconds
