[2023-11-21T14:08:49.439+0700] {processor.py:157} INFO - Started process (PID=19244) to work on /home/thien/stock-prediction/.venv/lib/python3.10/site-packages/airflow/example_dags/example_sensor_decorator.py
[2023-11-21T14:08:49.440+0700] {processor.py:829} INFO - Processing file /home/thien/stock-prediction/.venv/lib/python3.10/site-packages/airflow/example_dags/example_sensor_decorator.py for tasks to queue
[2023-11-21T14:08:49.441+0700] {logging_mixin.py:154} INFO - [2023-11-21T14:08:49.440+0700] {dagbag.py:536} INFO - Filling up the DagBag from /home/thien/stock-prediction/.venv/lib/python3.10/site-packages/airflow/example_dags/example_sensor_decorator.py
[2023-11-21T14:08:49.447+0700] {processor.py:839} INFO - DAG(s) dict_keys(['example_sensor_decorator']) retrieved from /home/thien/stock-prediction/.venv/lib/python3.10/site-packages/airflow/example_dags/example_sensor_decorator.py
[2023-11-21T14:08:49.572+0700] {logging_mixin.py:154} INFO - [2023-11-21T14:08:49.572+0700] {manager.py:499} INFO - Created Permission View: %s
[2023-11-21T14:08:49.591+0700] {logging_mixin.py:154} INFO - [2023-11-21T14:08:49.590+0700] {manager.py:499} INFO - Created Permission View: %s
[2023-11-21T14:08:49.606+0700] {logging_mixin.py:154} INFO - [2023-11-21T14:08:49.606+0700] {manager.py:499} INFO - Created Permission View: %s
[2023-11-21T14:08:49.607+0700] {logging_mixin.py:154} INFO - [2023-11-21T14:08:49.607+0700] {dag.py:2941} INFO - Sync 1 DAGs
[2023-11-21T14:08:49.615+0700] {logging_mixin.py:154} INFO - [2023-11-21T14:08:49.615+0700] {dag.py:2963} INFO - Creating ORM DAG for example_sensor_decorator
[2023-11-21T14:08:49.615+0700] {logging_mixin.py:154} INFO - [2023-11-21T14:08:49.615+0700] {dag.py:3722} INFO - Setting next_dagrun for example_sensor_decorator to None, run_after=None
[2023-11-21T14:08:49.645+0700] {processor.py:179} INFO - Processing /home/thien/stock-prediction/.venv/lib/python3.10/site-packages/airflow/example_dags/example_sensor_decorator.py took 0.209 seconds
[2023-11-21T14:09:40.903+0700] {processor.py:157} INFO - Started process (PID=19552) to work on /home/thien/stock-prediction/.venv/lib/python3.10/site-packages/airflow/example_dags/example_sensor_decorator.py
[2023-11-21T14:09:40.905+0700] {processor.py:829} INFO - Processing file /home/thien/stock-prediction/.venv/lib/python3.10/site-packages/airflow/example_dags/example_sensor_decorator.py for tasks to queue
[2023-11-21T14:09:40.905+0700] {logging_mixin.py:154} INFO - [2023-11-21T14:09:40.905+0700] {dagbag.py:536} INFO - Filling up the DagBag from /home/thien/stock-prediction/.venv/lib/python3.10/site-packages/airflow/example_dags/example_sensor_decorator.py
[2023-11-21T14:09:40.911+0700] {processor.py:839} INFO - DAG(s) dict_keys(['example_sensor_decorator']) retrieved from /home/thien/stock-prediction/.venv/lib/python3.10/site-packages/airflow/example_dags/example_sensor_decorator.py
[2023-11-21T14:09:40.924+0700] {logging_mixin.py:154} INFO - [2023-11-21T14:09:40.923+0700] {dag.py:2941} INFO - Sync 1 DAGs
[2023-11-21T14:09:40.932+0700] {logging_mixin.py:154} INFO - [2023-11-21T14:09:40.932+0700] {dag.py:3722} INFO - Setting next_dagrun for example_sensor_decorator to None, run_after=None
[2023-11-21T14:09:40.959+0700] {processor.py:179} INFO - Processing /home/thien/stock-prediction/.venv/lib/python3.10/site-packages/airflow/example_dags/example_sensor_decorator.py took 0.058 seconds
[2023-11-21T14:25:31.373+0700] {processor.py:157} INFO - Started process (PID=22343) to work on /usr/local/lib/python3.10/dist-packages/airflow/example_dags/example_sensor_decorator.py
[2023-11-21T14:25:31.382+0700] {processor.py:829} INFO - Processing file /usr/local/lib/python3.10/dist-packages/airflow/example_dags/example_sensor_decorator.py for tasks to queue
[2023-11-21T14:25:31.383+0700] {logging_mixin.py:151} INFO - [2023-11-21T14:25:31.382+0700] {dagbag.py:536} INFO - Filling up the DagBag from /usr/local/lib/python3.10/dist-packages/airflow/example_dags/example_sensor_decorator.py
[2023-11-21T14:25:31.388+0700] {processor.py:839} INFO - DAG(s) dict_keys(['example_sensor_decorator']) retrieved from /usr/local/lib/python3.10/dist-packages/airflow/example_dags/example_sensor_decorator.py
[2023-11-21T14:25:31.402+0700] {logging_mixin.py:151} INFO - [2023-11-21T14:25:31.402+0700] {dag.py:2941} INFO - Sync 1 DAGs
[2023-11-21T14:25:31.411+0700] {logging_mixin.py:151} INFO - [2023-11-21T14:25:31.411+0700] {dag.py:3722} INFO - Setting next_dagrun for example_sensor_decorator to None, run_after=None
[2023-11-21T14:25:31.438+0700] {processor.py:179} INFO - Processing /usr/local/lib/python3.10/dist-packages/airflow/example_dags/example_sensor_decorator.py took 0.068 seconds
[2023-11-21T14:26:18.063+0700] {processor.py:157} INFO - Started process (PID=22462) to work on /usr/local/lib/python3.10/dist-packages/airflow/example_dags/example_sensor_decorator.py
[2023-11-21T14:26:18.072+0700] {processor.py:829} INFO - Processing file /usr/local/lib/python3.10/dist-packages/airflow/example_dags/example_sensor_decorator.py for tasks to queue
[2023-11-21T14:26:18.073+0700] {logging_mixin.py:151} INFO - [2023-11-21T14:26:18.073+0700] {dagbag.py:536} INFO - Filling up the DagBag from /usr/local/lib/python3.10/dist-packages/airflow/example_dags/example_sensor_decorator.py
[2023-11-21T14:26:18.080+0700] {processor.py:839} INFO - DAG(s) dict_keys(['example_sensor_decorator']) retrieved from /usr/local/lib/python3.10/dist-packages/airflow/example_dags/example_sensor_decorator.py
[2023-11-21T14:26:18.094+0700] {logging_mixin.py:151} INFO - [2023-11-21T14:26:18.094+0700] {dag.py:2941} INFO - Sync 1 DAGs
[2023-11-21T14:26:18.103+0700] {logging_mixin.py:151} INFO - [2023-11-21T14:26:18.103+0700] {dag.py:3722} INFO - Setting next_dagrun for example_sensor_decorator to None, run_after=None
[2023-11-21T14:26:18.135+0700] {processor.py:179} INFO - Processing /usr/local/lib/python3.10/dist-packages/airflow/example_dags/example_sensor_decorator.py took 0.074 seconds
[2023-11-21T14:27:01.944+0700] {processor.py:157} INFO - Started process (PID=22573) to work on /usr/local/lib/python3.10/dist-packages/airflow/example_dags/example_sensor_decorator.py
[2023-11-21T14:27:01.945+0700] {processor.py:829} INFO - Processing file /usr/local/lib/python3.10/dist-packages/airflow/example_dags/example_sensor_decorator.py for tasks to queue
[2023-11-21T14:27:01.946+0700] {logging_mixin.py:151} INFO - [2023-11-21T14:27:01.946+0700] {dagbag.py:536} INFO - Filling up the DagBag from /usr/local/lib/python3.10/dist-packages/airflow/example_dags/example_sensor_decorator.py
[2023-11-21T14:27:01.951+0700] {processor.py:839} INFO - DAG(s) dict_keys(['example_sensor_decorator']) retrieved from /usr/local/lib/python3.10/dist-packages/airflow/example_dags/example_sensor_decorator.py
[2023-11-21T14:27:01.964+0700] {logging_mixin.py:151} INFO - [2023-11-21T14:27:01.964+0700] {dag.py:2941} INFO - Sync 1 DAGs
[2023-11-21T14:27:01.974+0700] {logging_mixin.py:151} INFO - [2023-11-21T14:27:01.973+0700] {dag.py:3722} INFO - Setting next_dagrun for example_sensor_decorator to None, run_after=None
[2023-11-21T14:27:02.001+0700] {processor.py:179} INFO - Processing /usr/local/lib/python3.10/dist-packages/airflow/example_dags/example_sensor_decorator.py took 0.060 seconds
[2023-11-21T14:39:06.048+0700] {processor.py:157} INFO - Started process (PID=24232) to work on /usr/local/lib/python3.10/dist-packages/airflow/example_dags/example_sensor_decorator.py
[2023-11-21T14:39:06.050+0700] {processor.py:829} INFO - Processing file /usr/local/lib/python3.10/dist-packages/airflow/example_dags/example_sensor_decorator.py for tasks to queue
[2023-11-21T14:39:06.051+0700] {logging_mixin.py:154} INFO - [2023-11-21T14:39:06.050+0700] {dagbag.py:536} INFO - Filling up the DagBag from /usr/local/lib/python3.10/dist-packages/airflow/example_dags/example_sensor_decorator.py
[2023-11-21T14:39:06.057+0700] {processor.py:839} INFO - DAG(s) dict_keys(['example_sensor_decorator']) retrieved from /usr/local/lib/python3.10/dist-packages/airflow/example_dags/example_sensor_decorator.py
[2023-11-21T14:39:06.063+0700] {logging_mixin.py:154} INFO - [2023-11-21T14:39:06.063+0700] {dag.py:2941} INFO - Sync 1 DAGs
[2023-11-21T14:39:06.074+0700] {logging_mixin.py:154} INFO - [2023-11-21T14:39:06.074+0700] {dag.py:3722} INFO - Setting next_dagrun for example_sensor_decorator to None, run_after=None
[2023-11-21T14:39:06.102+0700] {processor.py:179} INFO - Processing /usr/local/lib/python3.10/dist-packages/airflow/example_dags/example_sensor_decorator.py took 0.056 seconds
