[2023-11-21T14:09:17.792+0700] {processor.py:157} INFO - Started process (PID=19434) to work on /home/thien/stock-prediction/.venv/lib/python3.10/site-packages/airflow/example_dags/example_branch_operator.py
[2023-11-21T14:09:17.792+0700] {processor.py:829} INFO - Processing file /home/thien/stock-prediction/.venv/lib/python3.10/site-packages/airflow/example_dags/example_branch_operator.py for tasks to queue
[2023-11-21T14:09:17.793+0700] {logging_mixin.py:154} INFO - [2023-11-21T14:09:17.793+0700] {dagbag.py:536} INFO - Filling up the DagBag from /home/thien/stock-prediction/.venv/lib/python3.10/site-packages/airflow/example_dags/example_branch_operator.py
[2023-11-21T14:09:17.800+0700] {processor.py:839} INFO - DAG(s) dict_keys(['example_branch_operator']) retrieved from /home/thien/stock-prediction/.venv/lib/python3.10/site-packages/airflow/example_dags/example_branch_operator.py
[2023-11-21T14:09:17.908+0700] {logging_mixin.py:154} INFO - [2023-11-21T14:09:17.908+0700] {manager.py:499} INFO - Created Permission View: %s
[2023-11-21T14:09:17.929+0700] {logging_mixin.py:154} INFO - [2023-11-21T14:09:17.929+0700] {manager.py:499} INFO - Created Permission View: %s
[2023-11-21T14:09:17.944+0700] {logging_mixin.py:154} INFO - [2023-11-21T14:09:17.944+0700] {manager.py:499} INFO - Created Permission View: %s
[2023-11-21T14:09:17.944+0700] {logging_mixin.py:154} INFO - [2023-11-21T14:09:17.944+0700] {dag.py:2941} INFO - Sync 1 DAGs
[2023-11-21T14:09:17.953+0700] {logging_mixin.py:154} INFO - [2023-11-21T14:09:17.953+0700] {dag.py:2963} INFO - Creating ORM DAG for example_branch_operator
[2023-11-21T14:09:17.961+0700] {logging_mixin.py:154} INFO - [2023-11-21T14:09:17.961+0700] {dag.py:3722} INFO - Setting next_dagrun for example_branch_operator to 2023-11-20T00:00:00+00:00, run_after=2023-11-21T00:00:00+00:00
[2023-11-21T14:09:17.992+0700] {processor.py:179} INFO - Processing /home/thien/stock-prediction/.venv/lib/python3.10/site-packages/airflow/example_dags/example_branch_operator.py took 0.203 seconds
[2023-11-21T14:25:26.017+0700] {processor.py:157} INFO - Started process (PID=22330) to work on /usr/local/lib/python3.10/dist-packages/airflow/example_dags/example_branch_operator.py
[2023-11-21T14:25:26.026+0700] {processor.py:829} INFO - Processing file /usr/local/lib/python3.10/dist-packages/airflow/example_dags/example_branch_operator.py for tasks to queue
[2023-11-21T14:25:26.027+0700] {logging_mixin.py:151} INFO - [2023-11-21T14:25:26.026+0700] {dagbag.py:536} INFO - Filling up the DagBag from /usr/local/lib/python3.10/dist-packages/airflow/example_dags/example_branch_operator.py
[2023-11-21T14:25:26.036+0700] {processor.py:839} INFO - DAG(s) dict_keys(['example_branch_operator']) retrieved from /usr/local/lib/python3.10/dist-packages/airflow/example_dags/example_branch_operator.py
[2023-11-21T14:25:26.055+0700] {logging_mixin.py:151} INFO - [2023-11-21T14:25:26.054+0700] {dag.py:2941} INFO - Sync 1 DAGs
[2023-11-21T14:25:26.074+0700] {logging_mixin.py:151} INFO - [2023-11-21T14:25:26.074+0700] {dag.py:3722} INFO - Setting next_dagrun for example_branch_operator to 2023-11-20T00:00:00+00:00, run_after=2023-11-21T00:00:00+00:00
[2023-11-21T14:25:26.102+0700] {processor.py:179} INFO - Processing /usr/local/lib/python3.10/dist-packages/airflow/example_dags/example_branch_operator.py took 0.088 seconds
[2023-11-21T14:26:10.450+0700] {processor.py:157} INFO - Started process (PID=22443) to work on /usr/local/lib/python3.10/dist-packages/airflow/example_dags/example_branch_operator.py
[2023-11-21T14:26:10.453+0700] {processor.py:829} INFO - Processing file /usr/local/lib/python3.10/dist-packages/airflow/example_dags/example_branch_operator.py for tasks to queue
[2023-11-21T14:26:10.454+0700] {logging_mixin.py:151} INFO - [2023-11-21T14:26:10.453+0700] {dagbag.py:536} INFO - Filling up the DagBag from /usr/local/lib/python3.10/dist-packages/airflow/example_dags/example_branch_operator.py
[2023-11-21T14:26:10.465+0700] {processor.py:839} INFO - DAG(s) dict_keys(['example_branch_operator']) retrieved from /usr/local/lib/python3.10/dist-packages/airflow/example_dags/example_branch_operator.py
[2023-11-21T14:26:10.501+0700] {logging_mixin.py:151} INFO - [2023-11-21T14:26:10.501+0700] {dag.py:2941} INFO - Sync 1 DAGs
[2023-11-21T14:26:10.542+0700] {logging_mixin.py:151} INFO - [2023-11-21T14:26:10.542+0700] {dag.py:3722} INFO - Setting next_dagrun for example_branch_operator to 2023-11-20T00:00:00+00:00, run_after=2023-11-21T00:00:00+00:00
[2023-11-21T14:26:10.573+0700] {processor.py:179} INFO - Processing /usr/local/lib/python3.10/dist-packages/airflow/example_dags/example_branch_operator.py took 0.128 seconds
[2023-11-21T14:26:55.642+0700] {processor.py:157} INFO - Started process (PID=22556) to work on /usr/local/lib/python3.10/dist-packages/airflow/example_dags/example_branch_operator.py
[2023-11-21T14:26:55.643+0700] {processor.py:829} INFO - Processing file /usr/local/lib/python3.10/dist-packages/airflow/example_dags/example_branch_operator.py for tasks to queue
[2023-11-21T14:26:55.644+0700] {logging_mixin.py:151} INFO - [2023-11-21T14:26:55.643+0700] {dagbag.py:536} INFO - Filling up the DagBag from /usr/local/lib/python3.10/dist-packages/airflow/example_dags/example_branch_operator.py
[2023-11-21T14:26:55.651+0700] {processor.py:839} INFO - DAG(s) dict_keys(['example_branch_operator']) retrieved from /usr/local/lib/python3.10/dist-packages/airflow/example_dags/example_branch_operator.py
[2023-11-21T14:26:55.667+0700] {logging_mixin.py:151} INFO - [2023-11-21T14:26:55.666+0700] {dag.py:2941} INFO - Sync 1 DAGs
[2023-11-21T14:26:55.683+0700] {logging_mixin.py:151} INFO - [2023-11-21T14:26:55.683+0700] {dag.py:3722} INFO - Setting next_dagrun for example_branch_operator to 2023-11-20T00:00:00+00:00, run_after=2023-11-21T00:00:00+00:00
[2023-11-21T14:26:55.710+0700] {processor.py:179} INFO - Processing /usr/local/lib/python3.10/dist-packages/airflow/example_dags/example_branch_operator.py took 0.071 seconds
[2023-11-21T14:38:59.090+0700] {processor.py:157} INFO - Started process (PID=24213) to work on /usr/local/lib/python3.10/dist-packages/airflow/example_dags/example_branch_operator.py
[2023-11-21T14:38:59.091+0700] {processor.py:829} INFO - Processing file /usr/local/lib/python3.10/dist-packages/airflow/example_dags/example_branch_operator.py for tasks to queue
[2023-11-21T14:38:59.092+0700] {logging_mixin.py:154} INFO - [2023-11-21T14:38:59.091+0700] {dagbag.py:536} INFO - Filling up the DagBag from /usr/local/lib/python3.10/dist-packages/airflow/example_dags/example_branch_operator.py
[2023-11-21T14:38:59.102+0700] {processor.py:839} INFO - DAG(s) dict_keys(['example_branch_operator']) retrieved from /usr/local/lib/python3.10/dist-packages/airflow/example_dags/example_branch_operator.py
[2023-11-21T14:38:59.109+0700] {logging_mixin.py:154} INFO - [2023-11-21T14:38:59.109+0700] {dag.py:2941} INFO - Sync 1 DAGs
[2023-11-21T14:38:59.132+0700] {logging_mixin.py:154} INFO - [2023-11-21T14:38:59.132+0700] {dag.py:3722} INFO - Setting next_dagrun for example_branch_operator to 2023-11-20T00:00:00+00:00, run_after=2023-11-21T00:00:00+00:00
[2023-11-21T14:38:59.168+0700] {processor.py:179} INFO - Processing /usr/local/lib/python3.10/dist-packages/airflow/example_dags/example_branch_operator.py took 0.081 seconds
[2023-11-21T14:39:44.608+0700] {processor.py:157} INFO - Started process (PID=24346) to work on /usr/local/lib/python3.10/dist-packages/airflow/example_dags/example_branch_operator.py
[2023-11-21T14:39:44.610+0700] {processor.py:829} INFO - Processing file /usr/local/lib/python3.10/dist-packages/airflow/example_dags/example_branch_operator.py for tasks to queue
[2023-11-21T14:39:44.611+0700] {logging_mixin.py:154} INFO - [2023-11-21T14:39:44.610+0700] {dagbag.py:536} INFO - Filling up the DagBag from /usr/local/lib/python3.10/dist-packages/airflow/example_dags/example_branch_operator.py
[2023-11-21T14:39:44.622+0700] {processor.py:839} INFO - DAG(s) dict_keys(['example_branch_operator']) retrieved from /usr/local/lib/python3.10/dist-packages/airflow/example_dags/example_branch_operator.py
[2023-11-21T14:39:44.649+0700] {logging_mixin.py:154} INFO - [2023-11-21T14:39:44.648+0700] {dag.py:2941} INFO - Sync 1 DAGs
[2023-11-21T14:39:44.677+0700] {logging_mixin.py:154} INFO - [2023-11-21T14:39:44.677+0700] {dag.py:3722} INFO - Setting next_dagrun for example_branch_operator to 2023-11-20T00:00:00+00:00, run_after=2023-11-21T00:00:00+00:00
[2023-11-21T14:39:44.722+0700] {processor.py:179} INFO - Processing /usr/local/lib/python3.10/dist-packages/airflow/example_dags/example_branch_operator.py took 0.118 seconds
