[2023-11-21T14:09:00.898+0700] {processor.py:157} INFO - Started process (PID=19389) to work on /home/thien/stock-prediction/.venv/lib/python3.10/site-packages/airflow/example_dags/example_trigger_target_dag.py
[2023-11-21T14:09:00.899+0700] {processor.py:829} INFO - Processing file /home/thien/stock-prediction/.venv/lib/python3.10/site-packages/airflow/example_dags/example_trigger_target_dag.py for tasks to queue
[2023-11-21T14:09:00.899+0700] {logging_mixin.py:154} INFO - [2023-11-21T14:09:00.899+0700] {dagbag.py:536} INFO - Filling up the DagBag from /home/thien/stock-prediction/.venv/lib/python3.10/site-packages/airflow/example_dags/example_trigger_target_dag.py
[2023-11-21T14:09:00.905+0700] {processor.py:839} INFO - DAG(s) dict_keys(['example_trigger_target_dag']) retrieved from /home/thien/stock-prediction/.venv/lib/python3.10/site-packages/airflow/example_dags/example_trigger_target_dag.py
[2023-11-21T14:09:01.005+0700] {logging_mixin.py:154} INFO - [2023-11-21T14:09:01.004+0700] {manager.py:499} INFO - Created Permission View: %s
[2023-11-21T14:09:01.027+0700] {logging_mixin.py:154} INFO - [2023-11-21T14:09:01.027+0700] {manager.py:499} INFO - Created Permission View: %s
[2023-11-21T14:09:01.044+0700] {logging_mixin.py:154} INFO - [2023-11-21T14:09:01.044+0700] {manager.py:499} INFO - Created Permission View: %s
[2023-11-21T14:09:01.045+0700] {logging_mixin.py:154} INFO - [2023-11-21T14:09:01.045+0700] {dag.py:2941} INFO - Sync 1 DAGs
[2023-11-21T14:09:01.052+0700] {logging_mixin.py:154} INFO - [2023-11-21T14:09:01.052+0700] {dag.py:2963} INFO - Creating ORM DAG for example_trigger_target_dag
[2023-11-21T14:09:01.052+0700] {logging_mixin.py:154} INFO - [2023-11-21T14:09:01.052+0700] {dag.py:3722} INFO - Setting next_dagrun for example_trigger_target_dag to None, run_after=None
[2023-11-21T14:09:01.083+0700] {processor.py:179} INFO - Processing /home/thien/stock-prediction/.venv/lib/python3.10/site-packages/airflow/example_dags/example_trigger_target_dag.py took 0.187 seconds
[2023-11-21T14:09:50.277+0700] {processor.py:157} INFO - Started process (PID=19699) to work on /home/thien/stock-prediction/.venv/lib/python3.10/site-packages/airflow/example_dags/example_trigger_target_dag.py
[2023-11-21T14:09:50.286+0700] {processor.py:829} INFO - Processing file /home/thien/stock-prediction/.venv/lib/python3.10/site-packages/airflow/example_dags/example_trigger_target_dag.py for tasks to queue
[2023-11-21T14:09:50.287+0700] {logging_mixin.py:154} INFO - [2023-11-21T14:09:50.287+0700] {dagbag.py:536} INFO - Filling up the DagBag from /home/thien/stock-prediction/.venv/lib/python3.10/site-packages/airflow/example_dags/example_trigger_target_dag.py
[2023-11-21T14:09:50.292+0700] {processor.py:839} INFO - DAG(s) dict_keys(['example_trigger_target_dag']) retrieved from /home/thien/stock-prediction/.venv/lib/python3.10/site-packages/airflow/example_dags/example_trigger_target_dag.py
[2023-11-21T14:09:50.305+0700] {logging_mixin.py:154} INFO - [2023-11-21T14:09:50.305+0700] {dag.py:2941} INFO - Sync 1 DAGs
[2023-11-21T14:09:50.314+0700] {logging_mixin.py:154} INFO - [2023-11-21T14:09:50.314+0700] {dag.py:3722} INFO - Setting next_dagrun for example_trigger_target_dag to None, run_after=None
[2023-11-21T14:09:50.353+0700] {processor.py:179} INFO - Processing /home/thien/stock-prediction/.venv/lib/python3.10/site-packages/airflow/example_dags/example_trigger_target_dag.py took 0.078 seconds
[2023-11-21T14:25:11.826+0700] {processor.py:157} INFO - Started process (PID=22293) to work on /usr/local/lib/python3.10/dist-packages/airflow/example_dags/example_trigger_target_dag.py
[2023-11-21T14:25:11.829+0700] {processor.py:829} INFO - Processing file /usr/local/lib/python3.10/dist-packages/airflow/example_dags/example_trigger_target_dag.py for tasks to queue
[2023-11-21T14:25:11.830+0700] {logging_mixin.py:151} INFO - [2023-11-21T14:25:11.829+0700] {dagbag.py:536} INFO - Filling up the DagBag from /usr/local/lib/python3.10/dist-packages/airflow/example_dags/example_trigger_target_dag.py
[2023-11-21T14:25:11.834+0700] {processor.py:839} INFO - DAG(s) dict_keys(['example_trigger_target_dag']) retrieved from /usr/local/lib/python3.10/dist-packages/airflow/example_dags/example_trigger_target_dag.py
[2023-11-21T14:25:11.841+0700] {logging_mixin.py:151} INFO - [2023-11-21T14:25:11.841+0700] {dag.py:2941} INFO - Sync 1 DAGs
[2023-11-21T14:25:11.854+0700] {logging_mixin.py:151} INFO - [2023-11-21T14:25:11.854+0700] {dag.py:3722} INFO - Setting next_dagrun for example_trigger_target_dag to None, run_after=None
[2023-11-21T14:25:11.885+0700] {processor.py:179} INFO - Processing /usr/local/lib/python3.10/dist-packages/airflow/example_dags/example_trigger_target_dag.py took 0.061 seconds
[2023-11-21T14:25:56.182+0700] {processor.py:157} INFO - Started process (PID=22404) to work on /usr/local/lib/python3.10/dist-packages/airflow/example_dags/example_trigger_target_dag.py
[2023-11-21T14:25:56.191+0700] {processor.py:829} INFO - Processing file /usr/local/lib/python3.10/dist-packages/airflow/example_dags/example_trigger_target_dag.py for tasks to queue
[2023-11-21T14:25:56.192+0700] {logging_mixin.py:151} INFO - [2023-11-21T14:25:56.191+0700] {dagbag.py:536} INFO - Filling up the DagBag from /usr/local/lib/python3.10/dist-packages/airflow/example_dags/example_trigger_target_dag.py
[2023-11-21T14:25:56.197+0700] {processor.py:839} INFO - DAG(s) dict_keys(['example_trigger_target_dag']) retrieved from /usr/local/lib/python3.10/dist-packages/airflow/example_dags/example_trigger_target_dag.py
[2023-11-21T14:25:56.210+0700] {logging_mixin.py:151} INFO - [2023-11-21T14:25:56.209+0700] {dag.py:2941} INFO - Sync 1 DAGs
[2023-11-21T14:25:56.219+0700] {logging_mixin.py:151} INFO - [2023-11-21T14:25:56.219+0700] {dag.py:3722} INFO - Setting next_dagrun for example_trigger_target_dag to None, run_after=None
[2023-11-21T14:25:56.247+0700] {processor.py:179} INFO - Processing /usr/local/lib/python3.10/dist-packages/airflow/example_dags/example_trigger_target_dag.py took 0.067 seconds
[2023-11-21T14:26:41.340+0700] {processor.py:157} INFO - Started process (PID=22520) to work on /usr/local/lib/python3.10/dist-packages/airflow/example_dags/example_trigger_target_dag.py
[2023-11-21T14:26:41.348+0700] {processor.py:829} INFO - Processing file /usr/local/lib/python3.10/dist-packages/airflow/example_dags/example_trigger_target_dag.py for tasks to queue
[2023-11-21T14:26:41.349+0700] {logging_mixin.py:151} INFO - [2023-11-21T14:26:41.349+0700] {dagbag.py:536} INFO - Filling up the DagBag from /usr/local/lib/python3.10/dist-packages/airflow/example_dags/example_trigger_target_dag.py
[2023-11-21T14:26:41.354+0700] {processor.py:839} INFO - DAG(s) dict_keys(['example_trigger_target_dag']) retrieved from /usr/local/lib/python3.10/dist-packages/airflow/example_dags/example_trigger_target_dag.py
[2023-11-21T14:26:41.368+0700] {logging_mixin.py:151} INFO - [2023-11-21T14:26:41.367+0700] {dag.py:2941} INFO - Sync 1 DAGs
[2023-11-21T14:26:41.377+0700] {logging_mixin.py:151} INFO - [2023-11-21T14:26:41.377+0700] {dag.py:3722} INFO - Setting next_dagrun for example_trigger_target_dag to None, run_after=None
[2023-11-21T14:26:41.426+0700] {processor.py:179} INFO - Processing /usr/local/lib/python3.10/dist-packages/airflow/example_dags/example_trigger_target_dag.py took 0.088 seconds
[2023-11-21T14:39:23.783+0700] {processor.py:157} INFO - Started process (PID=24282) to work on /usr/local/lib/python3.10/dist-packages/airflow/example_dags/example_trigger_target_dag.py
[2023-11-21T14:39:23.792+0700] {processor.py:829} INFO - Processing file /usr/local/lib/python3.10/dist-packages/airflow/example_dags/example_trigger_target_dag.py for tasks to queue
[2023-11-21T14:39:23.793+0700] {logging_mixin.py:154} INFO - [2023-11-21T14:39:23.793+0700] {dagbag.py:536} INFO - Filling up the DagBag from /usr/local/lib/python3.10/dist-packages/airflow/example_dags/example_trigger_target_dag.py
[2023-11-21T14:39:23.799+0700] {processor.py:839} INFO - DAG(s) dict_keys(['example_trigger_target_dag']) retrieved from /usr/local/lib/python3.10/dist-packages/airflow/example_dags/example_trigger_target_dag.py
[2023-11-21T14:39:23.812+0700] {logging_mixin.py:154} INFO - [2023-11-21T14:39:23.812+0700] {dag.py:2941} INFO - Sync 1 DAGs
[2023-11-21T14:39:23.821+0700] {logging_mixin.py:154} INFO - [2023-11-21T14:39:23.821+0700] {dag.py:3722} INFO - Setting next_dagrun for example_trigger_target_dag to None, run_after=None
[2023-11-21T14:39:23.847+0700] {processor.py:179} INFO - Processing /usr/local/lib/python3.10/dist-packages/airflow/example_dags/example_trigger_target_dag.py took 0.067 seconds
