[2023-11-21T14:09:09.974+0700] {processor.py:157} INFO - Started process (PID=19419) to work on /home/thien/stock-prediction/.venv/lib/python3.10/site-packages/airflow/example_dags/example_complex.py
[2023-11-21T14:09:09.975+0700] {processor.py:829} INFO - Processing file /home/thien/stock-prediction/.venv/lib/python3.10/site-packages/airflow/example_dags/example_complex.py for tasks to queue
[2023-11-21T14:09:09.975+0700] {logging_mixin.py:154} INFO - [2023-11-21T14:09:09.975+0700] {dagbag.py:536} INFO - Filling up the DagBag from /home/thien/stock-prediction/.venv/lib/python3.10/site-packages/airflow/example_dags/example_complex.py
[2023-11-21T14:09:09.984+0700] {processor.py:839} INFO - DAG(s) dict_keys(['example_complex']) retrieved from /home/thien/stock-prediction/.venv/lib/python3.10/site-packages/airflow/example_dags/example_complex.py
[2023-11-21T14:09:10.106+0700] {logging_mixin.py:154} INFO - [2023-11-21T14:09:10.106+0700] {manager.py:499} INFO - Created Permission View: %s
[2023-11-21T14:09:10.126+0700] {logging_mixin.py:154} INFO - [2023-11-21T14:09:10.125+0700] {manager.py:499} INFO - Created Permission View: %s
[2023-11-21T14:09:10.141+0700] {logging_mixin.py:154} INFO - [2023-11-21T14:09:10.141+0700] {manager.py:499} INFO - Created Permission View: %s
[2023-11-21T14:09:10.141+0700] {logging_mixin.py:154} INFO - [2023-11-21T14:09:10.141+0700] {dag.py:2941} INFO - Sync 1 DAGs
[2023-11-21T14:09:10.149+0700] {logging_mixin.py:154} INFO - [2023-11-21T14:09:10.149+0700] {dag.py:2963} INFO - Creating ORM DAG for example_complex
[2023-11-21T14:09:10.149+0700] {logging_mixin.py:154} INFO - [2023-11-21T14:09:10.149+0700] {dag.py:3722} INFO - Setting next_dagrun for example_complex to None, run_after=None
[2023-11-21T14:09:10.177+0700] {processor.py:179} INFO - Processing /home/thien/stock-prediction/.venv/lib/python3.10/site-packages/airflow/example_dags/example_complex.py took 0.206 seconds
[2023-11-21T14:25:18.599+0700] {processor.py:157} INFO - Started process (PID=22311) to work on /usr/local/lib/python3.10/dist-packages/airflow/example_dags/example_complex.py
[2023-11-21T14:25:18.619+0700] {processor.py:829} INFO - Processing file /usr/local/lib/python3.10/dist-packages/airflow/example_dags/example_complex.py for tasks to queue
[2023-11-21T14:25:18.621+0700] {logging_mixin.py:151} INFO - [2023-11-21T14:25:18.620+0700] {dagbag.py:536} INFO - Filling up the DagBag from /usr/local/lib/python3.10/dist-packages/airflow/example_dags/example_complex.py
[2023-11-21T14:25:18.631+0700] {processor.py:839} INFO - DAG(s) dict_keys(['example_complex']) retrieved from /usr/local/lib/python3.10/dist-packages/airflow/example_dags/example_complex.py
[2023-11-21T14:25:18.638+0700] {logging_mixin.py:151} INFO - [2023-11-21T14:25:18.638+0700] {dag.py:2941} INFO - Sync 1 DAGs
[2023-11-21T14:25:18.651+0700] {logging_mixin.py:151} INFO - [2023-11-21T14:25:18.651+0700] {dag.py:3722} INFO - Setting next_dagrun for example_complex to None, run_after=None
[2023-11-21T14:25:18.681+0700] {processor.py:179} INFO - Processing /usr/local/lib/python3.10/dist-packages/airflow/example_dags/example_complex.py took 0.084 seconds
[2023-11-21T14:26:03.639+0700] {processor.py:157} INFO - Started process (PID=22426) to work on /usr/local/lib/python3.10/dist-packages/airflow/example_dags/example_complex.py
[2023-11-21T14:26:03.640+0700] {processor.py:829} INFO - Processing file /usr/local/lib/python3.10/dist-packages/airflow/example_dags/example_complex.py for tasks to queue
[2023-11-21T14:26:03.641+0700] {logging_mixin.py:151} INFO - [2023-11-21T14:26:03.641+0700] {dagbag.py:536} INFO - Filling up the DagBag from /usr/local/lib/python3.10/dist-packages/airflow/example_dags/example_complex.py
[2023-11-21T14:26:03.651+0700] {processor.py:839} INFO - DAG(s) dict_keys(['example_complex']) retrieved from /usr/local/lib/python3.10/dist-packages/airflow/example_dags/example_complex.py
[2023-11-21T14:26:03.698+0700] {logging_mixin.py:151} INFO - [2023-11-21T14:26:03.697+0700] {dag.py:2941} INFO - Sync 1 DAGs
[2023-11-21T14:26:03.730+0700] {logging_mixin.py:151} INFO - [2023-11-21T14:26:03.730+0700] {dag.py:3722} INFO - Setting next_dagrun for example_complex to None, run_after=None
[2023-11-21T14:26:03.797+0700] {processor.py:179} INFO - Processing /usr/local/lib/python3.10/dist-packages/airflow/example_dags/example_complex.py took 0.162 seconds
[2023-11-21T14:26:48.917+0700] {processor.py:157} INFO - Started process (PID=22540) to work on /usr/local/lib/python3.10/dist-packages/airflow/example_dags/example_complex.py
[2023-11-21T14:26:48.919+0700] {processor.py:829} INFO - Processing file /usr/local/lib/python3.10/dist-packages/airflow/example_dags/example_complex.py for tasks to queue
[2023-11-21T14:26:48.920+0700] {logging_mixin.py:151} INFO - [2023-11-21T14:26:48.919+0700] {dagbag.py:536} INFO - Filling up the DagBag from /usr/local/lib/python3.10/dist-packages/airflow/example_dags/example_complex.py
[2023-11-21T14:26:48.929+0700] {processor.py:839} INFO - DAG(s) dict_keys(['example_complex']) retrieved from /usr/local/lib/python3.10/dist-packages/airflow/example_dags/example_complex.py
[2023-11-21T14:26:48.950+0700] {logging_mixin.py:151} INFO - [2023-11-21T14:26:48.950+0700] {dag.py:2941} INFO - Sync 1 DAGs
[2023-11-21T14:26:48.960+0700] {logging_mixin.py:151} INFO - [2023-11-21T14:26:48.960+0700] {dag.py:3722} INFO - Setting next_dagrun for example_complex to None, run_after=None
[2023-11-21T14:26:48.990+0700] {processor.py:179} INFO - Processing /usr/local/lib/python3.10/dist-packages/airflow/example_dags/example_complex.py took 0.075 seconds
[2023-11-21T14:38:48.994+0700] {processor.py:157} INFO - Started process (PID=24179) to work on /usr/local/lib/python3.10/dist-packages/airflow/example_dags/example_complex.py
[2023-11-21T14:38:48.996+0700] {processor.py:829} INFO - Processing file /usr/local/lib/python3.10/dist-packages/airflow/example_dags/example_complex.py for tasks to queue
[2023-11-21T14:38:48.996+0700] {logging_mixin.py:154} INFO - [2023-11-21T14:38:48.996+0700] {dagbag.py:536} INFO - Filling up the DagBag from /usr/local/lib/python3.10/dist-packages/airflow/example_dags/example_complex.py
[2023-11-21T14:38:49.008+0700] {processor.py:839} INFO - DAG(s) dict_keys(['example_complex']) retrieved from /usr/local/lib/python3.10/dist-packages/airflow/example_dags/example_complex.py
[2023-11-21T14:38:49.015+0700] {logging_mixin.py:154} INFO - [2023-11-21T14:38:49.015+0700] {dag.py:2941} INFO - Sync 1 DAGs
[2023-11-21T14:38:49.026+0700] {logging_mixin.py:154} INFO - [2023-11-21T14:38:49.026+0700] {dag.py:3722} INFO - Setting next_dagrun for example_complex to None, run_after=None
[2023-11-21T14:38:49.053+0700] {processor.py:179} INFO - Processing /usr/local/lib/python3.10/dist-packages/airflow/example_dags/example_complex.py took 0.061 seconds
[2023-11-21T14:39:33.043+0700] {processor.py:157} INFO - Started process (PID=24311) to work on /usr/local/lib/python3.10/dist-packages/airflow/example_dags/example_complex.py
[2023-11-21T14:39:33.045+0700] {processor.py:829} INFO - Processing file /usr/local/lib/python3.10/dist-packages/airflow/example_dags/example_complex.py for tasks to queue
[2023-11-21T14:39:33.046+0700] {logging_mixin.py:154} INFO - [2023-11-21T14:39:33.046+0700] {dagbag.py:536} INFO - Filling up the DagBag from /usr/local/lib/python3.10/dist-packages/airflow/example_dags/example_complex.py
[2023-11-21T14:39:33.056+0700] {processor.py:839} INFO - DAG(s) dict_keys(['example_complex']) retrieved from /usr/local/lib/python3.10/dist-packages/airflow/example_dags/example_complex.py
[2023-11-21T14:39:33.076+0700] {logging_mixin.py:154} INFO - [2023-11-21T14:39:33.076+0700] {dag.py:2941} INFO - Sync 1 DAGs
[2023-11-21T14:39:33.086+0700] {logging_mixin.py:154} INFO - [2023-11-21T14:39:33.086+0700] {dag.py:3722} INFO - Setting next_dagrun for example_complex to None, run_after=None
[2023-11-21T14:39:33.111+0700] {processor.py:179} INFO - Processing /usr/local/lib/python3.10/dist-packages/airflow/example_dags/example_complex.py took 0.070 seconds
