[2023-11-21T16:19:15.612+0700] {taskinstance.py:1159} INFO - Dependencies all met for dep_context=non-requeueable deps ti=<TaskInstance: tiki-stg.create_category_table manual__2023-11-21T09:16:41.986153+00:00 [queued]>
[2023-11-21T16:19:15.626+0700] {taskinstance.py:1159} INFO - Dependencies all met for dep_context=requeueable deps ti=<TaskInstance: tiki-stg.create_category_table manual__2023-11-21T09:16:41.986153+00:00 [queued]>
[2023-11-21T16:19:15.626+0700] {taskinstance.py:1361} INFO - Starting attempt 1 of 1
[2023-11-21T16:19:15.661+0700] {taskinstance.py:1382} INFO - Executing <Task(MySqlOperator): create_category_table> on 2023-11-21 09:16:41.986153+00:00
[2023-11-21T16:19:15.671+0700] {standard_task_runner.py:57} INFO - Started process 33012 to run task
[2023-11-21T16:19:15.677+0700] {standard_task_runner.py:84} INFO - Running: ['airflow', 'tasks', 'run', 'tiki-stg', 'create_category_table', 'manual__2023-11-21T09:16:41.986153+00:00', '--job-id', '45', '--raw', '--subdir', 'DAGS_FOLDER/tiki-staging.py', '--cfg-path', '/tmp/tmpxaxl8jf0']
[2023-11-21T16:19:15.680+0700] {standard_task_runner.py:85} INFO - Job 45: Subtask create_category_table
[2023-11-21T16:19:15.745+0700] {task_command.py:416} INFO - Running <TaskInstance: tiki-stg.create_category_table manual__2023-11-21T09:16:41.986153+00:00 [running]> on host DESKTOP-AN95RFH.
[2023-11-21T16:19:15.865+0700] {taskinstance.py:1662} INFO - Exporting env vars: AIRFLOW_CTX_DAG_OWNER='airflow' AIRFLOW_CTX_DAG_ID='tiki-stg' AIRFLOW_CTX_TASK_ID='create_category_table' AIRFLOW_CTX_EXECUTION_DATE='2023-11-21T09:16:41.986153+00:00' AIRFLOW_CTX_TRY_NUMBER='1' AIRFLOW_CTX_DAG_RUN_ID='manual__2023-11-21T09:16:41.986153+00:00'
[2023-11-21T16:19:15.866+0700] {sql.py:274} INFO - Executing: 
    CREATE TABLE category(
        category_id VARCHAR(20) PRIMARY KEY,
        category VARCHAR(100)
    )
[2023-11-21T16:19:15.874+0700] {base.py:73} INFO - Using connection ID 'tiki_conn' for task execution.
[2023-11-21T16:19:16.099+0700] {base.py:73} INFO - Using connection ID 'tiki_conn' for task execution.
[2023-11-21T16:19:16.114+0700] {sql.py:418} INFO - Running statement: 
    CREATE TABLE category(
        category_id VARCHAR(20) PRIMARY KEY,
        category VARCHAR(100)
    ), parameters: None
[2023-11-21T16:19:16.221+0700] {sql.py:427} INFO - Rows affected: 0
[2023-11-21T16:19:16.231+0700] {taskinstance.py:1400} INFO - Marking task as SUCCESS. dag_id=tiki-stg, task_id=create_category_table, execution_date=20231121T091641, start_date=20231121T091915, end_date=20231121T091916
[2023-11-21T16:19:16.294+0700] {local_task_job_runner.py:228} INFO - Task exited with return code 0
[2023-11-21T16:19:16.347+0700] {taskinstance.py:2778} INFO - 0 downstream tasks scheduled from follow-on schedule check
