[2023-11-21T20:34:36.742+0700] {taskinstance.py:1159} INFO - Dependencies all met for dep_context=non-requeueable deps ti=<TaskInstance: tiki-stg.create_review_table manual__2023-11-21T13:32:23.985101+00:00 [queued]>
[2023-11-21T20:34:36.755+0700] {taskinstance.py:1159} INFO - Dependencies all met for dep_context=requeueable deps ti=<TaskInstance: tiki-stg.create_review_table manual__2023-11-21T13:32:23.985101+00:00 [queued]>
[2023-11-21T20:34:36.755+0700] {taskinstance.py:1361} INFO - Starting attempt 1 of 1
[2023-11-21T20:34:36.786+0700] {taskinstance.py:1382} INFO - Executing <Task(MySqlOperator): create_review_table> on 2023-11-21 13:32:23.985101+00:00
[2023-11-21T20:34:36.792+0700] {standard_task_runner.py:57} INFO - Started process 3872 to run task
[2023-11-21T20:34:36.797+0700] {standard_task_runner.py:84} INFO - Running: ['airflow', 'tasks', 'run', 'tiki-stg', 'create_review_table', 'manual__2023-11-21T13:32:23.985101+00:00', '--job-id', '77', '--raw', '--subdir', 'DAGS_FOLDER/tiki-staging.py', '--cfg-path', '/tmp/tmpywqb_y7q']
[2023-11-21T20:34:36.799+0700] {standard_task_runner.py:85} INFO - Job 77: Subtask create_review_table
[2023-11-21T20:34:36.866+0700] {task_command.py:416} INFO - Running <TaskInstance: tiki-stg.create_review_table manual__2023-11-21T13:32:23.985101+00:00 [running]> on host DESKTOP-AN95RFH.
[2023-11-21T20:34:36.975+0700] {taskinstance.py:1662} INFO - Exporting env vars: AIRFLOW_CTX_DAG_OWNER='airflow' AIRFLOW_CTX_DAG_ID='tiki-stg' AIRFLOW_CTX_TASK_ID='create_review_table' AIRFLOW_CTX_EXECUTION_DATE='2023-11-21T13:32:23.985101+00:00' AIRFLOW_CTX_TRY_NUMBER='1' AIRFLOW_CTX_DAG_RUN_ID='manual__2023-11-21T13:32:23.985101+00:00'
[2023-11-21T20:34:36.977+0700] {sql.py:274} INFO - Executing: 
    CREATE TABLE IF NOT EXISTS review(
        review_id VARCHAR(20) PRIMARY KEY,
        customer_id VARCHAR(20),
        product_id VARCHAR(20),
        seller_product_id VARCHAR(20),
        created_at DATETIME,
        rating INT,
        thank_count INT,
        title TEXT,
        content TEXT
    )
[2023-11-21T20:34:36.984+0700] {base.py:73} INFO - Using connection ID 'tiki_conn' for task execution.
[2023-11-21T20:34:37.160+0700] {base.py:73} INFO - Using connection ID 'tiki_conn' for task execution.
[2023-11-21T20:34:37.169+0700] {sql.py:418} INFO - Running statement: 
    CREATE TABLE IF NOT EXISTS review(
        review_id VARCHAR(20) PRIMARY KEY,
        customer_id VARCHAR(20),
        product_id VARCHAR(20),
        seller_product_id VARCHAR(20),
        created_at DATETIME,
        rating INT,
        thank_count INT,
        title TEXT,
        content TEXT
    ), parameters: None
[2023-11-21T20:34:37.298+0700] {sql.py:427} INFO - Rows affected: 0
[2023-11-21T20:34:37.306+0700] {taskinstance.py:1400} INFO - Marking task as SUCCESS. dag_id=tiki-stg, task_id=create_review_table, execution_date=20231121T133223, start_date=20231121T133436, end_date=20231121T133437
[2023-11-21T20:34:37.373+0700] {local_task_job_runner.py:228} INFO - Task exited with return code 0
[2023-11-21T20:34:37.403+0700] {taskinstance.py:2778} INFO - 0 downstream tasks scheduled from follow-on schedule check
