[2023-11-21T16:19:06.580+0700] {taskinstance.py:1159} INFO - Dependencies all met for dep_context=non-requeueable deps ti=<TaskInstance: tiki-stg.create_seller_table manual__2023-11-21T09:16:41.986153+00:00 [queued]>
[2023-11-21T16:19:06.595+0700] {taskinstance.py:1159} INFO - Dependencies all met for dep_context=requeueable deps ti=<TaskInstance: tiki-stg.create_seller_table manual__2023-11-21T09:16:41.986153+00:00 [queued]>
[2023-11-21T16:19:06.596+0700] {taskinstance.py:1361} INFO - Starting attempt 1 of 1
[2023-11-21T16:19:06.632+0700] {taskinstance.py:1382} INFO - Executing <Task(MySqlOperator): create_seller_table> on 2023-11-21 09:16:41.986153+00:00
[2023-11-21T16:19:06.640+0700] {standard_task_runner.py:57} INFO - Started process 32986 to run task
[2023-11-21T16:19:06.645+0700] {standard_task_runner.py:84} INFO - Running: ['airflow', 'tasks', 'run', 'tiki-stg', 'create_seller_table', 'manual__2023-11-21T09:16:41.986153+00:00', '--job-id', '43', '--raw', '--subdir', 'DAGS_FOLDER/tiki-staging.py', '--cfg-path', '/tmp/tmpzzpy38vg']
[2023-11-21T16:19:06.647+0700] {standard_task_runner.py:85} INFO - Job 43: Subtask create_seller_table
[2023-11-21T16:19:06.714+0700] {task_command.py:416} INFO - Running <TaskInstance: tiki-stg.create_seller_table manual__2023-11-21T09:16:41.986153+00:00 [running]> on host DESKTOP-AN95RFH.
[2023-11-21T16:19:06.839+0700] {taskinstance.py:1662} INFO - Exporting env vars: AIRFLOW_CTX_DAG_OWNER='airflow' AIRFLOW_CTX_DAG_ID='tiki-stg' AIRFLOW_CTX_TASK_ID='create_seller_table' AIRFLOW_CTX_EXECUTION_DATE='2023-11-21T09:16:41.986153+00:00' AIRFLOW_CTX_TRY_NUMBER='1' AIRFLOW_CTX_DAG_RUN_ID='manual__2023-11-21T09:16:41.986153+00:00'
[2023-11-21T16:19:06.840+0700] {sql.py:274} INFO - Executing: 
    CREATE TABLE seller (
        seller_id VARCHAR(20) PRIMARY KEY,
        seller_name VARCHAR(100),
        seller_link VARCHAR(200)
    )
[2023-11-21T16:19:06.849+0700] {base.py:73} INFO - Using connection ID 'tiki_conn' for task execution.
[2023-11-21T16:19:07.082+0700] {base.py:73} INFO - Using connection ID 'tiki_conn' for task execution.
[2023-11-21T16:19:07.096+0700] {sql.py:418} INFO - Running statement: 
    CREATE TABLE seller (
        seller_id VARCHAR(20) PRIMARY KEY,
        seller_name VARCHAR(100),
        seller_link VARCHAR(200)
    ), parameters: None
[2023-11-21T16:19:07.216+0700] {sql.py:427} INFO - Rows affected: 0
[2023-11-21T16:19:07.227+0700] {taskinstance.py:1400} INFO - Marking task as SUCCESS. dag_id=tiki-stg, task_id=create_seller_table, execution_date=20231121T091641, start_date=20231121T091906, end_date=20231121T091907
[2023-11-21T16:19:07.302+0700] {local_task_job_runner.py:228} INFO - Task exited with return code 0
[2023-11-21T16:19:07.455+0700] {taskinstance.py:2778} INFO - 0 downstream tasks scheduled from follow-on schedule check
