[2023-11-21T20:35:04.825+0700] {taskinstance.py:1159} INFO - Dependencies all met for dep_context=non-requeueable deps ti=<TaskInstance: tiki-stg.add_fk_written_author manual__2023-11-21T13:32:23.985101+00:00 [queued]>
[2023-11-21T20:35:04.842+0700] {taskinstance.py:1159} INFO - Dependencies all met for dep_context=requeueable deps ti=<TaskInstance: tiki-stg.add_fk_written_author manual__2023-11-21T13:32:23.985101+00:00 [queued]>
[2023-11-21T20:35:04.842+0700] {taskinstance.py:1361} INFO - Starting attempt 1 of 1
[2023-11-21T20:35:04.884+0700] {taskinstance.py:1382} INFO - Executing <Task(MySqlOperator): add_fk_written_author> on 2023-11-21 13:32:23.985101+00:00
[2023-11-21T20:35:04.891+0700] {standard_task_runner.py:57} INFO - Started process 3966 to run task
[2023-11-21T20:35:04.896+0700] {standard_task_runner.py:84} INFO - Running: ['airflow', 'tasks', 'run', 'tiki-stg', 'add_fk_written_author', 'manual__2023-11-21T13:32:23.985101+00:00', '--job-id', '83', '--raw', '--subdir', 'DAGS_FOLDER/tiki-staging.py', '--cfg-path', '/tmp/tmp4c7dshi_']
[2023-11-21T20:35:04.898+0700] {standard_task_runner.py:85} INFO - Job 83: Subtask add_fk_written_author
[2023-11-21T20:35:04.974+0700] {task_command.py:416} INFO - Running <TaskInstance: tiki-stg.add_fk_written_author manual__2023-11-21T13:32:23.985101+00:00 [running]> on host DESKTOP-AN95RFH.
[2023-11-21T20:35:05.092+0700] {taskinstance.py:1662} INFO - Exporting env vars: AIRFLOW_CTX_DAG_OWNER='airflow' AIRFLOW_CTX_DAG_ID='tiki-stg' AIRFLOW_CTX_TASK_ID='add_fk_written_author' AIRFLOW_CTX_EXECUTION_DATE='2023-11-21T13:32:23.985101+00:00' AIRFLOW_CTX_TRY_NUMBER='1' AIRFLOW_CTX_DAG_RUN_ID='manual__2023-11-21T13:32:23.985101+00:00'
[2023-11-21T20:35:05.094+0700] {sql.py:274} INFO - Executing: 
    ALTER TABLE written
    ADD CONSTRAINT fk_written_author
    FOREIGN KEY (author_id)
    REFERENCES author(author_id)
[2023-11-21T20:35:05.102+0700] {base.py:73} INFO - Using connection ID 'tiki_conn' for task execution.
[2023-11-21T20:35:05.281+0700] {base.py:73} INFO - Using connection ID 'tiki_conn' for task execution.
[2023-11-21T20:35:05.291+0700] {sql.py:418} INFO - Running statement: 
    ALTER TABLE written
    ADD CONSTRAINT fk_written_author
    FOREIGN KEY (author_id)
    REFERENCES author(author_id), parameters: None
[2023-11-21T20:35:05.484+0700] {sql.py:427} INFO - Rows affected: 0
[2023-11-21T20:35:05.494+0700] {taskinstance.py:1400} INFO - Marking task as SUCCESS. dag_id=tiki-stg, task_id=add_fk_written_author, execution_date=20231121T133223, start_date=20231121T133504, end_date=20231121T133505
[2023-11-21T20:35:05.550+0700] {local_task_job_runner.py:228} INFO - Task exited with return code 0
[2023-11-21T20:35:05.572+0700] {taskinstance.py:2778} INFO - 0 downstream tasks scheduled from follow-on schedule check
