[2023-11-21T16:19:11.139+0700] {taskinstance.py:1159} INFO - Dependencies all met for dep_context=non-requeueable deps ti=<TaskInstance: tiki-stg.create_customer_table manual__2023-11-21T09:16:41.986153+00:00 [queued]>
[2023-11-21T16:19:11.157+0700] {taskinstance.py:1159} INFO - Dependencies all met for dep_context=requeueable deps ti=<TaskInstance: tiki-stg.create_customer_table manual__2023-11-21T09:16:41.986153+00:00 [queued]>
[2023-11-21T16:19:11.158+0700] {taskinstance.py:1361} INFO - Starting attempt 1 of 1
[2023-11-21T16:19:11.202+0700] {taskinstance.py:1382} INFO - Executing <Task(MySqlOperator): create_customer_table> on 2023-11-21 09:16:41.986153+00:00
[2023-11-21T16:19:11.211+0700] {standard_task_runner.py:57} INFO - Started process 33000 to run task
[2023-11-21T16:19:11.227+0700] {standard_task_runner.py:84} INFO - Running: ['airflow', 'tasks', 'run', 'tiki-stg', 'create_customer_table', 'manual__2023-11-21T09:16:41.986153+00:00', '--job-id', '44', '--raw', '--subdir', 'DAGS_FOLDER/tiki-staging.py', '--cfg-path', '/tmp/tmpmpny4td_']
[2023-11-21T16:19:11.233+0700] {standard_task_runner.py:85} INFO - Job 44: Subtask create_customer_table
[2023-11-21T16:19:11.397+0700] {task_command.py:416} INFO - Running <TaskInstance: tiki-stg.create_customer_table manual__2023-11-21T09:16:41.986153+00:00 [running]> on host DESKTOP-AN95RFH.
[2023-11-21T16:19:11.524+0700] {taskinstance.py:1662} INFO - Exporting env vars: AIRFLOW_CTX_DAG_OWNER='airflow' AIRFLOW_CTX_DAG_ID='tiki-stg' AIRFLOW_CTX_TASK_ID='create_customer_table' AIRFLOW_CTX_EXECUTION_DATE='2023-11-21T09:16:41.986153+00:00' AIRFLOW_CTX_TRY_NUMBER='1' AIRFLOW_CTX_DAG_RUN_ID='manual__2023-11-21T09:16:41.986153+00:00'
[2023-11-21T16:19:11.525+0700] {sql.py:274} INFO - Executing: 
    CREATE TABLE customer(
        customer_id VARCHAR(20) PRIMARY KEY,
        customer_name TEXT,
        region VARCHAR(45),
        avatar_url TEXT,
        created_time DATETIME
    )
[2023-11-21T16:19:11.534+0700] {base.py:73} INFO - Using connection ID 'tiki_conn' for task execution.
[2023-11-21T16:19:11.754+0700] {base.py:73} INFO - Using connection ID 'tiki_conn' for task execution.
[2023-11-21T16:19:11.779+0700] {sql.py:418} INFO - Running statement: 
    CREATE TABLE customer(
        customer_id VARCHAR(20) PRIMARY KEY,
        customer_name TEXT,
        region VARCHAR(45),
        avatar_url TEXT,
        created_time DATETIME
    ), parameters: None
[2023-11-21T16:19:11.913+0700] {sql.py:427} INFO - Rows affected: 0
[2023-11-21T16:19:11.940+0700] {taskinstance.py:1400} INFO - Marking task as SUCCESS. dag_id=tiki-stg, task_id=create_customer_table, execution_date=20231121T091641, start_date=20231121T091911, end_date=20231121T091911
[2023-11-21T16:19:12.035+0700] {local_task_job_runner.py:228} INFO - Task exited with return code 0
[2023-11-21T16:19:12.074+0700] {taskinstance.py:2778} INFO - 0 downstream tasks scheduled from follow-on schedule check
