[2023-11-21T20:34:40.291+0700] {taskinstance.py:1159} INFO - Dependencies all met for dep_context=non-requeueable deps ti=<TaskInstance: tiki-stg.create_category_table manual__2023-11-21T13:32:23.985101+00:00 [queued]>
[2023-11-21T20:34:40.304+0700] {taskinstance.py:1159} INFO - Dependencies all met for dep_context=requeueable deps ti=<TaskInstance: tiki-stg.create_category_table manual__2023-11-21T13:32:23.985101+00:00 [queued]>
[2023-11-21T20:34:40.304+0700] {taskinstance.py:1361} INFO - Starting attempt 1 of 1
[2023-11-21T20:34:40.337+0700] {taskinstance.py:1382} INFO - Executing <Task(MySqlOperator): create_category_table> on 2023-11-21 13:32:23.985101+00:00
[2023-11-21T20:34:40.344+0700] {standard_task_runner.py:57} INFO - Started process 3884 to run task
[2023-11-21T20:34:40.349+0700] {standard_task_runner.py:84} INFO - Running: ['airflow', 'tasks', 'run', 'tiki-stg', 'create_category_table', 'manual__2023-11-21T13:32:23.985101+00:00', '--job-id', '78', '--raw', '--subdir', 'DAGS_FOLDER/tiki-staging.py', '--cfg-path', '/tmp/tmpihlccy9_']
[2023-11-21T20:34:40.350+0700] {standard_task_runner.py:85} INFO - Job 78: Subtask create_category_table
[2023-11-21T20:34:40.411+0700] {task_command.py:416} INFO - Running <TaskInstance: tiki-stg.create_category_table manual__2023-11-21T13:32:23.985101+00:00 [running]> on host DESKTOP-AN95RFH.
[2023-11-21T20:34:40.514+0700] {taskinstance.py:1662} INFO - Exporting env vars: AIRFLOW_CTX_DAG_OWNER='airflow' AIRFLOW_CTX_DAG_ID='tiki-stg' AIRFLOW_CTX_TASK_ID='create_category_table' AIRFLOW_CTX_EXECUTION_DATE='2023-11-21T13:32:23.985101+00:00' AIRFLOW_CTX_TRY_NUMBER='1' AIRFLOW_CTX_DAG_RUN_ID='manual__2023-11-21T13:32:23.985101+00:00'
[2023-11-21T20:34:40.515+0700] {sql.py:274} INFO - Executing: 
    CREATE TABLE IF NOT EXISTS category(
        category_id VARCHAR(20) PRIMARY KEY,
        category VARCHAR(100)
    )
[2023-11-21T20:34:40.522+0700] {base.py:73} INFO - Using connection ID 'tiki_conn' for task execution.
[2023-11-21T20:34:40.698+0700] {base.py:73} INFO - Using connection ID 'tiki_conn' for task execution.
[2023-11-21T20:34:40.707+0700] {sql.py:418} INFO - Running statement: 
    CREATE TABLE IF NOT EXISTS category(
        category_id VARCHAR(20) PRIMARY KEY,
        category VARCHAR(100)
    ), parameters: None
[2023-11-21T20:34:40.937+0700] {sql.py:427} INFO - Rows affected: 0
[2023-11-21T20:34:40.945+0700] {taskinstance.py:1400} INFO - Marking task as SUCCESS. dag_id=tiki-stg, task_id=create_category_table, execution_date=20231121T133223, start_date=20231121T133440, end_date=20231121T133440
[2023-11-21T20:34:41.004+0700] {local_task_job_runner.py:228} INFO - Task exited with return code 0
[2023-11-21T20:34:41.038+0700] {taskinstance.py:2778} INFO - 1 downstream tasks scheduled from follow-on schedule check
