[2023-11-21T20:34:32.877+0700] {taskinstance.py:1159} INFO - Dependencies all met for dep_context=non-requeueable deps ti=<TaskInstance: tiki-stg.create_written_table manual__2023-11-21T13:32:23.985101+00:00 [queued]>
[2023-11-21T20:34:32.890+0700] {taskinstance.py:1159} INFO - Dependencies all met for dep_context=requeueable deps ti=<TaskInstance: tiki-stg.create_written_table manual__2023-11-21T13:32:23.985101+00:00 [queued]>
[2023-11-21T20:34:32.890+0700] {taskinstance.py:1361} INFO - Starting attempt 1 of 1
[2023-11-21T20:34:32.922+0700] {taskinstance.py:1382} INFO - Executing <Task(MySqlOperator): create_written_table> on 2023-11-21 13:32:23.985101+00:00
[2023-11-21T20:34:32.929+0700] {standard_task_runner.py:57} INFO - Started process 3860 to run task
[2023-11-21T20:34:32.934+0700] {standard_task_runner.py:84} INFO - Running: ['airflow', 'tasks', 'run', 'tiki-stg', 'create_written_table', 'manual__2023-11-21T13:32:23.985101+00:00', '--job-id', '76', '--raw', '--subdir', 'DAGS_FOLDER/tiki-staging.py', '--cfg-path', '/tmp/tmpno_6uzt1']
[2023-11-21T20:34:32.936+0700] {standard_task_runner.py:85} INFO - Job 76: Subtask create_written_table
[2023-11-21T20:34:32.992+0700] {task_command.py:416} INFO - Running <TaskInstance: tiki-stg.create_written_table manual__2023-11-21T13:32:23.985101+00:00 [running]> on host DESKTOP-AN95RFH.
[2023-11-21T20:34:33.100+0700] {taskinstance.py:1662} INFO - Exporting env vars: AIRFLOW_CTX_DAG_OWNER='airflow' AIRFLOW_CTX_DAG_ID='tiki-stg' AIRFLOW_CTX_TASK_ID='create_written_table' AIRFLOW_CTX_EXECUTION_DATE='2023-11-21T13:32:23.985101+00:00' AIRFLOW_CTX_TRY_NUMBER='1' AIRFLOW_CTX_DAG_RUN_ID='manual__2023-11-21T13:32:23.985101+00:00'
[2023-11-21T20:34:33.102+0700] {sql.py:274} INFO - Executing: 
    CREATE TABLE IF NOT EXISTS written(
        product_id VARCHAR(20),
        author_id VARCHAR(20),
        PRIMARY KEY (product_id, author_id)
    )
[2023-11-21T20:34:33.112+0700] {base.py:73} INFO - Using connection ID 'tiki_conn' for task execution.
[2023-11-21T20:34:33.345+0700] {base.py:73} INFO - Using connection ID 'tiki_conn' for task execution.
[2023-11-21T20:34:33.356+0700] {sql.py:418} INFO - Running statement: 
    CREATE TABLE IF NOT EXISTS written(
        product_id VARCHAR(20),
        author_id VARCHAR(20),
        PRIMARY KEY (product_id, author_id)
    ), parameters: None
[2023-11-21T20:34:33.439+0700] {sql.py:427} INFO - Rows affected: 0
[2023-11-21T20:34:33.446+0700] {taskinstance.py:1400} INFO - Marking task as SUCCESS. dag_id=tiki-stg, task_id=create_written_table, execution_date=20231121T133223, start_date=20231121T133432, end_date=20231121T133433
[2023-11-21T20:34:33.510+0700] {local_task_job_runner.py:228} INFO - Task exited with return code 0
[2023-11-21T20:34:33.615+0700] {taskinstance.py:2778} INFO - 0 downstream tasks scheduled from follow-on schedule check
