[2023-11-21T20:34:24.207+0700] {taskinstance.py:1159} INFO - Dependencies all met for dep_context=non-requeueable deps ti=<TaskInstance: tiki-stg.create_customer_table manual__2023-11-21T13:32:23.985101+00:00 [queued]>
[2023-11-21T20:34:24.223+0700] {taskinstance.py:1159} INFO - Dependencies all met for dep_context=requeueable deps ti=<TaskInstance: tiki-stg.create_customer_table manual__2023-11-21T13:32:23.985101+00:00 [queued]>
[2023-11-21T20:34:24.224+0700] {taskinstance.py:1361} INFO - Starting attempt 1 of 1
[2023-11-21T20:34:24.277+0700] {taskinstance.py:1382} INFO - Executing <Task(MySqlOperator): create_customer_table> on 2023-11-21 13:32:23.985101+00:00
[2023-11-21T20:34:24.292+0700] {standard_task_runner.py:57} INFO - Started process 3836 to run task
[2023-11-21T20:34:24.298+0700] {standard_task_runner.py:84} INFO - Running: ['airflow', 'tasks', 'run', 'tiki-stg', 'create_customer_table', 'manual__2023-11-21T13:32:23.985101+00:00', '--job-id', '74', '--raw', '--subdir', 'DAGS_FOLDER/tiki-staging.py', '--cfg-path', '/tmp/tmpic4fakdr']
[2023-11-21T20:34:24.301+0700] {standard_task_runner.py:85} INFO - Job 74: Subtask create_customer_table
[2023-11-21T20:34:24.382+0700] {task_command.py:416} INFO - Running <TaskInstance: tiki-stg.create_customer_table manual__2023-11-21T13:32:23.985101+00:00 [running]> on host DESKTOP-AN95RFH.
[2023-11-21T20:34:24.518+0700] {taskinstance.py:1662} INFO - Exporting env vars: AIRFLOW_CTX_DAG_OWNER='airflow' AIRFLOW_CTX_DAG_ID='tiki-stg' AIRFLOW_CTX_TASK_ID='create_customer_table' AIRFLOW_CTX_EXECUTION_DATE='2023-11-21T13:32:23.985101+00:00' AIRFLOW_CTX_TRY_NUMBER='1' AIRFLOW_CTX_DAG_RUN_ID='manual__2023-11-21T13:32:23.985101+00:00'
[2023-11-21T20:34:24.520+0700] {sql.py:274} INFO - Executing: 
    CREATE TABLE IF NOT EXISTS customer(
        customer_id VARCHAR(20) PRIMARY KEY,
        customer_name TEXT,
        region VARCHAR(45),
        avatar_url TEXT,
        created_time DATETIME
    )
[2023-11-21T20:34:24.531+0700] {base.py:73} INFO - Using connection ID 'tiki_conn' for task execution.
[2023-11-21T20:34:24.746+0700] {base.py:73} INFO - Using connection ID 'tiki_conn' for task execution.
[2023-11-21T20:34:24.759+0700] {sql.py:418} INFO - Running statement: 
    CREATE TABLE IF NOT EXISTS customer(
        customer_id VARCHAR(20) PRIMARY KEY,
        customer_name TEXT,
        region VARCHAR(45),
        avatar_url TEXT,
        created_time DATETIME
    ), parameters: None
[2023-11-21T20:34:25.184+0700] {sql.py:427} INFO - Rows affected: 0
[2023-11-21T20:34:25.197+0700] {taskinstance.py:1400} INFO - Marking task as SUCCESS. dag_id=tiki-stg, task_id=create_customer_table, execution_date=20231121T133223, start_date=20231121T133424, end_date=20231121T133425
[2023-11-21T20:34:25.238+0700] {local_task_job_runner.py:228} INFO - Task exited with return code 0
[2023-11-21T20:34:25.281+0700] {taskinstance.py:2778} INFO - 0 downstream tasks scheduled from follow-on schedule check
