[2023-11-21T16:19:21.034+0700] {taskinstance.py:1159} INFO - Dependencies all met for dep_context=non-requeueable deps ti=<TaskInstance: tiki-stg.create_product_table manual__2023-11-21T09:16:41.986153+00:00 [queued]>
[2023-11-21T16:19:21.053+0700] {taskinstance.py:1159} INFO - Dependencies all met for dep_context=requeueable deps ti=<TaskInstance: tiki-stg.create_product_table manual__2023-11-21T09:16:41.986153+00:00 [queued]>
[2023-11-21T16:19:21.053+0700] {taskinstance.py:1361} INFO - Starting attempt 1 of 1
[2023-11-21T16:19:21.093+0700] {taskinstance.py:1382} INFO - Executing <Task(MySqlOperator): create_product_table> on 2023-11-21 09:16:41.986153+00:00
[2023-11-21T16:19:21.103+0700] {standard_task_runner.py:57} INFO - Started process 33024 to run task
[2023-11-21T16:19:21.123+0700] {standard_task_runner.py:84} INFO - Running: ['airflow', 'tasks', 'run', 'tiki-stg', 'create_product_table', 'manual__2023-11-21T09:16:41.986153+00:00', '--job-id', '46', '--raw', '--subdir', 'DAGS_FOLDER/tiki-staging.py', '--cfg-path', '/tmp/tmp8faw19p0']
[2023-11-21T16:19:21.134+0700] {standard_task_runner.py:85} INFO - Job 46: Subtask create_product_table
[2023-11-21T16:19:21.282+0700] {task_command.py:416} INFO - Running <TaskInstance: tiki-stg.create_product_table manual__2023-11-21T09:16:41.986153+00:00 [running]> on host DESKTOP-AN95RFH.
[2023-11-21T16:19:21.456+0700] {taskinstance.py:1662} INFO - Exporting env vars: AIRFLOW_CTX_DAG_OWNER='airflow' AIRFLOW_CTX_DAG_ID='tiki-stg' AIRFLOW_CTX_TASK_ID='create_product_table' AIRFLOW_CTX_EXECUTION_DATE='2023-11-21T09:16:41.986153+00:00' AIRFLOW_CTX_TRY_NUMBER='1' AIRFLOW_CTX_DAG_RUN_ID='manual__2023-11-21T09:16:41.986153+00:00'
[2023-11-21T16:19:21.458+0700] {sql.py:274} INFO - Executing: 
    CREATE TABLE product(
        product_id VARCHAR(20) PRIMARY KEY,
        product_name TEXT,
        original_price FLOAT,
        quantity_sold INT,
        rating_average FLOAT,
        review_count INT,
        seller_id VARCHAR(20),
        seller_type VARCHAR(45),
        seller_product_id VARCHAR(20),
        seller_product_sku VARCHAR(20),
        category_id VARCHAR(200)
    )
[2023-11-21T16:19:21.477+0700] {base.py:73} INFO - Using connection ID 'tiki_conn' for task execution.
[2023-11-21T16:19:21.879+0700] {base.py:73} INFO - Using connection ID 'tiki_conn' for task execution.
[2023-11-21T16:19:21.904+0700] {sql.py:418} INFO - Running statement: 
    CREATE TABLE product(
        product_id VARCHAR(20) PRIMARY KEY,
        product_name TEXT,
        original_price FLOAT,
        quantity_sold INT,
        rating_average FLOAT,
        review_count INT,
        seller_id VARCHAR(20),
        seller_type VARCHAR(45),
        seller_product_id VARCHAR(20),
        seller_product_sku VARCHAR(20),
        category_id VARCHAR(200)
    ), parameters: None
[2023-11-21T16:19:22.051+0700] {sql.py:427} INFO - Rows affected: 0
[2023-11-21T16:19:22.062+0700] {taskinstance.py:1400} INFO - Marking task as SUCCESS. dag_id=tiki-stg, task_id=create_product_table, execution_date=20231121T091641, start_date=20231121T091921, end_date=20231121T091922
[2023-11-21T16:19:22.131+0700] {local_task_job_runner.py:228} INFO - Task exited with return code 0
[2023-11-21T16:19:22.287+0700] {taskinstance.py:2778} INFO - 0 downstream tasks scheduled from follow-on schedule check
