[2023-11-21T16:19:26.529+0700] {taskinstance.py:1159} INFO - Dependencies all met for dep_context=non-requeueable deps ti=<TaskInstance: tiki-stg.create_written_table manual__2023-11-21T09:16:41.986153+00:00 [queued]>
[2023-11-21T16:19:26.544+0700] {taskinstance.py:1159} INFO - Dependencies all met for dep_context=requeueable deps ti=<TaskInstance: tiki-stg.create_written_table manual__2023-11-21T09:16:41.986153+00:00 [queued]>
[2023-11-21T16:19:26.545+0700] {taskinstance.py:1361} INFO - Starting attempt 1 of 1
[2023-11-21T16:19:26.580+0700] {taskinstance.py:1382} INFO - Executing <Task(MySqlOperator): create_written_table> on 2023-11-21 09:16:41.986153+00:00
[2023-11-21T16:19:26.587+0700] {standard_task_runner.py:57} INFO - Started process 33038 to run task
[2023-11-21T16:19:26.594+0700] {standard_task_runner.py:84} INFO - Running: ['airflow', 'tasks', 'run', 'tiki-stg', 'create_written_table', 'manual__2023-11-21T09:16:41.986153+00:00', '--job-id', '47', '--raw', '--subdir', 'DAGS_FOLDER/tiki-staging.py', '--cfg-path', '/tmp/tmph7ijm_bq']
[2023-11-21T16:19:26.596+0700] {standard_task_runner.py:85} INFO - Job 47: Subtask create_written_table
[2023-11-21T16:19:26.667+0700] {task_command.py:416} INFO - Running <TaskInstance: tiki-stg.create_written_table manual__2023-11-21T09:16:41.986153+00:00 [running]> on host DESKTOP-AN95RFH.
[2023-11-21T16:19:26.828+0700] {taskinstance.py:1662} INFO - Exporting env vars: AIRFLOW_CTX_DAG_OWNER='airflow' AIRFLOW_CTX_DAG_ID='tiki-stg' AIRFLOW_CTX_TASK_ID='create_written_table' AIRFLOW_CTX_EXECUTION_DATE='2023-11-21T09:16:41.986153+00:00' AIRFLOW_CTX_TRY_NUMBER='1' AIRFLOW_CTX_DAG_RUN_ID='manual__2023-11-21T09:16:41.986153+00:00'
[2023-11-21T16:19:26.832+0700] {sql.py:274} INFO - Executing: 
    CREATE TABLE written(
        product_id VARCHAR(20),
        author_id VARCHAR(20),
        PRIMARY KEY (product_id, author_id)
    )
[2023-11-21T16:19:26.862+0700] {base.py:73} INFO - Using connection ID 'tiki_conn' for task execution.
[2023-11-21T16:19:27.556+0700] {base.py:73} INFO - Using connection ID 'tiki_conn' for task execution.
[2023-11-21T16:19:27.576+0700] {sql.py:418} INFO - Running statement: 
    CREATE TABLE written(
        product_id VARCHAR(20),
        author_id VARCHAR(20),
        PRIMARY KEY (product_id, author_id)
    ), parameters: None
[2023-11-21T16:19:27.726+0700] {sql.py:427} INFO - Rows affected: 0
[2023-11-21T16:19:27.740+0700] {taskinstance.py:1400} INFO - Marking task as SUCCESS. dag_id=tiki-stg, task_id=create_written_table, execution_date=20231121T091641, start_date=20231121T091926, end_date=20231121T091927
[2023-11-21T16:19:27.813+0700] {local_task_job_runner.py:228} INFO - Task exited with return code 0
[2023-11-21T16:19:27.884+0700] {taskinstance.py:2778} INFO - 0 downstream tasks scheduled from follow-on schedule check
