[2023-11-21T14:09:04.070+0700] {processor.py:157} INFO - Started process (PID=19398) to work on /home/thien/stock-prediction/.venv/lib/python3.10/site-packages/airflow/example_dags/subdags/subdag.py
[2023-11-21T14:09:04.071+0700] {processor.py:829} INFO - Processing file /home/thien/stock-prediction/.venv/lib/python3.10/site-packages/airflow/example_dags/subdags/subdag.py for tasks to queue
[2023-11-21T14:09:04.072+0700] {logging_mixin.py:154} INFO - [2023-11-21T14:09:04.071+0700] {dagbag.py:536} INFO - Filling up the DagBag from /home/thien/stock-prediction/.venv/lib/python3.10/site-packages/airflow/example_dags/subdags/subdag.py
[2023-11-21T14:09:04.075+0700] {processor.py:841} WARNING - No viable dags retrieved from /home/thien/stock-prediction/.venv/lib/python3.10/site-packages/airflow/example_dags/subdags/subdag.py
[2023-11-21T14:09:04.085+0700] {processor.py:179} INFO - Processing /home/thien/stock-prediction/.venv/lib/python3.10/site-packages/airflow/example_dags/subdags/subdag.py took 0.017 seconds
[2023-11-21T14:09:53.668+0700] {processor.py:157} INFO - Started process (PID=19708) to work on /home/thien/stock-prediction/.venv/lib/python3.10/site-packages/airflow/example_dags/subdags/subdag.py
[2023-11-21T14:09:53.670+0700] {processor.py:829} INFO - Processing file /home/thien/stock-prediction/.venv/lib/python3.10/site-packages/airflow/example_dags/subdags/subdag.py for tasks to queue
[2023-11-21T14:09:53.670+0700] {logging_mixin.py:154} INFO - [2023-11-21T14:09:53.670+0700] {dagbag.py:536} INFO - Filling up the DagBag from /home/thien/stock-prediction/.venv/lib/python3.10/site-packages/airflow/example_dags/subdags/subdag.py
[2023-11-21T14:09:53.672+0700] {processor.py:841} WARNING - No viable dags retrieved from /home/thien/stock-prediction/.venv/lib/python3.10/site-packages/airflow/example_dags/subdags/subdag.py
[2023-11-21T14:09:53.679+0700] {processor.py:179} INFO - Processing /home/thien/stock-prediction/.venv/lib/python3.10/site-packages/airflow/example_dags/subdags/subdag.py took 0.014 seconds
[2023-11-21T14:25:13.477+0700] {processor.py:157} INFO - Started process (PID=22299) to work on /usr/local/lib/python3.10/dist-packages/airflow/example_dags/subdags/subdag.py
[2023-11-21T14:25:13.478+0700] {processor.py:829} INFO - Processing file /usr/local/lib/python3.10/dist-packages/airflow/example_dags/subdags/subdag.py for tasks to queue
[2023-11-21T14:25:13.479+0700] {logging_mixin.py:151} INFO - [2023-11-21T14:25:13.479+0700] {dagbag.py:536} INFO - Filling up the DagBag from /usr/local/lib/python3.10/dist-packages/airflow/example_dags/subdags/subdag.py
[2023-11-21T14:25:13.482+0700] {processor.py:841} WARNING - No viable dags retrieved from /usr/local/lib/python3.10/dist-packages/airflow/example_dags/subdags/subdag.py
[2023-11-21T14:25:13.490+0700] {processor.py:179} INFO - Processing /usr/local/lib/python3.10/dist-packages/airflow/example_dags/subdags/subdag.py took 0.016 seconds
[2023-11-21T14:25:57.921+0700] {processor.py:157} INFO - Started process (PID=22410) to work on /usr/local/lib/python3.10/dist-packages/airflow/example_dags/subdags/subdag.py
[2023-11-21T14:25:57.931+0700] {processor.py:829} INFO - Processing file /usr/local/lib/python3.10/dist-packages/airflow/example_dags/subdags/subdag.py for tasks to queue
[2023-11-21T14:25:57.932+0700] {logging_mixin.py:151} INFO - [2023-11-21T14:25:57.932+0700] {dagbag.py:536} INFO - Filling up the DagBag from /usr/local/lib/python3.10/dist-packages/airflow/example_dags/subdags/subdag.py
[2023-11-21T14:25:57.934+0700] {processor.py:841} WARNING - No viable dags retrieved from /usr/local/lib/python3.10/dist-packages/airflow/example_dags/subdags/subdag.py
[2023-11-21T14:25:57.944+0700] {processor.py:179} INFO - Processing /usr/local/lib/python3.10/dist-packages/airflow/example_dags/subdags/subdag.py took 0.026 seconds
[2023-11-21T14:26:44.220+0700] {processor.py:157} INFO - Started process (PID=22526) to work on /usr/local/lib/python3.10/dist-packages/airflow/example_dags/subdags/subdag.py
[2023-11-21T14:26:44.221+0700] {processor.py:829} INFO - Processing file /usr/local/lib/python3.10/dist-packages/airflow/example_dags/subdags/subdag.py for tasks to queue
[2023-11-21T14:26:44.222+0700] {logging_mixin.py:151} INFO - [2023-11-21T14:26:44.222+0700] {dagbag.py:536} INFO - Filling up the DagBag from /usr/local/lib/python3.10/dist-packages/airflow/example_dags/subdags/subdag.py
[2023-11-21T14:26:44.224+0700] {processor.py:841} WARNING - No viable dags retrieved from /usr/local/lib/python3.10/dist-packages/airflow/example_dags/subdags/subdag.py
[2023-11-21T14:26:44.234+0700] {processor.py:179} INFO - Processing /usr/local/lib/python3.10/dist-packages/airflow/example_dags/subdags/subdag.py took 0.016 seconds
[2023-11-21T14:38:45.551+0700] {processor.py:157} INFO - Started process (PID=24162) to work on /usr/local/lib/python3.10/dist-packages/airflow/example_dags/subdags/subdag.py
[2023-11-21T14:38:45.552+0700] {processor.py:829} INFO - Processing file /usr/local/lib/python3.10/dist-packages/airflow/example_dags/subdags/subdag.py for tasks to queue
[2023-11-21T14:38:45.553+0700] {logging_mixin.py:154} INFO - [2023-11-21T14:38:45.552+0700] {dagbag.py:536} INFO - Filling up the DagBag from /usr/local/lib/python3.10/dist-packages/airflow/example_dags/subdags/subdag.py
[2023-11-21T14:38:45.555+0700] {processor.py:841} WARNING - No viable dags retrieved from /usr/local/lib/python3.10/dist-packages/airflow/example_dags/subdags/subdag.py
[2023-11-21T14:38:45.564+0700] {processor.py:179} INFO - Processing /usr/local/lib/python3.10/dist-packages/airflow/example_dags/subdags/subdag.py took 0.016 seconds
[2023-11-21T14:39:30.054+0700] {processor.py:157} INFO - Started process (PID=24300) to work on /usr/local/lib/python3.10/dist-packages/airflow/example_dags/subdags/subdag.py
[2023-11-21T14:39:30.056+0700] {processor.py:829} INFO - Processing file /usr/local/lib/python3.10/dist-packages/airflow/example_dags/subdags/subdag.py for tasks to queue
[2023-11-21T14:39:30.056+0700] {logging_mixin.py:154} INFO - [2023-11-21T14:39:30.056+0700] {dagbag.py:536} INFO - Filling up the DagBag from /usr/local/lib/python3.10/dist-packages/airflow/example_dags/subdags/subdag.py
[2023-11-21T14:39:30.058+0700] {processor.py:841} WARNING - No viable dags retrieved from /usr/local/lib/python3.10/dist-packages/airflow/example_dags/subdags/subdag.py
[2023-11-21T14:39:30.067+0700] {processor.py:179} INFO - Processing /usr/local/lib/python3.10/dist-packages/airflow/example_dags/subdags/subdag.py took 0.015 seconds
