[2023-11-21T20:34:28.224+0700] {taskinstance.py:1159} INFO - Dependencies all met for dep_context=non-requeueable deps ti=<TaskInstance: tiki-stg.create_product_table manual__2023-11-21T13:32:23.985101+00:00 [queued]>
[2023-11-21T20:34:28.236+0700] {taskinstance.py:1159} INFO - Dependencies all met for dep_context=requeueable deps ti=<TaskInstance: tiki-stg.create_product_table manual__2023-11-21T13:32:23.985101+00:00 [queued]>
[2023-11-21T20:34:28.237+0700] {taskinstance.py:1361} INFO - Starting attempt 1 of 1
[2023-11-21T20:34:28.270+0700] {taskinstance.py:1382} INFO - Executing <Task(MySqlOperator): create_product_table> on 2023-11-21 13:32:23.985101+00:00
[2023-11-21T20:34:28.276+0700] {standard_task_runner.py:57} INFO - Started process 3848 to run task
[2023-11-21T20:34:28.280+0700] {standard_task_runner.py:84} INFO - Running: ['airflow', 'tasks', 'run', 'tiki-stg', 'create_product_table', 'manual__2023-11-21T13:32:23.985101+00:00', '--job-id', '75', '--raw', '--subdir', 'DAGS_FOLDER/tiki-staging.py', '--cfg-path', '/tmp/tmpwa8jf7qr']
[2023-11-21T20:34:28.282+0700] {standard_task_runner.py:85} INFO - Job 75: Subtask create_product_table
[2023-11-21T20:34:28.352+0700] {task_command.py:416} INFO - Running <TaskInstance: tiki-stg.create_product_table manual__2023-11-21T13:32:23.985101+00:00 [running]> on host DESKTOP-AN95RFH.
[2023-11-21T20:34:28.489+0700] {taskinstance.py:1662} INFO - Exporting env vars: AIRFLOW_CTX_DAG_OWNER='airflow' AIRFLOW_CTX_DAG_ID='tiki-stg' AIRFLOW_CTX_TASK_ID='create_product_table' AIRFLOW_CTX_EXECUTION_DATE='2023-11-21T13:32:23.985101+00:00' AIRFLOW_CTX_TRY_NUMBER='1' AIRFLOW_CTX_DAG_RUN_ID='manual__2023-11-21T13:32:23.985101+00:00'
[2023-11-21T20:34:28.491+0700] {sql.py:274} INFO - Executing: 
    CREATE TABLE IF NOT EXISTS product(
        product_id VARCHAR(20) PRIMARY KEY,
        product_name TEXT,
        original_price FLOAT,
        quantity_sold INT,
        rating_average FLOAT,
        review_count INT,
        seller_id VARCHAR(20),
        seller_type VARCHAR(45),
        seller_product_id VARCHAR(20),
        seller_product_sku VARCHAR(20),
        category_id VARCHAR(200)
    )
[2023-11-21T20:34:28.500+0700] {base.py:73} INFO - Using connection ID 'tiki_conn' for task execution.
[2023-11-21T20:34:28.795+0700] {base.py:73} INFO - Using connection ID 'tiki_conn' for task execution.
[2023-11-21T20:34:28.811+0700] {sql.py:418} INFO - Running statement: 
    CREATE TABLE IF NOT EXISTS product(
        product_id VARCHAR(20) PRIMARY KEY,
        product_name TEXT,
        original_price FLOAT,
        quantity_sold INT,
        rating_average FLOAT,
        review_count INT,
        seller_id VARCHAR(20),
        seller_type VARCHAR(45),
        seller_product_id VARCHAR(20),
        seller_product_sku VARCHAR(20),
        category_id VARCHAR(200)
    ), parameters: None
[2023-11-21T20:34:28.928+0700] {sql.py:427} INFO - Rows affected: 0
[2023-11-21T20:34:28.940+0700] {taskinstance.py:1400} INFO - Marking task as SUCCESS. dag_id=tiki-stg, task_id=create_product_table, execution_date=20231121T133223, start_date=20231121T133428, end_date=20231121T133428
[2023-11-21T20:34:29.016+0700] {local_task_job_runner.py:228} INFO - Task exited with return code 0
[2023-11-21T20:34:29.062+0700] {taskinstance.py:2778} INFO - 0 downstream tasks scheduled from follow-on schedule check
