[2023-11-21T20:34:45.740+0700] {taskinstance.py:1159} INFO - Dependencies all met for dep_context=non-requeueable deps ti=<TaskInstance: tiki-stg.add_fk_product_seller manual__2023-11-21T13:32:23.985101+00:00 [queued]>
[2023-11-21T20:34:45.752+0700] {taskinstance.py:1159} INFO - Dependencies all met for dep_context=requeueable deps ti=<TaskInstance: tiki-stg.add_fk_product_seller manual__2023-11-21T13:32:23.985101+00:00 [queued]>
[2023-11-21T20:34:45.753+0700] {taskinstance.py:1361} INFO - Starting attempt 1 of 1
[2023-11-21T20:34:45.782+0700] {taskinstance.py:1382} INFO - Executing <Task(MySqlOperator): add_fk_product_seller> on 2023-11-21 13:32:23.985101+00:00
[2023-11-21T20:34:45.788+0700] {standard_task_runner.py:57} INFO - Started process 3907 to run task
[2023-11-21T20:34:45.793+0700] {standard_task_runner.py:84} INFO - Running: ['airflow', 'tasks', 'run', 'tiki-stg', 'add_fk_product_seller', 'manual__2023-11-21T13:32:23.985101+00:00', '--job-id', '79', '--raw', '--subdir', 'DAGS_FOLDER/tiki-staging.py', '--cfg-path', '/tmp/tmpbvjou1jk']
[2023-11-21T20:34:45.794+0700] {standard_task_runner.py:85} INFO - Job 79: Subtask add_fk_product_seller
[2023-11-21T20:34:45.855+0700] {task_command.py:416} INFO - Running <TaskInstance: tiki-stg.add_fk_product_seller manual__2023-11-21T13:32:23.985101+00:00 [running]> on host DESKTOP-AN95RFH.
[2023-11-21T20:34:45.957+0700] {taskinstance.py:1662} INFO - Exporting env vars: AIRFLOW_CTX_DAG_OWNER='airflow' AIRFLOW_CTX_DAG_ID='tiki-stg' AIRFLOW_CTX_TASK_ID='add_fk_product_seller' AIRFLOW_CTX_EXECUTION_DATE='2023-11-21T13:32:23.985101+00:00' AIRFLOW_CTX_TRY_NUMBER='1' AIRFLOW_CTX_DAG_RUN_ID='manual__2023-11-21T13:32:23.985101+00:00'
[2023-11-21T20:34:45.959+0700] {sql.py:274} INFO - Executing: 
    ALTER TABLE product
    ADD CONSTRAINT fk_product_seller
    FOREIGN KEY (seller_id)
    REFERENCES seller(seller_id)
[2023-11-21T20:34:45.966+0700] {base.py:73} INFO - Using connection ID 'tiki_conn' for task execution.
[2023-11-21T20:34:46.189+0700] {base.py:73} INFO - Using connection ID 'tiki_conn' for task execution.
[2023-11-21T20:34:46.201+0700] {sql.py:418} INFO - Running statement: 
    ALTER TABLE product
    ADD CONSTRAINT fk_product_seller
    FOREIGN KEY (seller_id)
    REFERENCES seller(seller_id), parameters: None
[2023-11-21T20:34:46.457+0700] {sql.py:427} INFO - Rows affected: 0
[2023-11-21T20:34:46.465+0700] {taskinstance.py:1400} INFO - Marking task as SUCCESS. dag_id=tiki-stg, task_id=add_fk_product_seller, execution_date=20231121T133223, start_date=20231121T133445, end_date=20231121T133446
[2023-11-21T20:34:46.528+0700] {local_task_job_runner.py:228} INFO - Task exited with return code 0
[2023-11-21T20:34:46.595+0700] {taskinstance.py:2778} INFO - 5 downstream tasks scheduled from follow-on schedule check
