[2023-11-21T16:19:52.035+0700] {taskinstance.py:1159} INFO - Dependencies all met for dep_context=non-requeueable deps ti=<TaskInstance: tiki-stg.add_fk_product_category manual__2023-11-21T09:16:41.986153+00:00 [queued]>
[2023-11-21T16:19:52.050+0700] {taskinstance.py:1159} INFO - Dependencies all met for dep_context=requeueable deps ti=<TaskInstance: tiki-stg.add_fk_product_category manual__2023-11-21T09:16:41.986153+00:00 [queued]>
[2023-11-21T16:19:52.051+0700] {taskinstance.py:1361} INFO - Starting attempt 1 of 1
[2023-11-21T16:19:52.083+0700] {taskinstance.py:1382} INFO - Executing <Task(MySqlOperator): add_fk_product_category> on 2023-11-21 09:16:41.986153+00:00
[2023-11-21T16:19:52.090+0700] {standard_task_runner.py:57} INFO - Started process 33106 to run task
[2023-11-21T16:19:52.097+0700] {standard_task_runner.py:84} INFO - Running: ['airflow', 'tasks', 'run', 'tiki-stg', 'add_fk_product_category', 'manual__2023-11-21T09:16:41.986153+00:00', '--job-id', '51', '--raw', '--subdir', 'DAGS_FOLDER/tiki-staging.py', '--cfg-path', '/tmp/tmpc354sdy5']
[2023-11-21T16:19:52.100+0700] {standard_task_runner.py:85} INFO - Job 51: Subtask add_fk_product_category
[2023-11-21T16:19:52.175+0700] {task_command.py:416} INFO - Running <TaskInstance: tiki-stg.add_fk_product_category manual__2023-11-21T09:16:41.986153+00:00 [running]> on host DESKTOP-AN95RFH.
[2023-11-21T16:19:52.303+0700] {taskinstance.py:1662} INFO - Exporting env vars: AIRFLOW_CTX_DAG_OWNER='airflow' AIRFLOW_CTX_DAG_ID='tiki-stg' AIRFLOW_CTX_TASK_ID='add_fk_product_category' AIRFLOW_CTX_EXECUTION_DATE='2023-11-21T09:16:41.986153+00:00' AIRFLOW_CTX_TRY_NUMBER='1' AIRFLOW_CTX_DAG_RUN_ID='manual__2023-11-21T09:16:41.986153+00:00'
[2023-11-21T16:19:52.305+0700] {sql.py:274} INFO - Executing: 
    ALTER TABLE product
    ADD CONSTRAINT fk_product_category
    FOREIGN KEY (category_id)
    REFERENCES category(category_id)
[2023-11-21T16:19:52.314+0700] {base.py:73} INFO - Using connection ID 'tiki_conn' for task execution.
[2023-11-21T16:19:52.548+0700] {base.py:73} INFO - Using connection ID 'tiki_conn' for task execution.
[2023-11-21T16:19:52.564+0700] {sql.py:418} INFO - Running statement: 
    ALTER TABLE product
    ADD CONSTRAINT fk_product_category
    FOREIGN KEY (category_id)
    REFERENCES category(category_id), parameters: None
[2023-11-21T16:19:53.028+0700] {sql.py:427} INFO - Rows affected: 0
[2023-11-21T16:19:53.037+0700] {taskinstance.py:1400} INFO - Marking task as SUCCESS. dag_id=tiki-stg, task_id=add_fk_product_category, execution_date=20231121T091641, start_date=20231121T091952, end_date=20231121T091953
[2023-11-21T16:19:53.113+0700] {local_task_job_runner.py:228} INFO - Task exited with return code 0
[2023-11-21T16:19:53.132+0700] {taskinstance.py:2778} INFO - 0 downstream tasks scheduled from follow-on schedule check
