[2023-11-21T16:20:18.908+0700] {taskinstance.py:1159} INFO - Dependencies all met for dep_context=non-requeueable deps ti=<TaskInstance: tiki-stg.insert_seller manual__2023-11-21T09:16:41.986153+00:00 [queued]>
[2023-11-21T16:20:18.923+0700] {taskinstance.py:1159} INFO - Dependencies all met for dep_context=requeueable deps ti=<TaskInstance: tiki-stg.insert_seller manual__2023-11-21T09:16:41.986153+00:00 [queued]>
[2023-11-21T16:20:18.923+0700] {taskinstance.py:1361} INFO - Starting attempt 1 of 1
[2023-11-21T16:20:18.956+0700] {taskinstance.py:1382} INFO - Executing <Task(MySqlOperator): insert_seller> on 2023-11-21 09:16:41.986153+00:00
[2023-11-21T16:20:18.964+0700] {standard_task_runner.py:57} INFO - Started process 33176 to run task
[2023-11-21T16:20:18.969+0700] {standard_task_runner.py:84} INFO - Running: ['airflow', 'tasks', 'run', 'tiki-stg', 'insert_seller', 'manual__2023-11-21T09:16:41.986153+00:00', '--job-id', '56', '--raw', '--subdir', 'DAGS_FOLDER/tiki-staging.py', '--cfg-path', '/tmp/tmpnm3_hgsx']
[2023-11-21T16:20:18.971+0700] {standard_task_runner.py:85} INFO - Job 56: Subtask insert_seller
[2023-11-21T16:20:19.101+0700] {task_command.py:416} INFO - Running <TaskInstance: tiki-stg.insert_seller manual__2023-11-21T09:16:41.986153+00:00 [running]> on host DESKTOP-AN95RFH.
[2023-11-21T16:20:19.227+0700] {taskinstance.py:1662} INFO - Exporting env vars: AIRFLOW_CTX_DAG_OWNER='airflow' AIRFLOW_CTX_DAG_ID='tiki-stg' AIRFLOW_CTX_TASK_ID='insert_seller' AIRFLOW_CTX_EXECUTION_DATE='2023-11-21T09:16:41.986153+00:00' AIRFLOW_CTX_TRY_NUMBER='1' AIRFLOW_CTX_DAG_RUN_ID='manual__2023-11-21T09:16:41.986153+00:00'
[2023-11-21T16:20:19.228+0700] {sql.py:274} INFO - Executing: LOAD DATA INFILE "/home/thien/tiki/csv/sellers.csv" INTO TABLE seller FIELDS TERMINATED BY "," LINES TERMINATED BY "\n" IGNORE 1 ROWS;
[2023-11-21T16:20:19.237+0700] {base.py:73} INFO - Using connection ID 'tiki_conn' for task execution.
[2023-11-21T16:20:19.463+0700] {base.py:73} INFO - Using connection ID 'tiki_conn' for task execution.
[2023-11-21T16:20:19.490+0700] {sql.py:418} INFO - Running statement: LOAD DATA INFILE "/home/***/tiki/csv/sellers.csv" INTO TABLE seller FIELDS TERMINATED BY "," LINES TERMINATED BY "\n" IGNORE 1 ROWS;, parameters: None
[2023-11-21T16:20:19.494+0700] {taskinstance.py:1937} ERROR - Task failed with exception
Traceback (most recent call last):
  File "/usr/local/lib/python3.10/dist-packages/airflow/providers/common/sql/operators/sql.py", line 280, in execute
    output = hook.run(
  File "/usr/local/lib/python3.10/dist-packages/airflow/providers/common/sql/hooks/sql.py", line 392, in run
    self._run_command(cur, sql_statement, parameters)
  File "/usr/local/lib/python3.10/dist-packages/airflow/providers/common/sql/hooks/sql.py", line 423, in _run_command
    cur.execute(sql_statement)
  File "/usr/local/lib/python3.10/dist-packages/MySQLdb/cursors.py", line 179, in execute
    res = self._query(mogrified_query)
  File "/usr/local/lib/python3.10/dist-packages/MySQLdb/cursors.py", line 330, in _query
    db.query(q)
  File "/usr/local/lib/python3.10/dist-packages/MySQLdb/connections.py", line 255, in query
    _mysql.connection.query(self, query)
MySQLdb.OperationalError: (1290, 'The MySQL server is running with the --secure-file-priv option so it cannot execute this statement')
[2023-11-21T16:20:19.501+0700] {taskinstance.py:1400} INFO - Marking task as FAILED. dag_id=tiki-stg, task_id=insert_seller, execution_date=20231121T091641, start_date=20231121T092018, end_date=20231121T092019
[2023-11-21T16:20:19.525+0700] {standard_task_runner.py:104} ERROR - Failed to execute job 56 for task insert_seller ((1290, 'The MySQL server is running with the --secure-file-priv option so it cannot execute this statement'); 33176)
[2023-11-21T16:20:19.544+0700] {local_task_job_runner.py:228} INFO - Task exited with return code 1
[2023-11-21T16:20:19.577+0700] {taskinstance.py:2778} INFO - 0 downstream tasks scheduled from follow-on schedule check
